[2023-05-11T04:45:16.974+0000] {processor.py:156} INFO - Started process (PID=1250) to work on /opt/airflow/dags/scp_dag.py
[2023-05-11T04:45:16.978+0000] {processor.py:799} INFO - Processing file /opt/airflow/dags/scp_dag.py for tasks to queue
[2023-05-11T04:45:16.985+0000] {logging_mixin.py:149} INFO - [2023-05-11T04:45:16.985+0000] {dagbag.py:541} INFO - Filling up the DagBag from /opt/airflow/dags/scp_dag.py
[2023-05-11T04:45:17.024+0000] {processor.py:809} INFO - DAG(s) dict_keys(['scp_to_server']) retrieved from /opt/airflow/dags/scp_dag.py
[2023-05-11T04:45:17.230+0000] {logging_mixin.py:149} INFO - [2023-05-11T04:45:17.230+0000] {manager.py:504} INFO - Created Permission View: can read on DAG:scp_to_server
[2023-05-11T04:45:17.243+0000] {logging_mixin.py:149} INFO - [2023-05-11T04:45:17.242+0000] {manager.py:504} INFO - Created Permission View: can edit on DAG:scp_to_server
[2023-05-11T04:45:17.249+0000] {logging_mixin.py:149} INFO - [2023-05-11T04:45:17.249+0000] {manager.py:504} INFO - Created Permission View: can delete on DAG:scp_to_server
[2023-05-11T04:45:17.250+0000] {logging_mixin.py:149} INFO - [2023-05-11T04:45:17.250+0000] {dag.py:2726} INFO - Sync 1 DAGs
[2023-05-11T04:45:17.265+0000] {logging_mixin.py:149} INFO - [2023-05-11T04:45:17.264+0000] {dag.py:2747} INFO - Creating ORM DAG for scp_to_server
[2023-05-11T04:45:17.277+0000] {logging_mixin.py:149} INFO - [2023-05-11T04:45:17.277+0000] {dag.py:3490} INFO - Setting next_dagrun for scp_to_server to 2023-05-11T04:30:00+00:00, run_after=2023-05-11T04:40:00+00:00
[2023-05-11T04:45:17.297+0000] {processor.py:178} INFO - Processing /opt/airflow/dags/scp_dag.py took 0.332 seconds
[2023-05-11T04:45:47.669+0000] {processor.py:156} INFO - Started process (PID=1260) to work on /opt/airflow/dags/scp_dag.py
[2023-05-11T04:45:47.673+0000] {processor.py:799} INFO - Processing file /opt/airflow/dags/scp_dag.py for tasks to queue
[2023-05-11T04:45:47.680+0000] {logging_mixin.py:149} INFO - [2023-05-11T04:45:47.680+0000] {dagbag.py:541} INFO - Filling up the DagBag from /opt/airflow/dags/scp_dag.py
[2023-05-11T04:45:47.731+0000] {processor.py:809} INFO - DAG(s) dict_keys(['scp_to_server']) retrieved from /opt/airflow/dags/scp_dag.py
[2023-05-11T04:45:47.831+0000] {logging_mixin.py:149} INFO - [2023-05-11T04:45:47.831+0000] {dag.py:2726} INFO - Sync 1 DAGs
[2023-05-11T04:45:47.862+0000] {logging_mixin.py:149} INFO - [2023-05-11T04:45:47.862+0000] {dag.py:3490} INFO - Setting next_dagrun for scp_to_server to 2023-05-11T04:30:00+00:00, run_after=2023-05-11T04:40:00+00:00
[2023-05-11T04:45:47.882+0000] {processor.py:178} INFO - Processing /opt/airflow/dags/scp_dag.py took 0.220 seconds
[2023-05-11T04:46:18.267+0000] {processor.py:156} INFO - Started process (PID=1270) to work on /opt/airflow/dags/scp_dag.py
[2023-05-11T04:46:18.271+0000] {processor.py:799} INFO - Processing file /opt/airflow/dags/scp_dag.py for tasks to queue
[2023-05-11T04:46:18.273+0000] {logging_mixin.py:149} INFO - [2023-05-11T04:46:18.272+0000] {dagbag.py:541} INFO - Filling up the DagBag from /opt/airflow/dags/scp_dag.py
[2023-05-11T04:46:18.316+0000] {processor.py:809} INFO - DAG(s) dict_keys(['scp_to_server']) retrieved from /opt/airflow/dags/scp_dag.py
[2023-05-11T04:46:18.406+0000] {logging_mixin.py:149} INFO - [2023-05-11T04:46:18.406+0000] {dag.py:2726} INFO - Sync 1 DAGs
[2023-05-11T04:46:18.432+0000] {logging_mixin.py:149} INFO - [2023-05-11T04:46:18.432+0000] {dag.py:3490} INFO - Setting next_dagrun for scp_to_server to 2023-05-11T04:30:00+00:00, run_after=2023-05-11T04:40:00+00:00
[2023-05-11T04:46:18.450+0000] {processor.py:178} INFO - Processing /opt/airflow/dags/scp_dag.py took 0.191 seconds
[2023-05-11T04:46:48.826+0000] {processor.py:156} INFO - Started process (PID=1279) to work on /opt/airflow/dags/scp_dag.py
[2023-05-11T04:46:48.829+0000] {processor.py:799} INFO - Processing file /opt/airflow/dags/scp_dag.py for tasks to queue
[2023-05-11T04:46:48.831+0000] {logging_mixin.py:149} INFO - [2023-05-11T04:46:48.831+0000] {dagbag.py:541} INFO - Filling up the DagBag from /opt/airflow/dags/scp_dag.py
[2023-05-11T04:46:48.859+0000] {processor.py:809} INFO - DAG(s) dict_keys(['scp_to_server']) retrieved from /opt/airflow/dags/scp_dag.py
[2023-05-11T04:46:48.950+0000] {logging_mixin.py:149} INFO - [2023-05-11T04:46:48.950+0000] {dag.py:2726} INFO - Sync 1 DAGs
[2023-05-11T04:46:48.975+0000] {logging_mixin.py:149} INFO - [2023-05-11T04:46:48.975+0000] {dag.py:3490} INFO - Setting next_dagrun for scp_to_server to 2023-05-11T04:30:00+00:00, run_after=2023-05-11T04:40:00+00:00
[2023-05-11T04:46:48.994+0000] {processor.py:178} INFO - Processing /opt/airflow/dags/scp_dag.py took 0.176 seconds
[2023-05-11T04:47:19.419+0000] {processor.py:156} INFO - Started process (PID=1289) to work on /opt/airflow/dags/scp_dag.py
[2023-05-11T04:47:19.422+0000] {processor.py:799} INFO - Processing file /opt/airflow/dags/scp_dag.py for tasks to queue
[2023-05-11T04:47:19.424+0000] {logging_mixin.py:149} INFO - [2023-05-11T04:47:19.424+0000] {dagbag.py:541} INFO - Filling up the DagBag from /opt/airflow/dags/scp_dag.py
[2023-05-11T04:47:19.461+0000] {processor.py:809} INFO - DAG(s) dict_keys(['scp_to_server']) retrieved from /opt/airflow/dags/scp_dag.py
[2023-05-11T04:47:19.581+0000] {logging_mixin.py:149} INFO - [2023-05-11T04:47:19.581+0000] {dag.py:2726} INFO - Sync 1 DAGs
[2023-05-11T04:47:19.617+0000] {logging_mixin.py:149} INFO - [2023-05-11T04:47:19.617+0000] {dag.py:3490} INFO - Setting next_dagrun for scp_to_server to 2023-05-11T04:30:00+00:00, run_after=2023-05-11T04:40:00+00:00
[2023-05-11T04:47:19.649+0000] {processor.py:178} INFO - Processing /opt/airflow/dags/scp_dag.py took 0.239 seconds
[2023-05-11T04:47:50.012+0000] {processor.py:156} INFO - Started process (PID=1299) to work on /opt/airflow/dags/scp_dag.py
[2023-05-11T04:47:50.015+0000] {processor.py:799} INFO - Processing file /opt/airflow/dags/scp_dag.py for tasks to queue
[2023-05-11T04:47:50.017+0000] {logging_mixin.py:149} INFO - [2023-05-11T04:47:50.017+0000] {dagbag.py:541} INFO - Filling up the DagBag from /opt/airflow/dags/scp_dag.py
[2023-05-11T04:47:50.065+0000] {processor.py:809} INFO - DAG(s) dict_keys(['scp_to_server']) retrieved from /opt/airflow/dags/scp_dag.py
[2023-05-11T04:47:50.188+0000] {logging_mixin.py:149} INFO - [2023-05-11T04:47:50.188+0000] {dag.py:2726} INFO - Sync 1 DAGs
[2023-05-11T04:47:50.222+0000] {logging_mixin.py:149} INFO - [2023-05-11T04:47:50.221+0000] {dag.py:3490} INFO - Setting next_dagrun for scp_to_server to 2023-05-11T04:30:00+00:00, run_after=2023-05-11T04:40:00+00:00
[2023-05-11T04:47:50.244+0000] {processor.py:178} INFO - Processing /opt/airflow/dags/scp_dag.py took 0.241 seconds
[2023-05-11T04:48:20.607+0000] {processor.py:156} INFO - Started process (PID=1309) to work on /opt/airflow/dags/scp_dag.py
[2023-05-11T04:48:20.611+0000] {processor.py:799} INFO - Processing file /opt/airflow/dags/scp_dag.py for tasks to queue
[2023-05-11T04:48:20.614+0000] {logging_mixin.py:149} INFO - [2023-05-11T04:48:20.614+0000] {dagbag.py:541} INFO - Filling up the DagBag from /opt/airflow/dags/scp_dag.py
[2023-05-11T04:48:20.642+0000] {processor.py:809} INFO - DAG(s) dict_keys(['scp_to_server']) retrieved from /opt/airflow/dags/scp_dag.py
[2023-05-11T04:48:20.773+0000] {logging_mixin.py:149} INFO - [2023-05-11T04:48:20.773+0000] {dag.py:2726} INFO - Sync 1 DAGs
[2023-05-11T04:48:20.804+0000] {logging_mixin.py:149} INFO - [2023-05-11T04:48:20.804+0000] {dag.py:3490} INFO - Setting next_dagrun for scp_to_server to 2023-05-11T04:30:00+00:00, run_after=2023-05-11T04:40:00+00:00
[2023-05-11T04:48:20.824+0000] {processor.py:178} INFO - Processing /opt/airflow/dags/scp_dag.py took 0.224 seconds
[2023-05-11T04:48:51.196+0000] {processor.py:156} INFO - Started process (PID=1319) to work on /opt/airflow/dags/scp_dag.py
[2023-05-11T04:48:51.199+0000] {processor.py:799} INFO - Processing file /opt/airflow/dags/scp_dag.py for tasks to queue
[2023-05-11T04:48:51.200+0000] {logging_mixin.py:149} INFO - [2023-05-11T04:48:51.200+0000] {dagbag.py:541} INFO - Filling up the DagBag from /opt/airflow/dags/scp_dag.py
[2023-05-11T04:48:51.224+0000] {processor.py:809} INFO - DAG(s) dict_keys(['scp_to_server']) retrieved from /opt/airflow/dags/scp_dag.py
[2023-05-11T04:48:51.356+0000] {logging_mixin.py:149} INFO - [2023-05-11T04:48:51.356+0000] {dag.py:2726} INFO - Sync 1 DAGs
[2023-05-11T04:48:51.384+0000] {logging_mixin.py:149} INFO - [2023-05-11T04:48:51.384+0000] {dag.py:3490} INFO - Setting next_dagrun for scp_to_server to 2023-05-11T04:30:00+00:00, run_after=2023-05-11T04:40:00+00:00
[2023-05-11T04:48:51.404+0000] {processor.py:178} INFO - Processing /opt/airflow/dags/scp_dag.py took 0.218 seconds
[2023-05-11T04:49:21.829+0000] {processor.py:156} INFO - Started process (PID=1329) to work on /opt/airflow/dags/scp_dag.py
[2023-05-11T04:49:21.832+0000] {processor.py:799} INFO - Processing file /opt/airflow/dags/scp_dag.py for tasks to queue
[2023-05-11T04:49:21.833+0000] {logging_mixin.py:149} INFO - [2023-05-11T04:49:21.833+0000] {dagbag.py:541} INFO - Filling up the DagBag from /opt/airflow/dags/scp_dag.py
[2023-05-11T04:49:21.883+0000] {processor.py:809} INFO - DAG(s) dict_keys(['scp_to_server']) retrieved from /opt/airflow/dags/scp_dag.py
[2023-05-11T04:49:22.015+0000] {logging_mixin.py:149} INFO - [2023-05-11T04:49:22.015+0000] {dag.py:2726} INFO - Sync 1 DAGs
[2023-05-11T04:49:22.043+0000] {logging_mixin.py:149} INFO - [2023-05-11T04:49:22.043+0000] {dag.py:3490} INFO - Setting next_dagrun for scp_to_server to 2023-05-11T04:30:00+00:00, run_after=2023-05-11T04:40:00+00:00
[2023-05-11T04:49:22.063+0000] {processor.py:178} INFO - Processing /opt/airflow/dags/scp_dag.py took 0.241 seconds
[2023-05-11T04:49:52.574+0000] {processor.py:156} INFO - Started process (PID=1339) to work on /opt/airflow/dags/scp_dag.py
[2023-05-11T04:49:52.579+0000] {processor.py:799} INFO - Processing file /opt/airflow/dags/scp_dag.py for tasks to queue
[2023-05-11T04:49:52.582+0000] {logging_mixin.py:149} INFO - [2023-05-11T04:49:52.582+0000] {dagbag.py:541} INFO - Filling up the DagBag from /opt/airflow/dags/scp_dag.py
[2023-05-11T04:49:52.613+0000] {processor.py:809} INFO - DAG(s) dict_keys(['scp_to_server']) retrieved from /opt/airflow/dags/scp_dag.py
[2023-05-11T04:49:52.731+0000] {logging_mixin.py:149} INFO - [2023-05-11T04:49:52.731+0000] {dag.py:2726} INFO - Sync 1 DAGs
[2023-05-11T04:49:52.766+0000] {logging_mixin.py:149} INFO - [2023-05-11T04:49:52.766+0000] {dag.py:3490} INFO - Setting next_dagrun for scp_to_server to 2023-05-11T04:30:00+00:00, run_after=2023-05-11T04:40:00+00:00
[2023-05-11T04:49:52.789+0000] {processor.py:178} INFO - Processing /opt/airflow/dags/scp_dag.py took 0.223 seconds
[2023-05-11T04:50:23.191+0000] {processor.py:156} INFO - Started process (PID=1349) to work on /opt/airflow/dags/scp_dag.py
[2023-05-11T04:50:23.194+0000] {processor.py:799} INFO - Processing file /opt/airflow/dags/scp_dag.py for tasks to queue
[2023-05-11T04:50:23.196+0000] {logging_mixin.py:149} INFO - [2023-05-11T04:50:23.196+0000] {dagbag.py:541} INFO - Filling up the DagBag from /opt/airflow/dags/scp_dag.py
[2023-05-11T04:50:23.237+0000] {processor.py:809} INFO - DAG(s) dict_keys(['scp_to_server']) retrieved from /opt/airflow/dags/scp_dag.py
[2023-05-11T04:50:23.365+0000] {logging_mixin.py:149} INFO - [2023-05-11T04:50:23.364+0000] {dag.py:2726} INFO - Sync 1 DAGs
[2023-05-11T04:50:23.402+0000] {logging_mixin.py:149} INFO - [2023-05-11T04:50:23.402+0000] {dag.py:3490} INFO - Setting next_dagrun for scp_to_server to 2023-05-11T04:40:00+00:00, run_after=2023-05-11T04:50:00+00:00
[2023-05-11T04:50:23.423+0000] {processor.py:178} INFO - Processing /opt/airflow/dags/scp_dag.py took 0.239 seconds
[2023-05-11T04:50:53.828+0000] {processor.py:156} INFO - Started process (PID=1359) to work on /opt/airflow/dags/scp_dag.py
[2023-05-11T04:50:53.831+0000] {processor.py:799} INFO - Processing file /opt/airflow/dags/scp_dag.py for tasks to queue
[2023-05-11T04:50:53.833+0000] {logging_mixin.py:149} INFO - [2023-05-11T04:50:53.832+0000] {dagbag.py:541} INFO - Filling up the DagBag from /opt/airflow/dags/scp_dag.py
[2023-05-11T04:50:53.862+0000] {processor.py:809} INFO - DAG(s) dict_keys(['scp_to_server']) retrieved from /opt/airflow/dags/scp_dag.py
[2023-05-11T04:50:53.982+0000] {logging_mixin.py:149} INFO - [2023-05-11T04:50:53.982+0000] {dag.py:2726} INFO - Sync 1 DAGs
[2023-05-11T04:50:54.011+0000] {logging_mixin.py:149} INFO - [2023-05-11T04:50:54.011+0000] {dag.py:3490} INFO - Setting next_dagrun for scp_to_server to 2023-05-11T04:40:00+00:00, run_after=2023-05-11T04:50:00+00:00
[2023-05-11T04:50:54.031+0000] {processor.py:178} INFO - Processing /opt/airflow/dags/scp_dag.py took 0.212 seconds
[2023-05-11T04:51:24.421+0000] {processor.py:156} INFO - Started process (PID=1369) to work on /opt/airflow/dags/scp_dag.py
[2023-05-11T04:51:24.424+0000] {processor.py:799} INFO - Processing file /opt/airflow/dags/scp_dag.py for tasks to queue
[2023-05-11T04:51:24.425+0000] {logging_mixin.py:149} INFO - [2023-05-11T04:51:24.425+0000] {dagbag.py:541} INFO - Filling up the DagBag from /opt/airflow/dags/scp_dag.py
[2023-05-11T04:51:24.452+0000] {processor.py:809} INFO - DAG(s) dict_keys(['scp_to_server']) retrieved from /opt/airflow/dags/scp_dag.py
[2023-05-11T04:51:24.597+0000] {logging_mixin.py:149} INFO - [2023-05-11T04:51:24.597+0000] {dag.py:2726} INFO - Sync 1 DAGs
[2023-05-11T04:51:24.625+0000] {logging_mixin.py:149} INFO - [2023-05-11T04:51:24.625+0000] {dag.py:3490} INFO - Setting next_dagrun for scp_to_server to 2023-05-11T04:40:00+00:00, run_after=2023-05-11T04:50:00+00:00
[2023-05-11T04:51:24.644+0000] {processor.py:178} INFO - Processing /opt/airflow/dags/scp_dag.py took 0.231 seconds
[2023-05-11T04:51:55.080+0000] {processor.py:156} INFO - Started process (PID=1379) to work on /opt/airflow/dags/scp_dag.py
[2023-05-11T04:51:55.083+0000] {processor.py:799} INFO - Processing file /opt/airflow/dags/scp_dag.py for tasks to queue
[2023-05-11T04:51:55.090+0000] {logging_mixin.py:149} INFO - [2023-05-11T04:51:55.090+0000] {dagbag.py:541} INFO - Filling up the DagBag from /opt/airflow/dags/scp_dag.py
[2023-05-11T04:51:55.127+0000] {processor.py:809} INFO - DAG(s) dict_keys(['scp_to_server']) retrieved from /opt/airflow/dags/scp_dag.py
[2023-05-11T04:51:55.253+0000] {logging_mixin.py:149} INFO - [2023-05-11T04:51:55.253+0000] {dag.py:2726} INFO - Sync 1 DAGs
[2023-05-11T04:51:55.282+0000] {logging_mixin.py:149} INFO - [2023-05-11T04:51:55.282+0000] {dag.py:3490} INFO - Setting next_dagrun for scp_to_server to 2023-05-11T04:40:00+00:00, run_after=2023-05-11T04:50:00+00:00
[2023-05-11T04:51:55.302+0000] {processor.py:178} INFO - Processing /opt/airflow/dags/scp_dag.py took 0.231 seconds
[2023-05-11T04:52:25.664+0000] {processor.py:156} INFO - Started process (PID=1389) to work on /opt/airflow/dags/scp_dag.py
[2023-05-11T04:52:25.667+0000] {processor.py:799} INFO - Processing file /opt/airflow/dags/scp_dag.py for tasks to queue
[2023-05-11T04:52:25.670+0000] {logging_mixin.py:149} INFO - [2023-05-11T04:52:25.670+0000] {dagbag.py:541} INFO - Filling up the DagBag from /opt/airflow/dags/scp_dag.py
[2023-05-11T04:52:25.719+0000] {processor.py:809} INFO - DAG(s) dict_keys(['scp_to_server']) retrieved from /opt/airflow/dags/scp_dag.py
[2023-05-11T04:52:25.858+0000] {logging_mixin.py:149} INFO - [2023-05-11T04:52:25.857+0000] {dag.py:2726} INFO - Sync 1 DAGs
[2023-05-11T04:52:25.890+0000] {logging_mixin.py:149} INFO - [2023-05-11T04:52:25.890+0000] {dag.py:3490} INFO - Setting next_dagrun for scp_to_server to 2023-05-11T04:40:00+00:00, run_after=2023-05-11T04:50:00+00:00
[2023-05-11T04:52:25.915+0000] {processor.py:178} INFO - Processing /opt/airflow/dags/scp_dag.py took 0.259 seconds
[2023-05-11T04:52:56.152+0000] {processor.py:156} INFO - Started process (PID=1400) to work on /opt/airflow/dags/scp_dag.py
[2023-05-11T04:52:56.160+0000] {processor.py:799} INFO - Processing file /opt/airflow/dags/scp_dag.py for tasks to queue
[2023-05-11T04:52:56.165+0000] {logging_mixin.py:149} INFO - [2023-05-11T04:52:56.165+0000] {dagbag.py:541} INFO - Filling up the DagBag from /opt/airflow/dags/scp_dag.py
[2023-05-11T04:52:56.209+0000] {processor.py:809} INFO - DAG(s) dict_keys(['scp_to_server']) retrieved from /opt/airflow/dags/scp_dag.py
[2023-05-11T04:52:56.303+0000] {logging_mixin.py:149} INFO - [2023-05-11T04:52:56.303+0000] {dag.py:2726} INFO - Sync 1 DAGs
[2023-05-11T04:52:56.330+0000] {logging_mixin.py:149} INFO - [2023-05-11T04:52:56.330+0000] {dag.py:3490} INFO - Setting next_dagrun for scp_to_server to 2023-05-11T04:50:00+00:00, run_after=2023-05-11T05:00:00+00:00
[2023-05-11T04:52:56.351+0000] {processor.py:178} INFO - Processing /opt/airflow/dags/scp_dag.py took 0.226 seconds
[2023-05-11T04:53:26.702+0000] {processor.py:156} INFO - Started process (PID=1410) to work on /opt/airflow/dags/scp_dag.py
[2023-05-11T04:53:26.707+0000] {processor.py:799} INFO - Processing file /opt/airflow/dags/scp_dag.py for tasks to queue
[2023-05-11T04:53:26.708+0000] {logging_mixin.py:149} INFO - [2023-05-11T04:53:26.708+0000] {dagbag.py:541} INFO - Filling up the DagBag from /opt/airflow/dags/scp_dag.py
[2023-05-11T04:53:26.737+0000] {processor.py:809} INFO - DAG(s) dict_keys(['scp_to_server']) retrieved from /opt/airflow/dags/scp_dag.py
[2023-05-11T04:53:26.827+0000] {logging_mixin.py:149} INFO - [2023-05-11T04:53:26.827+0000] {dag.py:2726} INFO - Sync 1 DAGs
[2023-05-11T04:53:26.866+0000] {logging_mixin.py:149} INFO - [2023-05-11T04:53:26.865+0000] {dag.py:3490} INFO - Setting next_dagrun for scp_to_server to 2023-05-11T04:50:00+00:00, run_after=2023-05-11T05:00:00+00:00
[2023-05-11T04:53:26.888+0000] {processor.py:178} INFO - Processing /opt/airflow/dags/scp_dag.py took 0.203 seconds
[2023-05-11T04:54:51.388+0000] {processor.py:156} INFO - Started process (PID=1438) to work on /opt/airflow/dags/scp_dag.py
[2023-05-11T04:54:51.391+0000] {processor.py:799} INFO - Processing file /opt/airflow/dags/scp_dag.py for tasks to queue
[2023-05-11T04:54:51.393+0000] {logging_mixin.py:149} INFO - [2023-05-11T04:54:51.392+0000] {dagbag.py:541} INFO - Filling up the DagBag from /opt/airflow/dags/scp_dag.py
[2023-05-11T04:54:51.394+0000] {processor.py:811} WARNING - No viable dags retrieved from /opt/airflow/dags/scp_dag.py
[2023-05-11T04:54:51.414+0000] {processor.py:708} INFO - Not executing DagCallbackRequest callback for file /opt/airflow/dags/scp_dag.py as there was a dag parse error
[2023-05-11T04:54:51.416+0000] {processor.py:178} INFO - Processing /opt/airflow/dags/scp_dag.py took 0.034 seconds
