[2023-05-11T06:07:14.327+0000] {taskinstance.py:1125} INFO - Dependencies all met for dep_context=non-requeueable deps ti=<TaskInstance: scp_dag.scp_to_server manual__2023-05-11T05:58:50.212744+00:00 [queued]>
[2023-05-11T06:07:14.336+0000] {taskinstance.py:1125} INFO - Dependencies all met for dep_context=requeueable deps ti=<TaskInstance: scp_dag.scp_to_server manual__2023-05-11T05:58:50.212744+00:00 [queued]>
[2023-05-11T06:07:14.337+0000] {taskinstance.py:1331} INFO - Starting attempt 3 of 4
[2023-05-11T06:07:14.351+0000] {taskinstance.py:1350} INFO - Executing <Task(BashOperator): scp_to_server> on 2023-05-11 05:58:50.212744+00:00
[2023-05-11T06:07:14.357+0000] {standard_task_runner.py:57} INFO - Started process 2918 to run task
[2023-05-11T06:07:14.362+0000] {standard_task_runner.py:84} INFO - Running: ['***', 'tasks', 'run', 'scp_dag', 'scp_to_server', 'manual__2023-05-11T05:58:50.212744+00:00', '--job-id', '170', '--raw', '--subdir', 'DAGS_FOLDER/scp.py', '--cfg-path', '/tmp/tmps52n3_su']
[2023-05-11T06:07:14.363+0000] {standard_task_runner.py:85} INFO - Job 170: Subtask scp_to_server
[2023-05-11T06:07:14.422+0000] {task_command.py:410} INFO - Running <TaskInstance: scp_dag.scp_to_server manual__2023-05-11T05:58:50.212744+00:00 [running]> on host b06a232a05e5
[2023-05-11T06:07:14.505+0000] {taskinstance.py:1570} INFO - Exporting env vars: AIRFLOW_CTX_DAG_EMAIL='***@example.com' AIRFLOW_CTX_DAG_OWNER='***' AIRFLOW_CTX_DAG_ID='scp_dag' AIRFLOW_CTX_TASK_ID='scp_to_server' AIRFLOW_CTX_EXECUTION_DATE='2023-05-11T05:58:50.212744+00:00' AIRFLOW_CTX_TRY_NUMBER='3' AIRFLOW_CTX_DAG_RUN_ID='manual__2023-05-11T05:58:50.212744+00:00'
[2023-05-11T06:07:14.507+0000] {subprocess.py:63} INFO - Tmp dir root location: 
 /tmp
[2023-05-11T06:07:14.508+0000] {subprocess.py:75} INFO - Running command: ['/bin/bash', '-c', ' \nwhoami\npwd\nscp -i /opt/***/dags/ssh_keys/3-mar-2023-N.Virginia.pem /opt/***/dags/dbbackup.sh ubuntu@107.23.137.161:/home/ubuntu']
[2023-05-11T06:07:14.520+0000] {subprocess.py:86} INFO - Output:
[2023-05-11T06:07:14.527+0000] {subprocess.py:93} INFO - default
[2023-05-11T06:07:14.527+0000] {subprocess.py:93} INFO - /tmp/***tmp53kmd56t
[2023-05-11T06:07:15.704+0000] {subprocess.py:93} INFO - Host key verification failed.
[2023-05-11T06:07:15.722+0000] {subprocess.py:93} INFO - lost connection
[2023-05-11T06:07:15.728+0000] {subprocess.py:97} INFO - Command exited with return code 1
[2023-05-11T06:07:15.845+0000] {taskinstance.py:1847} ERROR - Task failed with exception
Traceback (most recent call last):
  File "/home/airflow/.local/lib/python3.7/site-packages/airflow/operators/bash.py", line 211, in execute
    f"Bash command failed. The command returned a non-zero exit code {result.exit_code}."
airflow.exceptions.AirflowException: Bash command failed. The command returned a non-zero exit code 1.
[2023-05-11T06:07:15.896+0000] {taskinstance.py:1373} INFO - Marking task as UP_FOR_RETRY. dag_id=scp_dag, task_id=scp_to_server, execution_date=20230511T055850, start_date=20230511T060714, end_date=20230511T060715
[2023-05-11T06:07:15.955+0000] {standard_task_runner.py:109} ERROR - Failed to execute job 170 for task scp_to_server (Bash command failed. The command returned a non-zero exit code 1.; 2918)
[2023-05-11T06:07:15.990+0000] {local_task_job_runner.py:232} INFO - Task exited with return code 1
[2023-05-11T06:07:16.041+0000] {taskinstance.py:2674} INFO - 0 downstream tasks scheduled from follow-on schedule check
