[2023-05-11T05:58:51.216+0000] {taskinstance.py:1125} INFO - Dependencies all met for dep_context=non-requeueable deps ti=<TaskInstance: scp_dag.scp_to_server manual__2023-05-11T05:58:50.212744+00:00 [queued]>
[2023-05-11T05:58:51.226+0000] {taskinstance.py:1125} INFO - Dependencies all met for dep_context=requeueable deps ti=<TaskInstance: scp_dag.scp_to_server manual__2023-05-11T05:58:50.212744+00:00 [queued]>
[2023-05-11T05:58:51.226+0000] {taskinstance.py:1331} INFO - Starting attempt 1 of 2
[2023-05-11T05:58:51.239+0000] {taskinstance.py:1350} INFO - Executing <Task(BashOperator): scp_to_server> on 2023-05-11 05:58:50.212744+00:00
[2023-05-11T05:58:51.247+0000] {standard_task_runner.py:57} INFO - Started process 2745 to run task
[2023-05-11T05:58:51.252+0000] {standard_task_runner.py:84} INFO - Running: ['***', 'tasks', 'run', 'scp_dag', 'scp_to_server', 'manual__2023-05-11T05:58:50.212744+00:00', '--job-id', '164', '--raw', '--subdir', 'DAGS_FOLDER/scp.py', '--cfg-path', '/tmp/tmpw9kmwkv0']
[2023-05-11T05:58:51.253+0000] {standard_task_runner.py:85} INFO - Job 164: Subtask scp_to_server
[2023-05-11T05:58:51.333+0000] {task_command.py:410} INFO - Running <TaskInstance: scp_dag.scp_to_server manual__2023-05-11T05:58:50.212744+00:00 [running]> on host b06a232a05e5
[2023-05-11T05:58:51.435+0000] {taskinstance.py:1570} INFO - Exporting env vars: AIRFLOW_CTX_DAG_EMAIL='***@example.com' AIRFLOW_CTX_DAG_OWNER='***' AIRFLOW_CTX_DAG_ID='scp_dag' AIRFLOW_CTX_TASK_ID='scp_to_server' AIRFLOW_CTX_EXECUTION_DATE='2023-05-11T05:58:50.212744+00:00' AIRFLOW_CTX_TRY_NUMBER='1' AIRFLOW_CTX_DAG_RUN_ID='manual__2023-05-11T05:58:50.212744+00:00'
[2023-05-11T05:58:51.445+0000] {subprocess.py:63} INFO - Tmp dir root location: 
 /tmp
[2023-05-11T05:58:51.448+0000] {subprocess.py:75} INFO - Running command: ['/bin/bash', '-c', ' \nwhoami\npwd\nscp -i /Users/archanakarpe/Documents/saraff/MongoConnectionDags/dags/ssh_keys/3-mar-2023-N.Virginia.pem /Users/archanakarpe/Documents/saraff/MongoConnectionDags/dags/dbbackup.sh ubuntu@107.23.137.161:/home/ubuntu']
[2023-05-11T05:58:51.478+0000] {subprocess.py:86} INFO - Output:
[2023-05-11T05:58:51.487+0000] {subprocess.py:93} INFO - default
[2023-05-11T05:58:51.489+0000] {subprocess.py:93} INFO - /tmp/***tmp63tiwuhi
[2023-05-11T05:58:51.503+0000] {subprocess.py:93} INFO - Warning: Identity file /Users/archanakarpe/Documents/saraff/MongoConnectionDags/dags/ssh_keys/3-mar-2023-N.Virginia.pem not accessible: No such file or directory.
[2023-05-11T05:58:52.731+0000] {subprocess.py:93} INFO - Host key verification failed.
[2023-05-11T05:58:52.735+0000] {subprocess.py:93} INFO - lost connection
[2023-05-11T05:58:52.738+0000] {subprocess.py:97} INFO - Command exited with return code 1
[2023-05-11T05:58:52.771+0000] {taskinstance.py:1847} ERROR - Task failed with exception
Traceback (most recent call last):
  File "/home/airflow/.local/lib/python3.7/site-packages/airflow/operators/bash.py", line 211, in execute
    f"Bash command failed. The command returned a non-zero exit code {result.exit_code}."
airflow.exceptions.AirflowException: Bash command failed. The command returned a non-zero exit code 1.
[2023-05-11T05:58:52.778+0000] {taskinstance.py:1373} INFO - Marking task as UP_FOR_RETRY. dag_id=scp_dag, task_id=scp_to_server, execution_date=20230511T055850, start_date=20230511T055851, end_date=20230511T055852
[2023-05-11T05:58:52.794+0000] {standard_task_runner.py:109} ERROR - Failed to execute job 164 for task scp_to_server (Bash command failed. The command returned a non-zero exit code 1.; 2745)
[2023-05-11T05:58:52.818+0000] {local_task_job_runner.py:232} INFO - Task exited with return code 1
[2023-05-11T05:58:52.838+0000] {taskinstance.py:2674} INFO - 0 downstream tasks scheduled from follow-on schedule check
