[2023-05-11T08:59:45.272+0000] {taskinstance.py:1125} INFO - Dependencies all met for dep_context=non-requeueable deps ti=<TaskInstance: scp_dag.scp_to_server scheduled__2023-05-11T08:40:00+00:00 [queued]>
[2023-05-11T08:59:45.283+0000] {taskinstance.py:1125} INFO - Dependencies all met for dep_context=requeueable deps ti=<TaskInstance: scp_dag.scp_to_server scheduled__2023-05-11T08:40:00+00:00 [queued]>
[2023-05-11T08:59:45.284+0000] {taskinstance.py:1331} INFO - Starting attempt 1 of 2
[2023-05-11T08:59:45.301+0000] {taskinstance.py:1350} INFO - Executing <Task(BashOperator): scp_to_server> on 2023-05-11 08:40:00+00:00
[2023-05-11T08:59:45.316+0000] {standard_task_runner.py:57} INFO - Started process 3647 to run task
[2023-05-11T08:59:45.322+0000] {standard_task_runner.py:84} INFO - Running: ['***', 'tasks', 'run', 'scp_dag', 'scp_to_server', 'scheduled__2023-05-11T08:40:00+00:00', '--job-id', '228', '--raw', '--subdir', 'DAGS_FOLDER/scp.py', '--cfg-path', '/tmp/tmpt5ysa571']
[2023-05-11T08:59:45.324+0000] {standard_task_runner.py:85} INFO - Job 228: Subtask scp_to_server
[2023-05-11T08:59:45.400+0000] {task_command.py:410} INFO - Running <TaskInstance: scp_dag.scp_to_server scheduled__2023-05-11T08:40:00+00:00 [running]> on host b06a232a05e5
[2023-05-11T08:59:45.512+0000] {taskinstance.py:1570} INFO - Exporting env vars: AIRFLOW_CTX_DAG_EMAIL='***@example.com' AIRFLOW_CTX_DAG_OWNER='***' AIRFLOW_CTX_DAG_ID='scp_dag' AIRFLOW_CTX_TASK_ID='scp_to_server' AIRFLOW_CTX_EXECUTION_DATE='2023-05-11T08:40:00+00:00' AIRFLOW_CTX_TRY_NUMBER='1' AIRFLOW_CTX_DAG_RUN_ID='scheduled__2023-05-11T08:40:00+00:00'
[2023-05-11T08:59:45.515+0000] {subprocess.py:63} INFO - Tmp dir root location: 
 /tmp
[2023-05-11T08:59:45.517+0000] {subprocess.py:75} INFO - Running command: ['/bin/bash', '-c', ' \nscp -o StrictHostKeyChecking=No -i /opt/***/dags/ssh_keys/3-mar-2023-N.Virginia.pem /opt/***/dags/dbbackup.sh ubuntu@107.23.137.161:/home/ubuntu']
[2023-05-11T08:59:45.535+0000] {subprocess.py:86} INFO - Output:
[2023-05-11T09:01:48.269+0000] {local_task_job_runner.py:292} WARNING - DagRun timed out after 0:02:05.059525.
[2023-05-11T09:01:53.368+0000] {local_task_job_runner.py:292} WARNING - DagRun timed out after 0:02:10.158952.
[2023-05-11T09:01:53.372+0000] {local_task_job_runner.py:299} WARNING - State of this instance has been externally set to skipped. Terminating instance.
[2023-05-11T09:01:53.387+0000] {process_utils.py:135} INFO - Sending Signals.SIGTERM to group 3647. PIDs of all processes in the group: [3649, 3650, 3647]
[2023-05-11T09:01:53.389+0000] {process_utils.py:86} INFO - Sending the signal Signals.SIGTERM to group 3647
[2023-05-11T09:01:53.400+0000] {taskinstance.py:1540} ERROR - Received SIGTERM. Terminating subprocesses.
[2023-05-11T09:01:53.405+0000] {subprocess.py:104} INFO - Sending SIGTERM signal to process group
[2023-05-11T09:01:53.570+0000] {process_utils.py:79} INFO - Process psutil.Process(pid=3649, status='terminated', started='08:59:45') (3649) terminated with exit code None
[2023-05-11T09:01:53.572+0000] {process_utils.py:79} INFO - Process psutil.Process(pid=3650, status='terminated', started='08:59:45') (3650) terminated with exit code None
[2023-05-11T09:01:53.575+0000] {process_utils.py:79} INFO - Process psutil.Process(pid=3647, status='terminated', exitcode=0, started='08:59:45') (3647) terminated with exit code 0
