[2023-05-11T09:00:02.565+0000] {taskinstance.py:1125} INFO - Dependencies all met for dep_context=non-requeueable deps ti=<TaskInstance: Mongodb_backup.scp_to_server scheduled__2023-05-11T08:50:00+00:00 [queued]>
[2023-05-11T09:00:02.594+0000] {taskinstance.py:1125} INFO - Dependencies all met for dep_context=requeueable deps ti=<TaskInstance: Mongodb_backup.scp_to_server scheduled__2023-05-11T08:50:00+00:00 [queued]>
[2023-05-11T09:00:02.599+0000] {taskinstance.py:1331} INFO - Starting attempt 1 of 2
[2023-05-11T09:00:02.699+0000] {taskinstance.py:1350} INFO - Executing <Task(BashOperator): scp_to_server> on 2023-05-11 08:50:00+00:00
[2023-05-11T09:00:02.723+0000] {standard_task_runner.py:57} INFO - Started process 3664 to run task
[2023-05-11T09:00:02.747+0000] {standard_task_runner.py:84} INFO - Running: ['***', 'tasks', 'run', 'Mongodb_backup', 'scp_to_server', 'scheduled__2023-05-11T08:50:00+00:00', '--job-id', '230', '--raw', '--subdir', 'DAGS_FOLDER/dagforbackup.py', '--cfg-path', '/tmp/tmp0fcpv1ob']
[2023-05-11T09:00:02.754+0000] {standard_task_runner.py:85} INFO - Job 230: Subtask scp_to_server
[2023-05-11T09:00:03.005+0000] {task_command.py:410} INFO - Running <TaskInstance: Mongodb_backup.scp_to_server scheduled__2023-05-11T08:50:00+00:00 [running]> on host b06a232a05e5
[2023-05-11T09:00:03.365+0000] {taskinstance.py:1570} INFO - Exporting env vars: AIRFLOW_CTX_DAG_EMAIL='***@example.com' AIRFLOW_CTX_DAG_OWNER='***' AIRFLOW_CTX_DAG_ID='Mongodb_backup' AIRFLOW_CTX_TASK_ID='scp_to_server' AIRFLOW_CTX_EXECUTION_DATE='2023-05-11T08:50:00+00:00' AIRFLOW_CTX_TRY_NUMBER='1' AIRFLOW_CTX_DAG_RUN_ID='scheduled__2023-05-11T08:50:00+00:00'
[2023-05-11T09:00:03.372+0000] {subprocess.py:63} INFO - Tmp dir root location: 
 /tmp
[2023-05-11T09:00:03.385+0000] {subprocess.py:75} INFO - Running command: ['/bin/bash', '-c', ' \nscp -o StrictHostKeyChecking=No -i /opt/***/dags/ssh_keys/3-mar-2023-N.Virginia.pem /opt/***/dags/dbbackup.sh ubuntu@107.23.137.161:/home/ubuntu']
[2023-05-11T09:00:03.427+0000] {subprocess.py:86} INFO - Output:
[2023-05-11T09:02:07.368+0000] {local_task_job_runner.py:292} WARNING - DagRun timed out after 0:02:06.486238.
[2023-05-11T09:02:12.495+0000] {local_task_job_runner.py:292} WARNING - DagRun timed out after 0:02:11.616713.
[2023-05-11T09:02:12.501+0000] {local_task_job_runner.py:299} WARNING - State of this instance has been externally set to skipped. Terminating instance.
[2023-05-11T09:02:12.507+0000] {process_utils.py:135} INFO - Sending Signals.SIGTERM to group 3664. PIDs of all processes in the group: [3666, 3667, 3664]
[2023-05-11T09:02:12.511+0000] {process_utils.py:86} INFO - Sending the signal Signals.SIGTERM to group 3664
[2023-05-11T09:02:12.522+0000] {taskinstance.py:1540} ERROR - Received SIGTERM. Terminating subprocesses.
[2023-05-11T09:02:12.537+0000] {subprocess.py:104} INFO - Sending SIGTERM signal to process group
[2023-05-11T09:02:12.851+0000] {process_utils.py:79} INFO - Process psutil.Process(pid=3666, status='terminated', started='09:00:03') (3666) terminated with exit code None
[2023-05-11T09:02:12.855+0000] {process_utils.py:79} INFO - Process psutil.Process(pid=3667, status='terminated', started='09:00:03') (3667) terminated with exit code None
[2023-05-11T09:02:12.857+0000] {process_utils.py:79} INFO - Process psutil.Process(pid=3664, status='terminated', exitcode=0, started='09:00:02') (3664) terminated with exit code 0
