[2023-05-10T01:12:50.354+0000] {processor.py:156} INFO - Started process (PID=12052) to work on /home/airflow/.local/lib/python3.7/site-packages/airflow/example_dags/example_external_task_marker_dag.py
[2023-05-10T01:12:50.372+0000] {processor.py:799} INFO - Processing file /home/airflow/.local/lib/python3.7/site-packages/airflow/example_dags/example_external_task_marker_dag.py for tasks to queue
[2023-05-10T01:12:50.387+0000] {logging_mixin.py:149} INFO - [2023-05-10T01:12:50.385+0000] {dagbag.py:541} INFO - Filling up the DagBag from /home/airflow/.local/lib/python3.7/site-packages/airflow/example_dags/example_external_task_marker_dag.py
[2023-05-10T01:12:50.745+0000] {processor.py:809} INFO - DAG(s) dict_keys(['example_external_task_marker_child', 'example_external_task_marker_parent']) retrieved from /home/airflow/.local/lib/python3.7/site-packages/airflow/example_dags/example_external_task_marker_dag.py
[2023-05-10T02:02:55.475+0000] {logging_mixin.py:149} INFO - [2023-05-10T02:02:55.405+0000] {dag.py:2726} INFO - Sync 2 DAGs
[2023-05-10T02:02:59.803+0000] {logging_mixin.py:149} INFO - [2023-05-10T02:02:59.701+0000] {dag.py:3490} INFO - Setting next_dagrun for example_external_task_marker_child to None, run_after=None
[2023-05-10T02:02:59.891+0000] {logging_mixin.py:149} INFO - [2023-05-10T02:02:59.884+0000] {dag.py:3490} INFO - Setting next_dagrun for example_external_task_marker_parent to None, run_after=None
[2023-05-10T04:02:12.886+0000] {processor.py:156} INFO - Started process (PID=12153) to work on /home/airflow/.local/lib/python3.7/site-packages/airflow/example_dags/example_external_task_marker_dag.py
[2023-05-10T04:02:13.021+0000] {processor.py:799} INFO - Processing file /home/airflow/.local/lib/python3.7/site-packages/airflow/example_dags/example_external_task_marker_dag.py for tasks to queue
[2023-05-10T04:02:13.076+0000] {logging_mixin.py:149} INFO - [2023-05-10T04:02:13.075+0000] {dagbag.py:541} INFO - Filling up the DagBag from /home/airflow/.local/lib/python3.7/site-packages/airflow/example_dags/example_external_task_marker_dag.py
[2023-05-10T04:02:14.228+0000] {processor.py:809} INFO - DAG(s) dict_keys(['example_external_task_marker_parent', 'example_external_task_marker_child']) retrieved from /home/airflow/.local/lib/python3.7/site-packages/airflow/example_dags/example_external_task_marker_dag.py
[2023-05-10T04:02:27.869+0000] {logging_mixin.py:149} INFO - [2023-05-10T04:02:27.712+0000] {dag.py:2726} INFO - Sync 2 DAGs
[2023-05-10T04:02:29.938+0000] {logging_mixin.py:149} INFO - [2023-05-10T04:02:29.937+0000] {dag.py:3490} INFO - Setting next_dagrun for example_external_task_marker_child to None, run_after=None
[2023-05-10T04:02:29.993+0000] {logging_mixin.py:149} INFO - [2023-05-10T04:02:29.992+0000] {dag.py:3490} INFO - Setting next_dagrun for example_external_task_marker_parent to None, run_after=None
[2023-05-10T04:02:30.902+0000] {processor.py:178} INFO - Processing /home/airflow/.local/lib/python3.7/site-packages/airflow/example_dags/example_external_task_marker_dag.py took 18.469 seconds
[2023-05-10T04:07:43.121+0000] {processor.py:156} INFO - Started process (PID=12267) to work on /home/airflow/.local/lib/python3.7/site-packages/airflow/example_dags/example_external_task_marker_dag.py
[2023-05-10T04:07:43.128+0000] {processor.py:799} INFO - Processing file /home/airflow/.local/lib/python3.7/site-packages/airflow/example_dags/example_external_task_marker_dag.py for tasks to queue
[2023-05-10T04:07:43.141+0000] {logging_mixin.py:149} INFO - [2023-05-10T04:07:43.138+0000] {dagbag.py:541} INFO - Filling up the DagBag from /home/airflow/.local/lib/python3.7/site-packages/airflow/example_dags/example_external_task_marker_dag.py
[2023-05-10T04:07:43.386+0000] {processor.py:809} INFO - DAG(s) dict_keys(['example_external_task_marker_parent', 'example_external_task_marker_child']) retrieved from /home/airflow/.local/lib/python3.7/site-packages/airflow/example_dags/example_external_task_marker_dag.py
[2023-05-10T04:07:44.967+0000] {logging_mixin.py:149} INFO - [2023-05-10T04:07:44.964+0000] {dag.py:2726} INFO - Sync 2 DAGs
[2023-05-10T04:07:45.457+0000] {logging_mixin.py:149} INFO - [2023-05-10T04:07:45.456+0000] {dag.py:3490} INFO - Setting next_dagrun for example_external_task_marker_child to None, run_after=None
[2023-05-10T04:07:45.510+0000] {logging_mixin.py:149} INFO - [2023-05-10T04:07:45.509+0000] {dag.py:3490} INFO - Setting next_dagrun for example_external_task_marker_parent to None, run_after=None
[2023-05-10T04:07:45.772+0000] {processor.py:178} INFO - Processing /home/airflow/.local/lib/python3.7/site-packages/airflow/example_dags/example_external_task_marker_dag.py took 2.675 seconds
[2023-05-10T04:09:43.974+0000] {processor.py:156} INFO - Started process (PID=12320) to work on /home/airflow/.local/lib/python3.7/site-packages/airflow/example_dags/example_external_task_marker_dag.py
[2023-05-10T04:09:44.080+0000] {processor.py:799} INFO - Processing file /home/airflow/.local/lib/python3.7/site-packages/airflow/example_dags/example_external_task_marker_dag.py for tasks to queue
[2023-05-10T04:09:44.174+0000] {logging_mixin.py:149} INFO - [2023-05-10T04:09:44.165+0000] {dagbag.py:541} INFO - Filling up the DagBag from /home/airflow/.local/lib/python3.7/site-packages/airflow/example_dags/example_external_task_marker_dag.py
[2023-05-10T04:09:45.394+0000] {processor.py:809} INFO - DAG(s) dict_keys(['example_external_task_marker_parent', 'example_external_task_marker_child']) retrieved from /home/airflow/.local/lib/python3.7/site-packages/airflow/example_dags/example_external_task_marker_dag.py
[2023-05-10T04:09:50.022+0000] {logging_mixin.py:149} INFO - [2023-05-10T04:09:49.968+0000] {dag.py:2726} INFO - Sync 2 DAGs
[2023-05-10T04:09:51.630+0000] {logging_mixin.py:149} INFO - [2023-05-10T04:09:51.622+0000] {dag.py:3490} INFO - Setting next_dagrun for example_external_task_marker_child to None, run_after=None
[2023-05-10T04:09:51.675+0000] {logging_mixin.py:149} INFO - [2023-05-10T04:09:51.674+0000] {dag.py:3490} INFO - Setting next_dagrun for example_external_task_marker_parent to None, run_after=None
[2023-05-10T04:09:52.212+0000] {processor.py:178} INFO - Processing /home/airflow/.local/lib/python3.7/site-packages/airflow/example_dags/example_external_task_marker_dag.py took 8.516 seconds
[2023-05-10T04:13:23.667+0000] {processor.py:156} INFO - Started process (PID=12400) to work on /home/airflow/.local/lib/python3.7/site-packages/airflow/example_dags/example_external_task_marker_dag.py
[2023-05-10T04:13:23.735+0000] {processor.py:799} INFO - Processing file /home/airflow/.local/lib/python3.7/site-packages/airflow/example_dags/example_external_task_marker_dag.py for tasks to queue
[2023-05-10T04:13:23.776+0000] {logging_mixin.py:149} INFO - [2023-05-10T04:13:23.755+0000] {dagbag.py:541} INFO - Filling up the DagBag from /home/airflow/.local/lib/python3.7/site-packages/airflow/example_dags/example_external_task_marker_dag.py
[2023-05-10T04:13:24.101+0000] {processor.py:809} INFO - DAG(s) dict_keys(['example_external_task_marker_parent', 'example_external_task_marker_child']) retrieved from /home/airflow/.local/lib/python3.7/site-packages/airflow/example_dags/example_external_task_marker_dag.py
[2023-05-10T04:13:28.867+0000] {logging_mixin.py:149} INFO - [2023-05-10T04:13:28.824+0000] {dag.py:2726} INFO - Sync 2 DAGs
[2023-05-10T04:13:31.773+0000] {logging_mixin.py:149} INFO - [2023-05-10T04:13:31.743+0000] {dag.py:3490} INFO - Setting next_dagrun for example_external_task_marker_child to None, run_after=None
[2023-05-10T04:13:31.860+0000] {logging_mixin.py:149} INFO - [2023-05-10T04:13:31.857+0000] {dag.py:3490} INFO - Setting next_dagrun for example_external_task_marker_parent to None, run_after=None
[2023-05-10T04:13:50.205+0000] {processor.py:178} INFO - Processing /home/airflow/.local/lib/python3.7/site-packages/airflow/example_dags/example_external_task_marker_dag.py took 26.771 seconds
[2023-05-10T04:15:07.622+0000] {processor.py:156} INFO - Started process (PID=12464) to work on /home/airflow/.local/lib/python3.7/site-packages/airflow/example_dags/example_external_task_marker_dag.py
[2023-05-10T04:15:07.631+0000] {processor.py:799} INFO - Processing file /home/airflow/.local/lib/python3.7/site-packages/airflow/example_dags/example_external_task_marker_dag.py for tasks to queue
[2023-05-10T04:15:07.654+0000] {logging_mixin.py:149} INFO - [2023-05-10T04:15:07.652+0000] {dagbag.py:541} INFO - Filling up the DagBag from /home/airflow/.local/lib/python3.7/site-packages/airflow/example_dags/example_external_task_marker_dag.py
[2023-05-10T04:15:07.749+0000] {processor.py:809} INFO - DAG(s) dict_keys(['example_external_task_marker_parent', 'example_external_task_marker_child']) retrieved from /home/airflow/.local/lib/python3.7/site-packages/airflow/example_dags/example_external_task_marker_dag.py
[2023-05-10T04:15:08.216+0000] {logging_mixin.py:149} INFO - [2023-05-10T04:15:08.215+0000] {dag.py:2726} INFO - Sync 2 DAGs
[2023-05-10T04:15:08.858+0000] {logging_mixin.py:149} INFO - [2023-05-10T04:15:08.843+0000] {dag.py:3490} INFO - Setting next_dagrun for example_external_task_marker_child to None, run_after=None
[2023-05-10T04:15:08.936+0000] {logging_mixin.py:149} INFO - [2023-05-10T04:15:08.935+0000] {dag.py:3490} INFO - Setting next_dagrun for example_external_task_marker_parent to None, run_after=None
[2023-05-10T04:15:09.173+0000] {processor.py:178} INFO - Processing /home/airflow/.local/lib/python3.7/site-packages/airflow/example_dags/example_external_task_marker_dag.py took 1.611 seconds
