[2023-05-10T03:27:40.605+0000] {processor.py:156} INFO - Started process (PID=12088) to work on /home/airflow/.local/lib/python3.7/site-packages/airflow/example_dags/example_python_operator.py
[2023-05-10T03:27:40.715+0000] {processor.py:799} INFO - Processing file /home/airflow/.local/lib/python3.7/site-packages/airflow/example_dags/example_python_operator.py for tasks to queue
[2023-05-10T03:27:40.735+0000] {logging_mixin.py:149} INFO - [2023-05-10T03:27:40.734+0000] {dagbag.py:541} INFO - Filling up the DagBag from /home/airflow/.local/lib/python3.7/site-packages/airflow/example_dags/example_python_operator.py
[2023-05-10T03:27:41.493+0000] {logging_mixin.py:149} INFO - [2023-05-10T03:27:41.480+0000] {taskmixin.py:211} WARNING - Dependency <Task(_PythonDecoratedOperator): print_the_context>, log_sql_query already registered for DAG: example_python_operator
[2023-05-10T03:27:41.534+0000] {logging_mixin.py:149} INFO - [2023-05-10T03:27:41.518+0000] {taskmixin.py:211} WARNING - Dependency <Task(_PythonDecoratedOperator): log_sql_query>, print_the_context already registered for DAG: example_python_operator
[2023-05-10T03:27:41.592+0000] {logging_mixin.py:149} INFO - [2023-05-10T03:27:41.591+0000] {taskmixin.py:211} WARNING - Dependency <Task(_PythonDecoratedOperator): print_the_context>, log_sql_query already registered for DAG: example_python_operator
[2023-05-10T03:27:41.611+0000] {logging_mixin.py:149} INFO - [2023-05-10T03:27:41.607+0000] {taskmixin.py:211} WARNING - Dependency <Task(_PythonDecoratedOperator): log_sql_query>, print_the_context already registered for DAG: example_python_operator
[2023-05-10T03:27:41.644+0000] {logging_mixin.py:149} INFO - [2023-05-10T03:27:41.643+0000] {taskmixin.py:211} WARNING - Dependency <Task(_PythonDecoratedOperator): print_the_context>, log_sql_query already registered for DAG: example_python_operator
[2023-05-10T03:27:41.649+0000] {logging_mixin.py:149} INFO - [2023-05-10T03:27:41.648+0000] {taskmixin.py:211} WARNING - Dependency <Task(_PythonDecoratedOperator): log_sql_query>, print_the_context already registered for DAG: example_python_operator
[2023-05-10T03:27:41.655+0000] {logging_mixin.py:149} INFO - [2023-05-10T03:27:41.654+0000] {taskmixin.py:211} WARNING - Dependency <Task(_PythonDecoratedOperator): print_the_context>, log_sql_query already registered for DAG: example_python_operator
[2023-05-10T03:27:41.674+0000] {logging_mixin.py:149} INFO - [2023-05-10T03:27:41.673+0000] {taskmixin.py:211} WARNING - Dependency <Task(_PythonDecoratedOperator): log_sql_query>, print_the_context already registered for DAG: example_python_operator
[2023-05-10T03:27:41.775+0000] {processor.py:809} INFO - DAG(s) dict_keys(['example_python_operator']) retrieved from /home/airflow/.local/lib/python3.7/site-packages/airflow/example_dags/example_python_operator.py
[2023-05-10T03:27:42.567+0000] {logging_mixin.py:149} INFO - [2023-05-10T03:27:42.520+0000] {dag.py:2726} INFO - Sync 1 DAGs
[2023-05-10T03:27:43.112+0000] {logging_mixin.py:149} INFO - [2023-05-10T03:27:43.111+0000] {dag.py:3490} INFO - Setting next_dagrun for example_python_operator to None, run_after=None
[2023-05-10T03:27:43.903+0000] {processor.py:178} INFO - Processing /home/airflow/.local/lib/python3.7/site-packages/airflow/example_dags/example_python_operator.py took 3.765 seconds
[2023-05-10T04:06:26.630+0000] {processor.py:156} INFO - Started process (PID=12211) to work on /home/airflow/.local/lib/python3.7/site-packages/airflow/example_dags/example_python_operator.py
[2023-05-10T04:06:26.649+0000] {processor.py:799} INFO - Processing file /home/airflow/.local/lib/python3.7/site-packages/airflow/example_dags/example_python_operator.py for tasks to queue
[2023-05-10T04:06:26.658+0000] {logging_mixin.py:149} INFO - [2023-05-10T04:06:26.656+0000] {dagbag.py:541} INFO - Filling up the DagBag from /home/airflow/.local/lib/python3.7/site-packages/airflow/example_dags/example_python_operator.py
[2023-05-10T04:06:26.920+0000] {logging_mixin.py:149} INFO - [2023-05-10T04:06:26.913+0000] {taskmixin.py:211} WARNING - Dependency <Task(_PythonDecoratedOperator): print_the_context>, log_sql_query already registered for DAG: example_python_operator
[2023-05-10T04:06:26.938+0000] {logging_mixin.py:149} INFO - [2023-05-10T04:06:26.937+0000] {taskmixin.py:211} WARNING - Dependency <Task(_PythonDecoratedOperator): log_sql_query>, print_the_context already registered for DAG: example_python_operator
[2023-05-10T04:06:26.943+0000] {logging_mixin.py:149} INFO - [2023-05-10T04:06:26.942+0000] {taskmixin.py:211} WARNING - Dependency <Task(_PythonDecoratedOperator): print_the_context>, log_sql_query already registered for DAG: example_python_operator
[2023-05-10T04:06:26.955+0000] {logging_mixin.py:149} INFO - [2023-05-10T04:06:26.950+0000] {taskmixin.py:211} WARNING - Dependency <Task(_PythonDecoratedOperator): log_sql_query>, print_the_context already registered for DAG: example_python_operator
[2023-05-10T04:06:26.970+0000] {logging_mixin.py:149} INFO - [2023-05-10T04:06:26.969+0000] {taskmixin.py:211} WARNING - Dependency <Task(_PythonDecoratedOperator): print_the_context>, log_sql_query already registered for DAG: example_python_operator
[2023-05-10T04:06:26.978+0000] {logging_mixin.py:149} INFO - [2023-05-10T04:06:26.978+0000] {taskmixin.py:211} WARNING - Dependency <Task(_PythonDecoratedOperator): log_sql_query>, print_the_context already registered for DAG: example_python_operator
[2023-05-10T04:06:26.987+0000] {logging_mixin.py:149} INFO - [2023-05-10T04:06:26.986+0000] {taskmixin.py:211} WARNING - Dependency <Task(_PythonDecoratedOperator): print_the_context>, log_sql_query already registered for DAG: example_python_operator
[2023-05-10T04:06:26.994+0000] {logging_mixin.py:149} INFO - [2023-05-10T04:06:26.994+0000] {taskmixin.py:211} WARNING - Dependency <Task(_PythonDecoratedOperator): log_sql_query>, print_the_context already registered for DAG: example_python_operator
[2023-05-10T04:06:27.085+0000] {processor.py:809} INFO - DAG(s) dict_keys(['example_python_operator']) retrieved from /home/airflow/.local/lib/python3.7/site-packages/airflow/example_dags/example_python_operator.py
[2023-05-10T04:06:27.912+0000] {logging_mixin.py:149} INFO - [2023-05-10T04:06:27.897+0000] {dag.py:2726} INFO - Sync 1 DAGs
[2023-05-10T04:06:28.475+0000] {logging_mixin.py:149} INFO - [2023-05-10T04:06:28.472+0000] {dag.py:3490} INFO - Setting next_dagrun for example_python_operator to None, run_after=None
[2023-05-10T04:06:29.019+0000] {processor.py:178} INFO - Processing /home/airflow/.local/lib/python3.7/site-packages/airflow/example_dags/example_python_operator.py took 2.424 seconds
[2023-05-10T04:08:55.989+0000] {processor.py:156} INFO - Started process (PID=12298) to work on /home/airflow/.local/lib/python3.7/site-packages/airflow/example_dags/example_python_operator.py
[2023-05-10T04:08:56.106+0000] {processor.py:799} INFO - Processing file /home/airflow/.local/lib/python3.7/site-packages/airflow/example_dags/example_python_operator.py for tasks to queue
[2023-05-10T04:08:56.185+0000] {logging_mixin.py:149} INFO - [2023-05-10T04:08:56.185+0000] {dagbag.py:541} INFO - Filling up the DagBag from /home/airflow/.local/lib/python3.7/site-packages/airflow/example_dags/example_python_operator.py
[2023-05-10T04:08:58.031+0000] {logging_mixin.py:149} INFO - [2023-05-10T04:08:57.992+0000] {taskmixin.py:211} WARNING - Dependency <Task(_PythonDecoratedOperator): print_the_context>, log_sql_query already registered for DAG: example_python_operator
[2023-05-10T04:08:58.045+0000] {logging_mixin.py:149} INFO - [2023-05-10T04:08:58.044+0000] {taskmixin.py:211} WARNING - Dependency <Task(_PythonDecoratedOperator): log_sql_query>, print_the_context already registered for DAG: example_python_operator
[2023-05-10T04:08:58.055+0000] {logging_mixin.py:149} INFO - [2023-05-10T04:08:58.055+0000] {taskmixin.py:211} WARNING - Dependency <Task(_PythonDecoratedOperator): print_the_context>, log_sql_query already registered for DAG: example_python_operator
[2023-05-10T04:08:58.063+0000] {logging_mixin.py:149} INFO - [2023-05-10T04:08:58.063+0000] {taskmixin.py:211} WARNING - Dependency <Task(_PythonDecoratedOperator): log_sql_query>, print_the_context already registered for DAG: example_python_operator
[2023-05-10T04:08:58.111+0000] {logging_mixin.py:149} INFO - [2023-05-10T04:08:58.110+0000] {taskmixin.py:211} WARNING - Dependency <Task(_PythonDecoratedOperator): print_the_context>, log_sql_query already registered for DAG: example_python_operator
[2023-05-10T04:08:58.126+0000] {logging_mixin.py:149} INFO - [2023-05-10T04:08:58.125+0000] {taskmixin.py:211} WARNING - Dependency <Task(_PythonDecoratedOperator): log_sql_query>, print_the_context already registered for DAG: example_python_operator
[2023-05-10T04:08:58.143+0000] {logging_mixin.py:149} INFO - [2023-05-10T04:08:58.143+0000] {taskmixin.py:211} WARNING - Dependency <Task(_PythonDecoratedOperator): print_the_context>, log_sql_query already registered for DAG: example_python_operator
[2023-05-10T04:08:58.165+0000] {logging_mixin.py:149} INFO - [2023-05-10T04:08:58.164+0000] {taskmixin.py:211} WARNING - Dependency <Task(_PythonDecoratedOperator): log_sql_query>, print_the_context already registered for DAG: example_python_operator
[2023-05-10T04:08:58.306+0000] {processor.py:809} INFO - DAG(s) dict_keys(['example_python_operator']) retrieved from /home/airflow/.local/lib/python3.7/site-packages/airflow/example_dags/example_python_operator.py
[2023-05-10T04:09:00.742+0000] {logging_mixin.py:149} INFO - [2023-05-10T04:09:00.729+0000] {dag.py:2726} INFO - Sync 1 DAGs
[2023-05-10T04:09:01.210+0000] {logging_mixin.py:149} INFO - [2023-05-10T04:09:01.206+0000] {dag.py:3490} INFO - Setting next_dagrun for example_python_operator to None, run_after=None
[2023-05-10T04:09:01.551+0000] {processor.py:178} INFO - Processing /home/airflow/.local/lib/python3.7/site-packages/airflow/example_dags/example_python_operator.py took 5.799 seconds
[2023-05-10T04:14:31.398+0000] {processor.py:156} INFO - Started process (PID=12432) to work on /home/airflow/.local/lib/python3.7/site-packages/airflow/example_dags/example_python_operator.py
[2023-05-10T04:14:31.436+0000] {processor.py:799} INFO - Processing file /home/airflow/.local/lib/python3.7/site-packages/airflow/example_dags/example_python_operator.py for tasks to queue
[2023-05-10T04:14:31.445+0000] {logging_mixin.py:149} INFO - [2023-05-10T04:14:31.445+0000] {dagbag.py:541} INFO - Filling up the DagBag from /home/airflow/.local/lib/python3.7/site-packages/airflow/example_dags/example_python_operator.py
[2023-05-10T04:14:31.886+0000] {logging_mixin.py:149} INFO - [2023-05-10T04:14:31.862+0000] {taskmixin.py:211} WARNING - Dependency <Task(_PythonDecoratedOperator): print_the_context>, log_sql_query already registered for DAG: example_python_operator
[2023-05-10T04:14:31.960+0000] {logging_mixin.py:149} INFO - [2023-05-10T04:14:31.959+0000] {taskmixin.py:211} WARNING - Dependency <Task(_PythonDecoratedOperator): log_sql_query>, print_the_context already registered for DAG: example_python_operator
[2023-05-10T04:14:31.977+0000] {logging_mixin.py:149} INFO - [2023-05-10T04:14:31.976+0000] {taskmixin.py:211} WARNING - Dependency <Task(_PythonDecoratedOperator): print_the_context>, log_sql_query already registered for DAG: example_python_operator
[2023-05-10T04:14:31.990+0000] {logging_mixin.py:149} INFO - [2023-05-10T04:14:31.988+0000] {taskmixin.py:211} WARNING - Dependency <Task(_PythonDecoratedOperator): log_sql_query>, print_the_context already registered for DAG: example_python_operator
[2023-05-10T04:14:32.003+0000] {logging_mixin.py:149} INFO - [2023-05-10T04:14:32.002+0000] {taskmixin.py:211} WARNING - Dependency <Task(_PythonDecoratedOperator): print_the_context>, log_sql_query already registered for DAG: example_python_operator
[2023-05-10T04:14:32.010+0000] {logging_mixin.py:149} INFO - [2023-05-10T04:14:32.009+0000] {taskmixin.py:211} WARNING - Dependency <Task(_PythonDecoratedOperator): log_sql_query>, print_the_context already registered for DAG: example_python_operator
[2023-05-10T04:14:32.038+0000] {logging_mixin.py:149} INFO - [2023-05-10T04:14:32.037+0000] {taskmixin.py:211} WARNING - Dependency <Task(_PythonDecoratedOperator): print_the_context>, log_sql_query already registered for DAG: example_python_operator
[2023-05-10T04:14:32.052+0000] {logging_mixin.py:149} INFO - [2023-05-10T04:14:32.049+0000] {taskmixin.py:211} WARNING - Dependency <Task(_PythonDecoratedOperator): log_sql_query>, print_the_context already registered for DAG: example_python_operator
[2023-05-10T04:14:32.222+0000] {processor.py:809} INFO - DAG(s) dict_keys(['example_python_operator']) retrieved from /home/airflow/.local/lib/python3.7/site-packages/airflow/example_dags/example_python_operator.py
[2023-05-10T04:14:35.138+0000] {logging_mixin.py:149} INFO - [2023-05-10T04:14:35.118+0000] {dag.py:2726} INFO - Sync 1 DAGs
[2023-05-10T04:14:35.419+0000] {logging_mixin.py:149} INFO - [2023-05-10T04:14:35.415+0000] {dag.py:3490} INFO - Setting next_dagrun for example_python_operator to None, run_after=None
[2023-05-10T04:14:35.581+0000] {processor.py:178} INFO - Processing /home/airflow/.local/lib/python3.7/site-packages/airflow/example_dags/example_python_operator.py took 4.483 seconds
