[2023-05-10T02:30:17.651+0000] {processor.py:156} INFO - Started process (PID=12073) to work on /home/airflow/.local/lib/python3.7/site-packages/airflow/example_dags/example_branch_day_of_week_operator.py
[2023-05-10T02:30:17.673+0000] {processor.py:799} INFO - Processing file /home/airflow/.local/lib/python3.7/site-packages/airflow/example_dags/example_branch_day_of_week_operator.py for tasks to queue
[2023-05-10T02:30:17.701+0000] {logging_mixin.py:149} INFO - [2023-05-10T02:30:17.695+0000] {dagbag.py:541} INFO - Filling up the DagBag from /home/airflow/.local/lib/python3.7/site-packages/airflow/example_dags/example_branch_day_of_week_operator.py
[2023-05-10T02:30:18.020+0000] {processor.py:809} INFO - DAG(s) dict_keys(['example_weekday_branch_operator']) retrieved from /home/airflow/.local/lib/python3.7/site-packages/airflow/example_dags/example_branch_day_of_week_operator.py
[2023-05-10T02:30:19.900+0000] {logging_mixin.py:149} INFO - [2023-05-10T02:30:19.890+0000] {dag.py:2726} INFO - Sync 1 DAGs
[2023-05-10T02:30:21.141+0000] {logging_mixin.py:149} INFO - [2023-05-10T02:30:21.139+0000] {dag.py:3490} INFO - Setting next_dagrun for example_weekday_branch_operator to 2023-05-09T00:00:00+00:00, run_after=2023-05-10T00:00:00+00:00
[2023-05-10T02:30:22.426+0000] {processor.py:178} INFO - Processing /home/airflow/.local/lib/python3.7/site-packages/airflow/example_dags/example_branch_day_of_week_operator.py took 4.877 seconds
[2023-05-10T04:05:14.869+0000] {processor.py:156} INFO - Started process (PID=12189) to work on /home/airflow/.local/lib/python3.7/site-packages/airflow/example_dags/example_branch_day_of_week_operator.py
[2023-05-10T04:05:16.771+0000] {processor.py:799} INFO - Processing file /home/airflow/.local/lib/python3.7/site-packages/airflow/example_dags/example_branch_day_of_week_operator.py for tasks to queue
[2023-05-10T04:05:17.922+0000] {logging_mixin.py:149} INFO - [2023-05-10T04:05:17.910+0000] {dagbag.py:541} INFO - Filling up the DagBag from /home/airflow/.local/lib/python3.7/site-packages/airflow/example_dags/example_branch_day_of_week_operator.py
[2023-05-10T04:05:31.730+0000] {processor.py:809} INFO - DAG(s) dict_keys(['example_weekday_branch_operator']) retrieved from /home/airflow/.local/lib/python3.7/site-packages/airflow/example_dags/example_branch_day_of_week_operator.py
[2023-05-10T04:05:42.340+0000] {logging_mixin.py:149} INFO - [2023-05-10T04:05:42.232+0000] {dag.py:2726} INFO - Sync 1 DAGs
[2023-05-10T04:05:43.307+0000] {logging_mixin.py:149} INFO - [2023-05-10T04:05:43.186+0000] {dag.py:3490} INFO - Setting next_dagrun for example_weekday_branch_operator to 2023-05-09T00:00:00+00:00, run_after=2023-05-10T00:00:00+00:00
[2023-05-10T04:05:43.811+0000] {processor.py:178} INFO - Processing /home/airflow/.local/lib/python3.7/site-packages/airflow/example_dags/example_branch_day_of_week_operator.py took 30.317 seconds
[2023-05-10T04:08:13.938+0000] {processor.py:156} INFO - Started process (PID=12281) to work on /home/airflow/.local/lib/python3.7/site-packages/airflow/example_dags/example_branch_day_of_week_operator.py
[2023-05-10T04:08:13.951+0000] {processor.py:799} INFO - Processing file /home/airflow/.local/lib/python3.7/site-packages/airflow/example_dags/example_branch_day_of_week_operator.py for tasks to queue
[2023-05-10T04:08:13.960+0000] {logging_mixin.py:149} INFO - [2023-05-10T04:08:13.959+0000] {dagbag.py:541} INFO - Filling up the DagBag from /home/airflow/.local/lib/python3.7/site-packages/airflow/example_dags/example_branch_day_of_week_operator.py
[2023-05-10T04:08:14.110+0000] {processor.py:809} INFO - DAG(s) dict_keys(['example_weekday_branch_operator']) retrieved from /home/airflow/.local/lib/python3.7/site-packages/airflow/example_dags/example_branch_day_of_week_operator.py
[2023-05-10T04:08:14.712+0000] {logging_mixin.py:149} INFO - [2023-05-10T04:08:14.702+0000] {dag.py:2726} INFO - Sync 1 DAGs
[2023-05-10T04:08:15.035+0000] {logging_mixin.py:149} INFO - [2023-05-10T04:08:15.032+0000] {dag.py:3490} INFO - Setting next_dagrun for example_weekday_branch_operator to 2023-05-09T00:00:00+00:00, run_after=2023-05-10T00:00:00+00:00
[2023-05-10T04:08:15.327+0000] {processor.py:178} INFO - Processing /home/airflow/.local/lib/python3.7/site-packages/airflow/example_dags/example_branch_day_of_week_operator.py took 1.465 seconds
[2023-05-10T04:11:09.968+0000] {processor.py:156} INFO - Started process (PID=12348) to work on /home/airflow/.local/lib/python3.7/site-packages/airflow/example_dags/example_branch_day_of_week_operator.py
[2023-05-10T04:11:10.088+0000] {processor.py:799} INFO - Processing file /home/airflow/.local/lib/python3.7/site-packages/airflow/example_dags/example_branch_day_of_week_operator.py for tasks to queue
[2023-05-10T04:11:10.096+0000] {logging_mixin.py:149} INFO - [2023-05-10T04:11:10.095+0000] {dagbag.py:541} INFO - Filling up the DagBag from /home/airflow/.local/lib/python3.7/site-packages/airflow/example_dags/example_branch_day_of_week_operator.py
[2023-05-10T04:11:10.358+0000] {processor.py:809} INFO - DAG(s) dict_keys(['example_weekday_branch_operator']) retrieved from /home/airflow/.local/lib/python3.7/site-packages/airflow/example_dags/example_branch_day_of_week_operator.py
[2023-05-10T04:11:11.644+0000] {logging_mixin.py:149} INFO - [2023-05-10T04:11:11.637+0000] {dag.py:2726} INFO - Sync 1 DAGs
[2023-05-10T04:11:12.128+0000] {logging_mixin.py:149} INFO - [2023-05-10T04:11:12.124+0000] {dag.py:3490} INFO - Setting next_dagrun for example_weekday_branch_operator to 2023-05-09T00:00:00+00:00, run_after=2023-05-10T00:00:00+00:00
[2023-05-10T04:11:12.420+0000] {processor.py:178} INFO - Processing /home/airflow/.local/lib/python3.7/site-packages/airflow/example_dags/example_branch_day_of_week_operator.py took 2.597 seconds
[2023-05-10T04:13:55.701+0000] {processor.py:156} INFO - Started process (PID=12416) to work on /home/airflow/.local/lib/python3.7/site-packages/airflow/example_dags/example_branch_day_of_week_operator.py
[2023-05-10T04:13:55.709+0000] {processor.py:799} INFO - Processing file /home/airflow/.local/lib/python3.7/site-packages/airflow/example_dags/example_branch_day_of_week_operator.py for tasks to queue
[2023-05-10T04:13:55.732+0000] {logging_mixin.py:149} INFO - [2023-05-10T04:13:55.731+0000] {dagbag.py:541} INFO - Filling up the DagBag from /home/airflow/.local/lib/python3.7/site-packages/airflow/example_dags/example_branch_day_of_week_operator.py
[2023-05-10T04:13:55.910+0000] {processor.py:809} INFO - DAG(s) dict_keys(['example_weekday_branch_operator']) retrieved from /home/airflow/.local/lib/python3.7/site-packages/airflow/example_dags/example_branch_day_of_week_operator.py
[2023-05-10T04:13:56.344+0000] {logging_mixin.py:149} INFO - [2023-05-10T04:13:56.343+0000] {dag.py:2726} INFO - Sync 1 DAGs
[2023-05-10T04:13:56.951+0000] {logging_mixin.py:149} INFO - [2023-05-10T04:13:56.950+0000] {dag.py:3490} INFO - Setting next_dagrun for example_weekday_branch_operator to 2023-05-09T00:00:00+00:00, run_after=2023-05-10T00:00:00+00:00
[2023-05-10T04:13:57.143+0000] {processor.py:178} INFO - Processing /home/airflow/.local/lib/python3.7/site-packages/airflow/example_dags/example_branch_day_of_week_operator.py took 1.553 seconds
[2023-05-10T04:15:18.045+0000] {processor.py:156} INFO - Started process (PID=12472) to work on /home/airflow/.local/lib/python3.7/site-packages/airflow/example_dags/example_branch_day_of_week_operator.py
[2023-05-10T04:15:18.081+0000] {processor.py:799} INFO - Processing file /home/airflow/.local/lib/python3.7/site-packages/airflow/example_dags/example_branch_day_of_week_operator.py for tasks to queue
[2023-05-10T04:15:18.108+0000] {logging_mixin.py:149} INFO - [2023-05-10T04:15:18.103+0000] {dagbag.py:541} INFO - Filling up the DagBag from /home/airflow/.local/lib/python3.7/site-packages/airflow/example_dags/example_branch_day_of_week_operator.py
[2023-05-10T04:15:18.307+0000] {processor.py:809} INFO - DAG(s) dict_keys(['example_weekday_branch_operator']) retrieved from /home/airflow/.local/lib/python3.7/site-packages/airflow/example_dags/example_branch_day_of_week_operator.py
[2023-05-10T04:15:18.963+0000] {logging_mixin.py:149} INFO - [2023-05-10T04:15:18.962+0000] {dag.py:2726} INFO - Sync 1 DAGs
[2023-05-10T04:15:19.652+0000] {logging_mixin.py:149} INFO - [2023-05-10T04:15:19.649+0000] {dag.py:3490} INFO - Setting next_dagrun for example_weekday_branch_operator to 2023-05-09T00:00:00+00:00, run_after=2023-05-10T00:00:00+00:00
[2023-05-10T04:15:20.132+0000] {processor.py:178} INFO - Processing /home/airflow/.local/lib/python3.7/site-packages/airflow/example_dags/example_branch_day_of_week_operator.py took 2.202 seconds
