[2023-05-10T02:46:11.257+0000] {processor.py:156} INFO - Started process (PID=12086) to work on /home/airflow/.local/lib/python3.7/site-packages/airflow/example_dags/example_dag_decorator.py
[2023-05-10T02:46:11.276+0000] {processor.py:799} INFO - Processing file /home/airflow/.local/lib/python3.7/site-packages/airflow/example_dags/example_dag_decorator.py for tasks to queue
[2023-05-10T02:46:11.310+0000] {logging_mixin.py:149} INFO - [2023-05-10T02:46:11.309+0000] {dagbag.py:541} INFO - Filling up the DagBag from /home/airflow/.local/lib/python3.7/site-packages/airflow/example_dags/example_dag_decorator.py
[2023-05-10T02:46:11.734+0000] {logging_mixin.py:149} INFO - [2023-05-10T02:46:11.694+0000] {taskmixin.py:211} WARNING - Dependency <Task(_PythonDecoratedOperator): prepare_email>, send_email already registered for DAG: example_dag_decorator
[2023-05-10T02:46:11.812+0000] {logging_mixin.py:149} INFO - [2023-05-10T02:46:11.811+0000] {taskmixin.py:211} WARNING - Dependency <Task(EmailOperator): send_email>, prepare_email already registered for DAG: example_dag_decorator
[2023-05-10T03:27:36.110+0000] {processor.py:809} INFO - DAG(s) dict_keys(['example_dag_decorator']) retrieved from /home/airflow/.local/lib/python3.7/site-packages/airflow/example_dags/example_dag_decorator.py
[2023-05-10T04:06:20.543+0000] {processor.py:156} INFO - Started process (PID=12209) to work on /home/airflow/.local/lib/python3.7/site-packages/airflow/example_dags/example_dag_decorator.py
[2023-05-10T04:06:20.564+0000] {processor.py:799} INFO - Processing file /home/airflow/.local/lib/python3.7/site-packages/airflow/example_dags/example_dag_decorator.py for tasks to queue
[2023-05-10T04:06:20.599+0000] {logging_mixin.py:149} INFO - [2023-05-10T04:06:20.589+0000] {dagbag.py:541} INFO - Filling up the DagBag from /home/airflow/.local/lib/python3.7/site-packages/airflow/example_dags/example_dag_decorator.py
[2023-05-10T04:06:20.744+0000] {logging_mixin.py:149} INFO - [2023-05-10T04:06:20.743+0000] {taskmixin.py:211} WARNING - Dependency <Task(_PythonDecoratedOperator): prepare_email>, send_email already registered for DAG: example_dag_decorator
[2023-05-10T04:06:20.760+0000] {logging_mixin.py:149} INFO - [2023-05-10T04:06:20.759+0000] {taskmixin.py:211} WARNING - Dependency <Task(EmailOperator): send_email>, prepare_email already registered for DAG: example_dag_decorator
[2023-05-10T04:06:21.493+0000] {processor.py:809} INFO - DAG(s) dict_keys(['example_dag_decorator']) retrieved from /home/airflow/.local/lib/python3.7/site-packages/airflow/example_dags/example_dag_decorator.py
[2023-05-10T04:06:22.948+0000] {logging_mixin.py:149} INFO - [2023-05-10T04:06:22.946+0000] {dag.py:2726} INFO - Sync 1 DAGs
[2023-05-10T04:06:23.489+0000] {logging_mixin.py:149} INFO - [2023-05-10T04:06:23.488+0000] {dag.py:3490} INFO - Setting next_dagrun for example_dag_decorator to None, run_after=None
[2023-05-10T04:06:23.632+0000] {processor.py:178} INFO - Processing /home/airflow/.local/lib/python3.7/site-packages/airflow/example_dags/example_dag_decorator.py took 3.170 seconds
[2023-05-10T04:08:41.944+0000] {processor.py:156} INFO - Started process (PID=12289) to work on /home/airflow/.local/lib/python3.7/site-packages/airflow/example_dags/example_dag_decorator.py
[2023-05-10T04:08:41.969+0000] {processor.py:799} INFO - Processing file /home/airflow/.local/lib/python3.7/site-packages/airflow/example_dags/example_dag_decorator.py for tasks to queue
[2023-05-10T04:08:41.983+0000] {logging_mixin.py:149} INFO - [2023-05-10T04:08:41.978+0000] {dagbag.py:541} INFO - Filling up the DagBag from /home/airflow/.local/lib/python3.7/site-packages/airflow/example_dags/example_dag_decorator.py
[2023-05-10T04:08:42.520+0000] {logging_mixin.py:149} INFO - [2023-05-10T04:08:42.512+0000] {taskmixin.py:211} WARNING - Dependency <Task(_PythonDecoratedOperator): prepare_email>, send_email already registered for DAG: example_dag_decorator
[2023-05-10T04:08:42.546+0000] {logging_mixin.py:149} INFO - [2023-05-10T04:08:42.546+0000] {taskmixin.py:211} WARNING - Dependency <Task(EmailOperator): send_email>, prepare_email already registered for DAG: example_dag_decorator
[2023-05-10T04:08:44.054+0000] {processor.py:809} INFO - DAG(s) dict_keys(['example_dag_decorator']) retrieved from /home/airflow/.local/lib/python3.7/site-packages/airflow/example_dags/example_dag_decorator.py
[2023-05-10T04:08:52.669+0000] {logging_mixin.py:149} INFO - [2023-05-10T04:08:52.663+0000] {dag.py:2726} INFO - Sync 1 DAGs
[2023-05-10T04:08:52.847+0000] {logging_mixin.py:149} INFO - [2023-05-10T04:08:52.846+0000] {dag.py:3490} INFO - Setting next_dagrun for example_dag_decorator to None, run_after=None
[2023-05-10T04:08:53.521+0000] {processor.py:178} INFO - Processing /home/airflow/.local/lib/python3.7/site-packages/airflow/example_dags/example_dag_decorator.py took 11.704 seconds
[2023-05-10T04:14:11.814+0000] {processor.py:156} INFO - Started process (PID=12430) to work on /home/airflow/.local/lib/python3.7/site-packages/airflow/example_dags/example_dag_decorator.py
[2023-05-10T04:14:11.835+0000] {processor.py:799} INFO - Processing file /home/airflow/.local/lib/python3.7/site-packages/airflow/example_dags/example_dag_decorator.py for tasks to queue
[2023-05-10T04:14:11.851+0000] {logging_mixin.py:149} INFO - [2023-05-10T04:14:11.849+0000] {dagbag.py:541} INFO - Filling up the DagBag from /home/airflow/.local/lib/python3.7/site-packages/airflow/example_dags/example_dag_decorator.py
[2023-05-10T04:14:11.973+0000] {logging_mixin.py:149} INFO - [2023-05-10T04:14:11.972+0000] {taskmixin.py:211} WARNING - Dependency <Task(_PythonDecoratedOperator): prepare_email>, send_email already registered for DAG: example_dag_decorator
[2023-05-10T04:14:11.980+0000] {logging_mixin.py:149} INFO - [2023-05-10T04:14:11.980+0000] {taskmixin.py:211} WARNING - Dependency <Task(EmailOperator): send_email>, prepare_email already registered for DAG: example_dag_decorator
[2023-05-10T04:14:12.120+0000] {processor.py:809} INFO - DAG(s) dict_keys(['example_dag_decorator']) retrieved from /home/airflow/.local/lib/python3.7/site-packages/airflow/example_dags/example_dag_decorator.py
[2023-05-10T04:14:41.116+0000] {logging_mixin.py:149} INFO - [2023-05-10T04:14:41.050+0000] {dag.py:2726} INFO - Sync 1 DAGs
[2023-05-10T04:14:41.976+0000] {logging_mixin.py:149} INFO - [2023-05-10T04:14:41.957+0000] {dag.py:3490} INFO - Setting next_dagrun for example_dag_decorator to None, run_after=None
[2023-05-10T04:14:42.489+0000] {processor.py:178} INFO - Processing /home/airflow/.local/lib/python3.7/site-packages/airflow/example_dags/example_dag_decorator.py took 30.773 seconds
