[2023-05-10T02:45:57.242+0000] {processor.py:156} INFO - Started process (PID=12084) to work on /home/airflow/.local/lib/python3.7/site-packages/airflow/example_dags/example_branch_operator.py
[2023-05-10T02:45:57.259+0000] {processor.py:799} INFO - Processing file /home/airflow/.local/lib/python3.7/site-packages/airflow/example_dags/example_branch_operator.py for tasks to queue
[2023-05-10T02:45:57.295+0000] {logging_mixin.py:149} INFO - [2023-05-10T02:45:57.294+0000] {dagbag.py:541} INFO - Filling up the DagBag from /home/airflow/.local/lib/python3.7/site-packages/airflow/example_dags/example_branch_operator.py
[2023-05-10T02:45:57.943+0000] {processor.py:809} INFO - DAG(s) dict_keys(['example_branch_operator']) retrieved from /home/airflow/.local/lib/python3.7/site-packages/airflow/example_dags/example_branch_operator.py
[2023-05-10T02:46:04.234+0000] {logging_mixin.py:149} INFO - [2023-05-10T02:46:04.203+0000] {dag.py:2726} INFO - Sync 1 DAGs
[2023-05-10T02:46:05.016+0000] {logging_mixin.py:149} INFO - [2023-05-10T02:46:05.004+0000] {dag.py:3490} INFO - Setting next_dagrun for example_branch_operator to 2023-05-09T00:00:00+00:00, run_after=2023-05-10T00:00:00+00:00
[2023-05-10T02:46:05.890+0000] {processor.py:178} INFO - Processing /home/airflow/.local/lib/python3.7/site-packages/airflow/example_dags/example_branch_operator.py took 8.866 seconds
[2023-05-10T04:06:10.794+0000] {processor.py:156} INFO - Started process (PID=12207) to work on /home/airflow/.local/lib/python3.7/site-packages/airflow/example_dags/example_branch_operator.py
[2023-05-10T04:06:10.834+0000] {processor.py:799} INFO - Processing file /home/airflow/.local/lib/python3.7/site-packages/airflow/example_dags/example_branch_operator.py for tasks to queue
[2023-05-10T04:06:10.854+0000] {logging_mixin.py:149} INFO - [2023-05-10T04:06:10.853+0000] {dagbag.py:541} INFO - Filling up the DagBag from /home/airflow/.local/lib/python3.7/site-packages/airflow/example_dags/example_branch_operator.py
[2023-05-10T04:06:11.354+0000] {processor.py:809} INFO - DAG(s) dict_keys(['example_branch_operator']) retrieved from /home/airflow/.local/lib/python3.7/site-packages/airflow/example_dags/example_branch_operator.py
[2023-05-10T04:06:12.855+0000] {logging_mixin.py:149} INFO - [2023-05-10T04:06:12.854+0000] {dag.py:2726} INFO - Sync 1 DAGs
[2023-05-10T04:06:13.141+0000] {logging_mixin.py:149} INFO - [2023-05-10T04:06:13.139+0000] {dag.py:3490} INFO - Setting next_dagrun for example_branch_operator to 2023-05-09T00:00:00+00:00, run_after=2023-05-10T00:00:00+00:00
[2023-05-10T04:06:13.334+0000] {processor.py:178} INFO - Processing /home/airflow/.local/lib/python3.7/site-packages/airflow/example_dags/example_branch_operator.py took 2.697 seconds
[2023-05-10T04:08:32.115+0000] {processor.py:156} INFO - Started process (PID=12287) to work on /home/airflow/.local/lib/python3.7/site-packages/airflow/example_dags/example_branch_operator.py
[2023-05-10T04:08:32.292+0000] {processor.py:799} INFO - Processing file /home/airflow/.local/lib/python3.7/site-packages/airflow/example_dags/example_branch_operator.py for tasks to queue
[2023-05-10T04:08:32.473+0000] {logging_mixin.py:149} INFO - [2023-05-10T04:08:32.350+0000] {dagbag.py:541} INFO - Filling up the DagBag from /home/airflow/.local/lib/python3.7/site-packages/airflow/example_dags/example_branch_operator.py
[2023-05-10T04:08:33.815+0000] {processor.py:809} INFO - DAG(s) dict_keys(['example_branch_operator']) retrieved from /home/airflow/.local/lib/python3.7/site-packages/airflow/example_dags/example_branch_operator.py
[2023-05-10T04:08:35.056+0000] {logging_mixin.py:149} INFO - [2023-05-10T04:08:35.053+0000] {dag.py:2726} INFO - Sync 1 DAGs
[2023-05-10T04:08:35.468+0000] {logging_mixin.py:149} INFO - [2023-05-10T04:08:35.467+0000] {dag.py:3490} INFO - Setting next_dagrun for example_branch_operator to 2023-05-09T00:00:00+00:00, run_after=2023-05-10T00:00:00+00:00
[2023-05-10T04:08:35.765+0000] {processor.py:178} INFO - Processing /home/airflow/.local/lib/python3.7/site-packages/airflow/example_dags/example_branch_operator.py took 4.234 seconds
[2023-05-10T04:11:18.072+0000] {processor.py:156} INFO - Started process (PID=12353) to work on /home/airflow/.local/lib/python3.7/site-packages/airflow/example_dags/example_branch_operator.py
[2023-05-10T04:11:18.087+0000] {processor.py:799} INFO - Processing file /home/airflow/.local/lib/python3.7/site-packages/airflow/example_dags/example_branch_operator.py for tasks to queue
[2023-05-10T04:11:18.097+0000] {logging_mixin.py:149} INFO - [2023-05-10T04:11:18.094+0000] {dagbag.py:541} INFO - Filling up the DagBag from /home/airflow/.local/lib/python3.7/site-packages/airflow/example_dags/example_branch_operator.py
[2023-05-10T04:11:18.402+0000] {processor.py:809} INFO - DAG(s) dict_keys(['example_branch_operator']) retrieved from /home/airflow/.local/lib/python3.7/site-packages/airflow/example_dags/example_branch_operator.py
[2023-05-10T04:11:19.378+0000] {logging_mixin.py:149} INFO - [2023-05-10T04:11:19.373+0000] {dag.py:2726} INFO - Sync 1 DAGs
[2023-05-10T04:11:20.669+0000] {logging_mixin.py:149} INFO - [2023-05-10T04:11:20.633+0000] {dag.py:3490} INFO - Setting next_dagrun for example_branch_operator to 2023-05-09T00:00:00+00:00, run_after=2023-05-10T00:00:00+00:00
[2023-05-10T04:11:24.281+0000] {processor.py:178} INFO - Processing /home/airflow/.local/lib/python3.7/site-packages/airflow/example_dags/example_branch_operator.py took 6.297 seconds
[2023-05-10T04:14:04.499+0000] {processor.py:156} INFO - Started process (PID=12428) to work on /home/airflow/.local/lib/python3.7/site-packages/airflow/example_dags/example_branch_operator.py
[2023-05-10T04:14:04.526+0000] {processor.py:799} INFO - Processing file /home/airflow/.local/lib/python3.7/site-packages/airflow/example_dags/example_branch_operator.py for tasks to queue
[2023-05-10T04:14:04.557+0000] {logging_mixin.py:149} INFO - [2023-05-10T04:14:04.549+0000] {dagbag.py:541} INFO - Filling up the DagBag from /home/airflow/.local/lib/python3.7/site-packages/airflow/example_dags/example_branch_operator.py
[2023-05-10T04:14:05.012+0000] {processor.py:809} INFO - DAG(s) dict_keys(['example_branch_operator']) retrieved from /home/airflow/.local/lib/python3.7/site-packages/airflow/example_dags/example_branch_operator.py
[2023-05-10T04:14:06.510+0000] {logging_mixin.py:149} INFO - [2023-05-10T04:14:06.490+0000] {dag.py:2726} INFO - Sync 1 DAGs
[2023-05-10T04:14:07.556+0000] {logging_mixin.py:149} INFO - [2023-05-10T04:14:07.552+0000] {dag.py:3490} INFO - Setting next_dagrun for example_branch_operator to 2023-05-09T00:00:00+00:00, run_after=2023-05-10T00:00:00+00:00
[2023-05-10T04:14:08.111+0000] {processor.py:178} INFO - Processing /home/airflow/.local/lib/python3.7/site-packages/airflow/example_dags/example_branch_operator.py took 3.806 seconds
[2023-05-10T04:15:28.754+0000] {processor.py:156} INFO - Started process (PID=12477) to work on /home/airflow/.local/lib/python3.7/site-packages/airflow/example_dags/example_branch_operator.py
[2023-05-10T04:15:28.840+0000] {processor.py:799} INFO - Processing file /home/airflow/.local/lib/python3.7/site-packages/airflow/example_dags/example_branch_operator.py for tasks to queue
[2023-05-10T04:15:28.853+0000] {logging_mixin.py:149} INFO - [2023-05-10T04:15:28.852+0000] {dagbag.py:541} INFO - Filling up the DagBag from /home/airflow/.local/lib/python3.7/site-packages/airflow/example_dags/example_branch_operator.py
[2023-05-10T04:15:29.890+0000] {processor.py:809} INFO - DAG(s) dict_keys(['example_branch_operator']) retrieved from /home/airflow/.local/lib/python3.7/site-packages/airflow/example_dags/example_branch_operator.py
[2023-05-10T04:15:30.796+0000] {logging_mixin.py:149} INFO - [2023-05-10T04:15:30.771+0000] {dag.py:2726} INFO - Sync 1 DAGs
[2023-05-10T04:15:31.774+0000] {logging_mixin.py:149} INFO - [2023-05-10T04:15:31.755+0000] {dag.py:3490} INFO - Setting next_dagrun for example_branch_operator to 2023-05-09T00:00:00+00:00, run_after=2023-05-10T00:00:00+00:00
[2023-05-10T04:15:32.289+0000] {processor.py:178} INFO - Processing /home/airflow/.local/lib/python3.7/site-packages/airflow/example_dags/example_branch_operator.py took 3.704 seconds
