[2023-05-10T00:55:38.982+0000] {processor.py:156} INFO - Started process (PID=12036) to work on /home/airflow/.local/lib/python3.7/site-packages/airflow/example_dags/example_params_trigger_ui.py
[2023-05-10T00:55:39.035+0000] {processor.py:799} INFO - Processing file /home/airflow/.local/lib/python3.7/site-packages/airflow/example_dags/example_params_trigger_ui.py for tasks to queue
[2023-05-10T00:55:39.104+0000] {logging_mixin.py:149} INFO - [2023-05-10T00:55:39.103+0000] {dagbag.py:541} INFO - Filling up the DagBag from /home/airflow/.local/lib/python3.7/site-packages/airflow/example_dags/example_params_trigger_ui.py
[2023-05-10T04:07:11.961+0000] {processor.py:156} INFO - Started process (PID=12241) to work on /home/airflow/.local/lib/python3.7/site-packages/airflow/example_dags/example_params_trigger_ui.py
[2023-05-10T04:07:11.969+0000] {processor.py:799} INFO - Processing file /home/airflow/.local/lib/python3.7/site-packages/airflow/example_dags/example_params_trigger_ui.py for tasks to queue
[2023-05-10T04:07:11.974+0000] {logging_mixin.py:149} INFO - [2023-05-10T04:07:11.974+0000] {dagbag.py:541} INFO - Filling up the DagBag from /home/airflow/.local/lib/python3.7/site-packages/airflow/example_dags/example_params_trigger_ui.py
[2023-05-10T04:07:12.358+0000] {processor.py:809} INFO - DAG(s) dict_keys(['example_params_trigger_ui']) retrieved from /home/airflow/.local/lib/python3.7/site-packages/airflow/example_dags/example_params_trigger_ui.py
[2023-05-10T04:07:13.916+0000] {logging_mixin.py:149} INFO - [2023-05-10T04:07:13.911+0000] {dag.py:2726} INFO - Sync 1 DAGs
[2023-05-10T04:07:14.051+0000] {logging_mixin.py:149} INFO - [2023-05-10T04:07:14.050+0000] {dag.py:3490} INFO - Setting next_dagrun for example_params_trigger_ui to None, run_after=None
[2023-05-10T04:07:14.177+0000] {processor.py:178} INFO - Processing /home/airflow/.local/lib/python3.7/site-packages/airflow/example_dags/example_params_trigger_ui.py took 2.290 seconds
[2023-05-10T04:12:27.979+0000] {processor.py:156} INFO - Started process (PID=12375) to work on /home/airflow/.local/lib/python3.7/site-packages/airflow/example_dags/example_params_trigger_ui.py
[2023-05-10T04:12:28.078+0000] {processor.py:799} INFO - Processing file /home/airflow/.local/lib/python3.7/site-packages/airflow/example_dags/example_params_trigger_ui.py for tasks to queue
[2023-05-10T04:12:28.182+0000] {logging_mixin.py:149} INFO - [2023-05-10T04:12:28.170+0000] {dagbag.py:541} INFO - Filling up the DagBag from /home/airflow/.local/lib/python3.7/site-packages/airflow/example_dags/example_params_trigger_ui.py
[2023-05-10T04:12:29.533+0000] {processor.py:809} INFO - DAG(s) dict_keys(['example_params_trigger_ui']) retrieved from /home/airflow/.local/lib/python3.7/site-packages/airflow/example_dags/example_params_trigger_ui.py
[2023-05-10T04:12:30.844+0000] {logging_mixin.py:149} INFO - [2023-05-10T04:12:30.842+0000] {dag.py:2726} INFO - Sync 1 DAGs
[2023-05-10T04:12:31.716+0000] {logging_mixin.py:149} INFO - [2023-05-10T04:12:31.715+0000] {dag.py:3490} INFO - Setting next_dagrun for example_params_trigger_ui to None, run_after=None
[2023-05-10T04:12:32.076+0000] {processor.py:178} INFO - Processing /home/airflow/.local/lib/python3.7/site-packages/airflow/example_dags/example_params_trigger_ui.py took 4.611 seconds
[2023-05-10T04:16:09.220+0000] {processor.py:156} INFO - Started process (PID=12497) to work on /home/airflow/.local/lib/python3.7/site-packages/airflow/example_dags/example_params_trigger_ui.py
[2023-05-10T04:16:09.312+0000] {processor.py:799} INFO - Processing file /home/airflow/.local/lib/python3.7/site-packages/airflow/example_dags/example_params_trigger_ui.py for tasks to queue
[2023-05-10T04:16:09.334+0000] {logging_mixin.py:149} INFO - [2023-05-10T04:16:09.321+0000] {dagbag.py:541} INFO - Filling up the DagBag from /home/airflow/.local/lib/python3.7/site-packages/airflow/example_dags/example_params_trigger_ui.py
[2023-05-10T04:16:10.287+0000] {processor.py:809} INFO - DAG(s) dict_keys(['example_params_trigger_ui']) retrieved from /home/airflow/.local/lib/python3.7/site-packages/airflow/example_dags/example_params_trigger_ui.py
[2023-05-10T04:16:12.067+0000] {logging_mixin.py:149} INFO - [2023-05-10T04:16:12.046+0000] {dag.py:2726} INFO - Sync 1 DAGs
[2023-05-10T04:16:12.651+0000] {logging_mixin.py:149} INFO - [2023-05-10T04:16:12.638+0000] {dag.py:3490} INFO - Setting next_dagrun for example_params_trigger_ui to None, run_after=None
[2023-05-10T04:16:29.142+0000] {processor.py:178} INFO - Processing /home/airflow/.local/lib/python3.7/site-packages/airflow/example_dags/example_params_trigger_ui.py took 20.297 seconds
