[2023-05-10T02:30:12.231+0000] {processor.py:156} INFO - Started process (PID=12072) to work on /home/airflow/.local/lib/python3.7/site-packages/airflow/example_dags/example_dynamic_task_mapping.py
[2023-05-10T02:30:12.264+0000] {processor.py:799} INFO - Processing file /home/airflow/.local/lib/python3.7/site-packages/airflow/example_dags/example_dynamic_task_mapping.py for tasks to queue
[2023-05-10T02:30:12.272+0000] {logging_mixin.py:149} INFO - [2023-05-10T02:30:12.271+0000] {dagbag.py:541} INFO - Filling up the DagBag from /home/airflow/.local/lib/python3.7/site-packages/airflow/example_dags/example_dynamic_task_mapping.py
[2023-05-10T02:30:12.519+0000] {processor.py:809} INFO - DAG(s) dict_keys(['example_dynamic_task_mapping']) retrieved from /home/airflow/.local/lib/python3.7/site-packages/airflow/example_dags/example_dynamic_task_mapping.py
[2023-05-10T02:30:14.781+0000] {logging_mixin.py:149} INFO - [2023-05-10T02:30:14.766+0000] {dag.py:2726} INFO - Sync 1 DAGs
[2023-05-10T02:30:15.549+0000] {logging_mixin.py:149} INFO - [2023-05-10T02:30:15.546+0000] {dag.py:3490} INFO - Setting next_dagrun for example_dynamic_task_mapping to 2022-03-04T00:00:00+00:00, run_after=2022-03-05T00:00:00+00:00
[2023-05-10T02:30:16.047+0000] {processor.py:178} INFO - Processing /home/airflow/.local/lib/python3.7/site-packages/airflow/example_dags/example_dynamic_task_mapping.py took 3.993 seconds
[2023-05-10T04:05:07.824+0000] {processor.py:156} INFO - Started process (PID=12188) to work on /home/airflow/.local/lib/python3.7/site-packages/airflow/example_dags/example_dynamic_task_mapping.py
[2023-05-10T04:05:08.043+0000] {processor.py:799} INFO - Processing file /home/airflow/.local/lib/python3.7/site-packages/airflow/example_dags/example_dynamic_task_mapping.py for tasks to queue
[2023-05-10T04:05:08.092+0000] {logging_mixin.py:149} INFO - [2023-05-10T04:05:08.083+0000] {dagbag.py:541} INFO - Filling up the DagBag from /home/airflow/.local/lib/python3.7/site-packages/airflow/example_dags/example_dynamic_task_mapping.py
[2023-05-10T04:05:09.857+0000] {processor.py:809} INFO - DAG(s) dict_keys(['example_dynamic_task_mapping']) retrieved from /home/airflow/.local/lib/python3.7/site-packages/airflow/example_dags/example_dynamic_task_mapping.py
[2023-05-10T04:05:32.150+0000] {logging_mixin.py:149} INFO - [2023-05-10T04:05:32.036+0000] {dag.py:2726} INFO - Sync 1 DAGs
[2023-05-10T04:05:40.482+0000] {logging_mixin.py:149} INFO - [2023-05-10T04:05:40.379+0000] {dag.py:3490} INFO - Setting next_dagrun for example_dynamic_task_mapping to 2022-03-04T00:00:00+00:00, run_after=2022-03-05T00:00:00+00:00
[2023-05-10T04:05:41.913+0000] {processor.py:178} INFO - Processing /home/airflow/.local/lib/python3.7/site-packages/airflow/example_dags/example_dynamic_task_mapping.py took 34.928 seconds
[2023-05-10T04:08:12.166+0000] {processor.py:156} INFO - Started process (PID=12274) to work on /home/airflow/.local/lib/python3.7/site-packages/airflow/example_dags/example_dynamic_task_mapping.py
[2023-05-10T04:08:12.399+0000] {processor.py:799} INFO - Processing file /home/airflow/.local/lib/python3.7/site-packages/airflow/example_dags/example_dynamic_task_mapping.py for tasks to queue
[2023-05-10T04:08:12.472+0000] {logging_mixin.py:149} INFO - [2023-05-10T04:08:12.453+0000] {dagbag.py:541} INFO - Filling up the DagBag from /home/airflow/.local/lib/python3.7/site-packages/airflow/example_dags/example_dynamic_task_mapping.py
[2023-05-10T04:08:13.399+0000] {processor.py:809} INFO - DAG(s) dict_keys(['example_dynamic_task_mapping']) retrieved from /home/airflow/.local/lib/python3.7/site-packages/airflow/example_dags/example_dynamic_task_mapping.py
[2023-05-10T04:08:14.720+0000] {logging_mixin.py:149} INFO - [2023-05-10T04:08:14.692+0000] {dag.py:2726} INFO - Sync 1 DAGs
[2023-05-10T04:08:15.081+0000] {logging_mixin.py:149} INFO - [2023-05-10T04:08:15.079+0000] {dag.py:3490} INFO - Setting next_dagrun for example_dynamic_task_mapping to 2022-03-04T00:00:00+00:00, run_after=2022-03-05T00:00:00+00:00
[2023-05-10T04:08:15.330+0000] {processor.py:178} INFO - Processing /home/airflow/.local/lib/python3.7/site-packages/airflow/example_dags/example_dynamic_task_mapping.py took 3.713 seconds
[2023-05-10T04:11:00.373+0000] {processor.py:156} INFO - Started process (PID=12341) to work on /home/airflow/.local/lib/python3.7/site-packages/airflow/example_dags/example_dynamic_task_mapping.py
[2023-05-10T04:11:00.799+0000] {processor.py:799} INFO - Processing file /home/airflow/.local/lib/python3.7/site-packages/airflow/example_dags/example_dynamic_task_mapping.py for tasks to queue
[2023-05-10T04:11:01.010+0000] {logging_mixin.py:149} INFO - [2023-05-10T04:11:01.007+0000] {dagbag.py:541} INFO - Filling up the DagBag from /home/airflow/.local/lib/python3.7/site-packages/airflow/example_dags/example_dynamic_task_mapping.py
[2023-05-10T04:11:01.814+0000] {processor.py:809} INFO - DAG(s) dict_keys(['example_dynamic_task_mapping']) retrieved from /home/airflow/.local/lib/python3.7/site-packages/airflow/example_dags/example_dynamic_task_mapping.py
[2023-05-10T04:11:04.655+0000] {logging_mixin.py:149} INFO - [2023-05-10T04:11:04.627+0000] {dag.py:2726} INFO - Sync 1 DAGs
[2023-05-10T04:11:05.366+0000] {logging_mixin.py:149} INFO - [2023-05-10T04:11:05.360+0000] {dag.py:3490} INFO - Setting next_dagrun for example_dynamic_task_mapping to 2022-03-04T00:00:00+00:00, run_after=2022-03-05T00:00:00+00:00
[2023-05-10T04:11:05.925+0000] {processor.py:178} INFO - Processing /home/airflow/.local/lib/python3.7/site-packages/airflow/example_dags/example_dynamic_task_mapping.py took 6.259 seconds
[2023-05-10T04:13:54.557+0000] {processor.py:156} INFO - Started process (PID=12415) to work on /home/airflow/.local/lib/python3.7/site-packages/airflow/example_dags/example_dynamic_task_mapping.py
[2023-05-10T04:13:54.563+0000] {processor.py:799} INFO - Processing file /home/airflow/.local/lib/python3.7/site-packages/airflow/example_dags/example_dynamic_task_mapping.py for tasks to queue
[2023-05-10T04:13:54.575+0000] {logging_mixin.py:149} INFO - [2023-05-10T04:13:54.575+0000] {dagbag.py:541} INFO - Filling up the DagBag from /home/airflow/.local/lib/python3.7/site-packages/airflow/example_dags/example_dynamic_task_mapping.py
[2023-05-10T04:13:54.646+0000] {processor.py:809} INFO - DAG(s) dict_keys(['example_dynamic_task_mapping']) retrieved from /home/airflow/.local/lib/python3.7/site-packages/airflow/example_dags/example_dynamic_task_mapping.py
[2023-05-10T04:13:54.846+0000] {logging_mixin.py:149} INFO - [2023-05-10T04:13:54.845+0000] {dag.py:2726} INFO - Sync 1 DAGs
[2023-05-10T04:13:55.058+0000] {logging_mixin.py:149} INFO - [2023-05-10T04:13:55.058+0000] {dag.py:3490} INFO - Setting next_dagrun for example_dynamic_task_mapping to 2022-03-04T00:00:00+00:00, run_after=2022-03-05T00:00:00+00:00
[2023-05-10T04:13:55.647+0000] {processor.py:178} INFO - Processing /home/airflow/.local/lib/python3.7/site-packages/airflow/example_dags/example_dynamic_task_mapping.py took 1.126 seconds
[2023-05-10T04:15:16.560+0000] {processor.py:156} INFO - Started process (PID=12471) to work on /home/airflow/.local/lib/python3.7/site-packages/airflow/example_dags/example_dynamic_task_mapping.py
[2023-05-10T04:15:16.582+0000] {processor.py:799} INFO - Processing file /home/airflow/.local/lib/python3.7/site-packages/airflow/example_dags/example_dynamic_task_mapping.py for tasks to queue
[2023-05-10T04:15:16.589+0000] {logging_mixin.py:149} INFO - [2023-05-10T04:15:16.588+0000] {dagbag.py:541} INFO - Filling up the DagBag from /home/airflow/.local/lib/python3.7/site-packages/airflow/example_dags/example_dynamic_task_mapping.py
[2023-05-10T04:15:16.795+0000] {processor.py:809} INFO - DAG(s) dict_keys(['example_dynamic_task_mapping']) retrieved from /home/airflow/.local/lib/python3.7/site-packages/airflow/example_dags/example_dynamic_task_mapping.py
[2023-05-10T04:15:17.434+0000] {logging_mixin.py:149} INFO - [2023-05-10T04:15:17.433+0000] {dag.py:2726} INFO - Sync 1 DAGs
[2023-05-10T04:15:17.798+0000] {logging_mixin.py:149} INFO - [2023-05-10T04:15:17.796+0000] {dag.py:3490} INFO - Setting next_dagrun for example_dynamic_task_mapping to 2022-03-04T00:00:00+00:00, run_after=2022-03-05T00:00:00+00:00
[2023-05-10T04:15:18.047+0000] {processor.py:178} INFO - Processing /home/airflow/.local/lib/python3.7/site-packages/airflow/example_dags/example_dynamic_task_mapping.py took 1.604 seconds
