[2023-05-10T03:27:39.901+0000] {processor.py:156} INFO - Started process (PID=12087) to work on /home/airflow/.local/lib/python3.7/site-packages/airflow/example_dags/example_branch_python_dop_operator_3.py
[2023-05-10T03:27:40.092+0000] {processor.py:799} INFO - Processing file /home/airflow/.local/lib/python3.7/site-packages/airflow/example_dags/example_branch_python_dop_operator_3.py for tasks to queue
[2023-05-10T03:27:40.131+0000] {logging_mixin.py:149} INFO - [2023-05-10T03:27:40.129+0000] {dagbag.py:541} INFO - Filling up the DagBag from /home/airflow/.local/lib/python3.7/site-packages/airflow/example_dags/example_branch_python_dop_operator_3.py
[2023-05-10T03:27:41.227+0000] {processor.py:809} INFO - DAG(s) dict_keys(['example_branch_dop_operator_v3']) retrieved from /home/airflow/.local/lib/python3.7/site-packages/airflow/example_dags/example_branch_python_dop_operator_3.py
[2023-05-10T03:27:42.534+0000] {logging_mixin.py:149} INFO - [2023-05-10T03:27:42.522+0000] {dag.py:2726} INFO - Sync 1 DAGs
[2023-05-10T03:27:43.734+0000] {logging_mixin.py:149} INFO - [2023-05-10T03:27:43.430+0000] {dag.py:3490} INFO - Setting next_dagrun for example_branch_dop_operator_v3 to 2023-05-10T03:26:00+00:00, run_after=2023-05-10T03:27:00+00:00
[2023-05-10T03:27:44.415+0000] {processor.py:178} INFO - Processing /home/airflow/.local/lib/python3.7/site-packages/airflow/example_dags/example_branch_python_dop_operator_3.py took 4.859 seconds
[2023-05-10T04:06:24.131+0000] {processor.py:156} INFO - Started process (PID=12210) to work on /home/airflow/.local/lib/python3.7/site-packages/airflow/example_dags/example_branch_python_dop_operator_3.py
[2023-05-10T04:06:24.146+0000] {processor.py:799} INFO - Processing file /home/airflow/.local/lib/python3.7/site-packages/airflow/example_dags/example_branch_python_dop_operator_3.py for tasks to queue
[2023-05-10T04:06:24.153+0000] {logging_mixin.py:149} INFO - [2023-05-10T04:06:24.153+0000] {dagbag.py:541} INFO - Filling up the DagBag from /home/airflow/.local/lib/python3.7/site-packages/airflow/example_dags/example_branch_python_dop_operator_3.py
[2023-05-10T04:06:24.232+0000] {processor.py:809} INFO - DAG(s) dict_keys(['example_branch_dop_operator_v3']) retrieved from /home/airflow/.local/lib/python3.7/site-packages/airflow/example_dags/example_branch_python_dop_operator_3.py
[2023-05-10T04:06:24.851+0000] {logging_mixin.py:149} INFO - [2023-05-10T04:06:24.842+0000] {dag.py:2726} INFO - Sync 1 DAGs
[2023-05-10T04:06:25.348+0000] {logging_mixin.py:149} INFO - [2023-05-10T04:06:25.347+0000] {dag.py:3490} INFO - Setting next_dagrun for example_branch_dop_operator_v3 to 2023-05-10T04:05:00+00:00, run_after=2023-05-10T04:06:00+00:00
[2023-05-10T04:06:25.751+0000] {processor.py:178} INFO - Processing /home/airflow/.local/lib/python3.7/site-packages/airflow/example_dags/example_branch_python_dop_operator_3.py took 1.669 seconds
[2023-05-10T04:08:56.008+0000] {processor.py:156} INFO - Started process (PID=12297) to work on /home/airflow/.local/lib/python3.7/site-packages/airflow/example_dags/example_branch_python_dop_operator_3.py
[2023-05-10T04:08:56.067+0000] {processor.py:799} INFO - Processing file /home/airflow/.local/lib/python3.7/site-packages/airflow/example_dags/example_branch_python_dop_operator_3.py for tasks to queue
[2023-05-10T04:08:56.143+0000] {logging_mixin.py:149} INFO - [2023-05-10T04:08:56.143+0000] {dagbag.py:541} INFO - Filling up the DagBag from /home/airflow/.local/lib/python3.7/site-packages/airflow/example_dags/example_branch_python_dop_operator_3.py
[2023-05-10T04:08:57.919+0000] {processor.py:809} INFO - DAG(s) dict_keys(['example_branch_dop_operator_v3']) retrieved from /home/airflow/.local/lib/python3.7/site-packages/airflow/example_dags/example_branch_python_dop_operator_3.py
[2023-05-10T04:09:00.584+0000] {logging_mixin.py:149} INFO - [2023-05-10T04:09:00.561+0000] {dag.py:2726} INFO - Sync 1 DAGs
[2023-05-10T04:09:01.449+0000] {logging_mixin.py:149} INFO - [2023-05-10T04:09:01.447+0000] {dag.py:3490} INFO - Setting next_dagrun for example_branch_dop_operator_v3 to 2023-05-10T04:08:00+00:00, run_after=2023-05-10T04:09:00+00:00
[2023-05-10T04:09:01.863+0000] {processor.py:178} INFO - Processing /home/airflow/.local/lib/python3.7/site-packages/airflow/example_dags/example_branch_python_dop_operator_3.py took 6.210 seconds
[2023-05-10T04:14:24.459+0000] {processor.py:156} INFO - Started process (PID=12431) to work on /home/airflow/.local/lib/python3.7/site-packages/airflow/example_dags/example_branch_python_dop_operator_3.py
[2023-05-10T04:14:24.499+0000] {processor.py:799} INFO - Processing file /home/airflow/.local/lib/python3.7/site-packages/airflow/example_dags/example_branch_python_dop_operator_3.py for tasks to queue
[2023-05-10T04:14:24.529+0000] {logging_mixin.py:149} INFO - [2023-05-10T04:14:24.528+0000] {dagbag.py:541} INFO - Filling up the DagBag from /home/airflow/.local/lib/python3.7/site-packages/airflow/example_dags/example_branch_python_dop_operator_3.py
[2023-05-10T04:14:25.668+0000] {processor.py:809} INFO - DAG(s) dict_keys(['example_branch_dop_operator_v3']) retrieved from /home/airflow/.local/lib/python3.7/site-packages/airflow/example_dags/example_branch_python_dop_operator_3.py
[2023-05-10T04:14:27.104+0000] {logging_mixin.py:149} INFO - [2023-05-10T04:14:27.097+0000] {dag.py:2726} INFO - Sync 1 DAGs
[2023-05-10T04:14:27.402+0000] {logging_mixin.py:149} INFO - [2023-05-10T04:14:27.399+0000] {dag.py:3490} INFO - Setting next_dagrun for example_branch_dop_operator_v3 to 2023-05-10T04:13:00+00:00, run_after=2023-05-10T04:14:00+00:00
[2023-05-10T04:14:27.878+0000] {processor.py:178} INFO - Processing /home/airflow/.local/lib/python3.7/site-packages/airflow/example_dags/example_branch_python_dop_operator_3.py took 3.719 seconds
[2023-05-10T04:15:39.019+0000] {processor.py:156} INFO - Started process (PID=12486) to work on /home/airflow/.local/lib/python3.7/site-packages/airflow/example_dags/example_branch_python_dop_operator_3.py
[2023-05-10T04:15:39.178+0000] {processor.py:799} INFO - Processing file /home/airflow/.local/lib/python3.7/site-packages/airflow/example_dags/example_branch_python_dop_operator_3.py for tasks to queue
[2023-05-10T04:15:39.207+0000] {logging_mixin.py:149} INFO - [2023-05-10T04:15:39.206+0000] {dagbag.py:541} INFO - Filling up the DagBag from /home/airflow/.local/lib/python3.7/site-packages/airflow/example_dags/example_branch_python_dop_operator_3.py
[2023-05-10T04:15:40.800+0000] {processor.py:809} INFO - DAG(s) dict_keys(['example_branch_dop_operator_v3']) retrieved from /home/airflow/.local/lib/python3.7/site-packages/airflow/example_dags/example_branch_python_dop_operator_3.py
[2023-05-10T04:15:42.907+0000] {logging_mixin.py:149} INFO - [2023-05-10T04:15:42.905+0000] {dag.py:2726} INFO - Sync 1 DAGs
[2023-05-10T04:15:43.625+0000] {logging_mixin.py:149} INFO - [2023-05-10T04:15:43.611+0000] {dag.py:3490} INFO - Setting next_dagrun for example_branch_dop_operator_v3 to 2023-05-10T04:14:00+00:00, run_after=2023-05-10T04:15:00+00:00
[2023-05-10T04:15:43.824+0000] {processor.py:178} INFO - Processing /home/airflow/.local/lib/python3.7/site-packages/airflow/example_dags/example_branch_python_dop_operator_3.py took 4.912 seconds
