[2023-05-10T02:30:17.662+0000] {processor.py:156} INFO - Started process (PID=12074) to work on /home/airflow/.local/lib/python3.7/site-packages/airflow/example_dags/example_short_circuit_operator.py
[2023-05-10T02:30:17.674+0000] {processor.py:799} INFO - Processing file /home/airflow/.local/lib/python3.7/site-packages/airflow/example_dags/example_short_circuit_operator.py for tasks to queue
[2023-05-10T02:30:17.702+0000] {logging_mixin.py:149} INFO - [2023-05-10T02:30:17.695+0000] {dagbag.py:541} INFO - Filling up the DagBag from /home/airflow/.local/lib/python3.7/site-packages/airflow/example_dags/example_short_circuit_operator.py
[2023-05-10T02:30:17.934+0000] {processor.py:809} INFO - DAG(s) dict_keys(['example_short_circuit_operator']) retrieved from /home/airflow/.local/lib/python3.7/site-packages/airflow/example_dags/example_short_circuit_operator.py
[2023-05-10T02:30:19.808+0000] {logging_mixin.py:149} INFO - [2023-05-10T02:30:19.802+0000] {dag.py:2726} INFO - Sync 1 DAGs
[2023-05-10T02:30:21.128+0000] {logging_mixin.py:149} INFO - [2023-05-10T02:30:21.081+0000] {dag.py:3490} INFO - Setting next_dagrun for example_short_circuit_operator to 2023-05-09T02:30:20.888694+00:00, run_after=2023-05-10T02:30:20.888694+00:00
[2023-05-10T02:30:22.425+0000] {processor.py:178} INFO - Processing /home/airflow/.local/lib/python3.7/site-packages/airflow/example_dags/example_short_circuit_operator.py took 4.878 seconds
[2023-05-10T04:05:44.209+0000] {processor.py:156} INFO - Started process (PID=12197) to work on /home/airflow/.local/lib/python3.7/site-packages/airflow/example_dags/example_short_circuit_operator.py
[2023-05-10T04:05:44.388+0000] {processor.py:799} INFO - Processing file /home/airflow/.local/lib/python3.7/site-packages/airflow/example_dags/example_short_circuit_operator.py for tasks to queue
[2023-05-10T04:05:44.454+0000] {logging_mixin.py:149} INFO - [2023-05-10T04:05:44.453+0000] {dagbag.py:541} INFO - Filling up the DagBag from /home/airflow/.local/lib/python3.7/site-packages/airflow/example_dags/example_short_circuit_operator.py
[2023-05-10T04:05:44.982+0000] {processor.py:809} INFO - DAG(s) dict_keys(['example_short_circuit_operator']) retrieved from /home/airflow/.local/lib/python3.7/site-packages/airflow/example_dags/example_short_circuit_operator.py
[2023-05-10T04:05:47.203+0000] {logging_mixin.py:149} INFO - [2023-05-10T04:05:47.080+0000] {dag.py:2726} INFO - Sync 1 DAGs
[2023-05-10T04:05:49.756+0000] {logging_mixin.py:149} INFO - [2023-05-10T04:05:49.711+0000] {dag.py:3490} INFO - Setting next_dagrun for example_short_circuit_operator to 2023-05-09T04:05:49.688358+00:00, run_after=2023-05-10T04:05:49.688358+00:00
[2023-05-10T04:05:50.246+0000] {processor.py:178} INFO - Processing /home/airflow/.local/lib/python3.7/site-packages/airflow/example_dags/example_short_circuit_operator.py took 6.139 seconds
[2023-05-10T04:08:15.977+0000] {processor.py:156} INFO - Started process (PID=12283) to work on /home/airflow/.local/lib/python3.7/site-packages/airflow/example_dags/example_short_circuit_operator.py
[2023-05-10T04:08:15.987+0000] {processor.py:799} INFO - Processing file /home/airflow/.local/lib/python3.7/site-packages/airflow/example_dags/example_short_circuit_operator.py for tasks to queue
[2023-05-10T04:08:15.992+0000] {logging_mixin.py:149} INFO - [2023-05-10T04:08:15.992+0000] {dagbag.py:541} INFO - Filling up the DagBag from /home/airflow/.local/lib/python3.7/site-packages/airflow/example_dags/example_short_circuit_operator.py
[2023-05-10T04:08:16.090+0000] {processor.py:809} INFO - DAG(s) dict_keys(['example_short_circuit_operator']) retrieved from /home/airflow/.local/lib/python3.7/site-packages/airflow/example_dags/example_short_circuit_operator.py
[2023-05-10T04:08:16.854+0000] {logging_mixin.py:149} INFO - [2023-05-10T04:08:16.847+0000] {dag.py:2726} INFO - Sync 1 DAGs
[2023-05-10T04:08:17.180+0000] {logging_mixin.py:149} INFO - [2023-05-10T04:08:17.170+0000] {dag.py:3490} INFO - Setting next_dagrun for example_short_circuit_operator to 2023-05-09T04:08:17.162262+00:00, run_after=2023-05-10T04:08:17.162262+00:00
[2023-05-10T04:08:17.455+0000] {processor.py:178} INFO - Processing /home/airflow/.local/lib/python3.7/site-packages/airflow/example_dags/example_short_circuit_operator.py took 1.517 seconds
[2023-05-10T04:11:11.138+0000] {processor.py:156} INFO - Started process (PID=12350) to work on /home/airflow/.local/lib/python3.7/site-packages/airflow/example_dags/example_short_circuit_operator.py
[2023-05-10T04:11:11.149+0000] {processor.py:799} INFO - Processing file /home/airflow/.local/lib/python3.7/site-packages/airflow/example_dags/example_short_circuit_operator.py for tasks to queue
[2023-05-10T04:11:11.156+0000] {logging_mixin.py:149} INFO - [2023-05-10T04:11:11.155+0000] {dagbag.py:541} INFO - Filling up the DagBag from /home/airflow/.local/lib/python3.7/site-packages/airflow/example_dags/example_short_circuit_operator.py
[2023-05-10T04:11:11.249+0000] {processor.py:809} INFO - DAG(s) dict_keys(['example_short_circuit_operator']) retrieved from /home/airflow/.local/lib/python3.7/site-packages/airflow/example_dags/example_short_circuit_operator.py
[2023-05-10T04:11:11.784+0000] {logging_mixin.py:149} INFO - [2023-05-10T04:11:11.783+0000] {dag.py:2726} INFO - Sync 1 DAGs
[2023-05-10T04:11:12.041+0000] {logging_mixin.py:149} INFO - [2023-05-10T04:11:12.034+0000] {dag.py:3490} INFO - Setting next_dagrun for example_short_circuit_operator to 2023-05-09T04:11:12.012201+00:00, run_after=2023-05-10T04:11:12.012201+00:00
[2023-05-10T04:11:12.365+0000] {processor.py:178} INFO - Processing /home/airflow/.local/lib/python3.7/site-packages/airflow/example_dags/example_short_circuit_operator.py took 1.305 seconds
[2023-05-10T04:13:55.943+0000] {processor.py:156} INFO - Started process (PID=12417) to work on /home/airflow/.local/lib/python3.7/site-packages/airflow/example_dags/example_short_circuit_operator.py
[2023-05-10T04:13:55.968+0000] {processor.py:799} INFO - Processing file /home/airflow/.local/lib/python3.7/site-packages/airflow/example_dags/example_short_circuit_operator.py for tasks to queue
[2023-05-10T04:13:55.980+0000] {logging_mixin.py:149} INFO - [2023-05-10T04:13:55.979+0000] {dagbag.py:541} INFO - Filling up the DagBag from /home/airflow/.local/lib/python3.7/site-packages/airflow/example_dags/example_short_circuit_operator.py
[2023-05-10T04:13:56.034+0000] {processor.py:809} INFO - DAG(s) dict_keys(['example_short_circuit_operator']) retrieved from /home/airflow/.local/lib/python3.7/site-packages/airflow/example_dags/example_short_circuit_operator.py
[2023-05-10T04:13:56.590+0000] {logging_mixin.py:149} INFO - [2023-05-10T04:13:56.588+0000] {dag.py:2726} INFO - Sync 1 DAGs
[2023-05-10T04:13:57.062+0000] {logging_mixin.py:149} INFO - [2023-05-10T04:13:57.061+0000] {dag.py:3490} INFO - Setting next_dagrun for example_short_circuit_operator to 2023-05-09T04:13:57.060383+00:00, run_after=2023-05-10T04:13:57.060383+00:00
[2023-05-10T04:13:57.216+0000] {processor.py:178} INFO - Processing /home/airflow/.local/lib/python3.7/site-packages/airflow/example_dags/example_short_circuit_operator.py took 1.286 seconds
[2023-05-10T04:15:18.707+0000] {processor.py:156} INFO - Started process (PID=12473) to work on /home/airflow/.local/lib/python3.7/site-packages/airflow/example_dags/example_short_circuit_operator.py
[2023-05-10T04:15:18.909+0000] {processor.py:799} INFO - Processing file /home/airflow/.local/lib/python3.7/site-packages/airflow/example_dags/example_short_circuit_operator.py for tasks to queue
[2023-05-10T04:15:18.919+0000] {logging_mixin.py:149} INFO - [2023-05-10T04:15:18.918+0000] {dagbag.py:541} INFO - Filling up the DagBag from /home/airflow/.local/lib/python3.7/site-packages/airflow/example_dags/example_short_circuit_operator.py
[2023-05-10T04:15:18.990+0000] {processor.py:809} INFO - DAG(s) dict_keys(['example_short_circuit_operator']) retrieved from /home/airflow/.local/lib/python3.7/site-packages/airflow/example_dags/example_short_circuit_operator.py
[2023-05-10T04:15:19.184+0000] {logging_mixin.py:149} INFO - [2023-05-10T04:15:19.183+0000] {dag.py:2726} INFO - Sync 1 DAGs
[2023-05-10T04:15:19.396+0000] {logging_mixin.py:149} INFO - [2023-05-10T04:15:19.395+0000] {dag.py:3490} INFO - Setting next_dagrun for example_short_circuit_operator to 2023-05-09T04:15:19.393889+00:00, run_after=2023-05-10T04:15:19.393889+00:00
[2023-05-10T04:15:20.134+0000] {processor.py:178} INFO - Processing /home/airflow/.local/lib/python3.7/site-packages/airflow/example_dags/example_short_circuit_operator.py took 1.444 seconds
