[2023-05-10T04:06:57.282+0000] {processor.py:156} INFO - Started process (PID=12230) to work on /home/airflow/.local/lib/python3.7/site-packages/airflow/example_dags/example_trigger_target_dag.py
[2023-05-10T04:06:57.297+0000] {processor.py:799} INFO - Processing file /home/airflow/.local/lib/python3.7/site-packages/airflow/example_dags/example_trigger_target_dag.py for tasks to queue
[2023-05-10T04:06:57.331+0000] {logging_mixin.py:149} INFO - [2023-05-10T04:06:57.330+0000] {dagbag.py:541} INFO - Filling up the DagBag from /home/airflow/.local/lib/python3.7/site-packages/airflow/example_dags/example_trigger_target_dag.py
[2023-05-10T04:06:57.456+0000] {processor.py:809} INFO - DAG(s) dict_keys(['example_trigger_target_dag']) retrieved from /home/airflow/.local/lib/python3.7/site-packages/airflow/example_dags/example_trigger_target_dag.py
[2023-05-10T04:06:58.428+0000] {logging_mixin.py:149} INFO - [2023-05-10T04:06:58.424+0000] {dag.py:2726} INFO - Sync 1 DAGs
[2023-05-10T04:06:58.796+0000] {logging_mixin.py:149} INFO - [2023-05-10T04:06:58.795+0000] {dag.py:3490} INFO - Setting next_dagrun for example_trigger_target_dag to None, run_after=None
[2023-05-10T04:06:59.060+0000] {processor.py:178} INFO - Processing /home/airflow/.local/lib/python3.7/site-packages/airflow/example_dags/example_trigger_target_dag.py took 1.939 seconds
[2023-05-10T04:11:42.729+0000] {processor.py:156} INFO - Started process (PID=12357) to work on /home/airflow/.local/lib/python3.7/site-packages/airflow/example_dags/example_trigger_target_dag.py
[2023-05-10T04:11:43.021+0000] {processor.py:799} INFO - Processing file /home/airflow/.local/lib/python3.7/site-packages/airflow/example_dags/example_trigger_target_dag.py for tasks to queue
[2023-05-10T04:11:43.132+0000] {logging_mixin.py:149} INFO - [2023-05-10T04:11:43.131+0000] {dagbag.py:541} INFO - Filling up the DagBag from /home/airflow/.local/lib/python3.7/site-packages/airflow/example_dags/example_trigger_target_dag.py
[2023-05-10T04:11:44.402+0000] {processor.py:809} INFO - DAG(s) dict_keys(['example_trigger_target_dag']) retrieved from /home/airflow/.local/lib/python3.7/site-packages/airflow/example_dags/example_trigger_target_dag.py
[2023-05-10T04:11:48.180+0000] {logging_mixin.py:149} INFO - [2023-05-10T04:11:47.989+0000] {dag.py:2726} INFO - Sync 1 DAGs
[2023-05-10T04:11:49.437+0000] {logging_mixin.py:149} INFO - [2023-05-10T04:11:49.407+0000] {dag.py:3490} INFO - Setting next_dagrun for example_trigger_target_dag to None, run_after=None
[2023-05-10T04:11:50.239+0000] {processor.py:178} INFO - Processing /home/airflow/.local/lib/python3.7/site-packages/airflow/example_dags/example_trigger_target_dag.py took 9.795 seconds
[2023-05-10T04:14:57.677+0000] {processor.py:156} INFO - Started process (PID=12450) to work on /home/airflow/.local/lib/python3.7/site-packages/airflow/example_dags/example_trigger_target_dag.py
[2023-05-10T04:14:57.733+0000] {processor.py:799} INFO - Processing file /home/airflow/.local/lib/python3.7/site-packages/airflow/example_dags/example_trigger_target_dag.py for tasks to queue
[2023-05-10T04:14:57.751+0000] {logging_mixin.py:149} INFO - [2023-05-10T04:14:57.743+0000] {dagbag.py:541} INFO - Filling up the DagBag from /home/airflow/.local/lib/python3.7/site-packages/airflow/example_dags/example_trigger_target_dag.py
[2023-05-10T04:14:58.165+0000] {processor.py:809} INFO - DAG(s) dict_keys(['example_trigger_target_dag']) retrieved from /home/airflow/.local/lib/python3.7/site-packages/airflow/example_dags/example_trigger_target_dag.py
[2023-05-10T04:14:58.952+0000] {logging_mixin.py:149} INFO - [2023-05-10T04:14:58.950+0000] {dag.py:2726} INFO - Sync 1 DAGs
[2023-05-10T04:14:59.384+0000] {logging_mixin.py:149} INFO - [2023-05-10T04:14:59.383+0000] {dag.py:3490} INFO - Setting next_dagrun for example_trigger_target_dag to None, run_after=None
[2023-05-10T04:14:59.563+0000] {processor.py:178} INFO - Processing /home/airflow/.local/lib/python3.7/site-packages/airflow/example_dags/example_trigger_target_dag.py took 2.107 seconds
