[2023-05-10T04:06:52.379+0000] {processor.py:156} INFO - Started process (PID=12229) to work on /home/airflow/.local/lib/python3.7/site-packages/airflow/example_dags/example_branch_operator_decorator.py
[2023-05-10T04:06:52.412+0000] {processor.py:799} INFO - Processing file /home/airflow/.local/lib/python3.7/site-packages/airflow/example_dags/example_branch_operator_decorator.py for tasks to queue
[2023-05-10T04:06:52.417+0000] {logging_mixin.py:149} INFO - [2023-05-10T04:06:52.417+0000] {dagbag.py:541} INFO - Filling up the DagBag from /home/airflow/.local/lib/python3.7/site-packages/airflow/example_dags/example_branch_operator_decorator.py
[2023-05-10T04:06:52.683+0000] {processor.py:809} INFO - DAG(s) dict_keys(['example_branch_python_operator_decorator']) retrieved from /home/airflow/.local/lib/python3.7/site-packages/airflow/example_dags/example_branch_operator_decorator.py
[2023-05-10T04:06:53.356+0000] {logging_mixin.py:149} INFO - [2023-05-10T04:06:53.356+0000] {dag.py:2726} INFO - Sync 1 DAGs
[2023-05-10T04:06:53.464+0000] {logging_mixin.py:149} INFO - [2023-05-10T04:06:53.464+0000] {dag.py:3490} INFO - Setting next_dagrun for example_branch_python_operator_decorator to 2023-05-09T00:00:00+00:00, run_after=2023-05-10T00:00:00+00:00
[2023-05-10T04:06:58.833+0000] {processor.py:178} INFO - Processing /home/airflow/.local/lib/python3.7/site-packages/airflow/example_dags/example_branch_operator_decorator.py took 6.583 seconds
[2023-05-10T04:11:31.652+0000] {processor.py:156} INFO - Started process (PID=12356) to work on /home/airflow/.local/lib/python3.7/site-packages/airflow/example_dags/example_branch_operator_decorator.py
[2023-05-10T04:11:31.756+0000] {processor.py:799} INFO - Processing file /home/airflow/.local/lib/python3.7/site-packages/airflow/example_dags/example_branch_operator_decorator.py for tasks to queue
[2023-05-10T04:11:31.810+0000] {logging_mixin.py:149} INFO - [2023-05-10T04:11:31.802+0000] {dagbag.py:541} INFO - Filling up the DagBag from /home/airflow/.local/lib/python3.7/site-packages/airflow/example_dags/example_branch_operator_decorator.py
[2023-05-10T04:11:33.159+0000] {processor.py:809} INFO - DAG(s) dict_keys(['example_branch_python_operator_decorator']) retrieved from /home/airflow/.local/lib/python3.7/site-packages/airflow/example_dags/example_branch_operator_decorator.py
[2023-05-10T04:11:35.030+0000] {logging_mixin.py:149} INFO - [2023-05-10T04:11:34.989+0000] {dag.py:2726} INFO - Sync 1 DAGs
[2023-05-10T04:11:37.141+0000] {logging_mixin.py:149} INFO - [2023-05-10T04:11:37.138+0000] {dag.py:3490} INFO - Setting next_dagrun for example_branch_python_operator_decorator to 2023-05-09T00:00:00+00:00, run_after=2023-05-10T00:00:00+00:00
[2023-05-10T04:11:38.261+0000] {processor.py:178} INFO - Processing /home/airflow/.local/lib/python3.7/site-packages/airflow/example_dags/example_branch_operator_decorator.py took 6.875 seconds
[2023-05-10T04:14:52.975+0000] {processor.py:156} INFO - Started process (PID=12449) to work on /home/airflow/.local/lib/python3.7/site-packages/airflow/example_dags/example_branch_operator_decorator.py
[2023-05-10T04:14:52.987+0000] {processor.py:799} INFO - Processing file /home/airflow/.local/lib/python3.7/site-packages/airflow/example_dags/example_branch_operator_decorator.py for tasks to queue
[2023-05-10T04:14:53.090+0000] {logging_mixin.py:149} INFO - [2023-05-10T04:14:53.088+0000] {dagbag.py:541} INFO - Filling up the DagBag from /home/airflow/.local/lib/python3.7/site-packages/airflow/example_dags/example_branch_operator_decorator.py
[2023-05-10T04:14:53.526+0000] {processor.py:809} INFO - DAG(s) dict_keys(['example_branch_python_operator_decorator']) retrieved from /home/airflow/.local/lib/python3.7/site-packages/airflow/example_dags/example_branch_operator_decorator.py
[2023-05-10T04:14:54.132+0000] {logging_mixin.py:149} INFO - [2023-05-10T04:14:54.127+0000] {dag.py:2726} INFO - Sync 1 DAGs
[2023-05-10T04:14:54.623+0000] {logging_mixin.py:149} INFO - [2023-05-10T04:14:54.621+0000] {dag.py:3490} INFO - Setting next_dagrun for example_branch_python_operator_decorator to 2023-05-09T00:00:00+00:00, run_after=2023-05-10T00:00:00+00:00
[2023-05-10T04:14:54.909+0000] {processor.py:178} INFO - Processing /home/airflow/.local/lib/python3.7/site-packages/airflow/example_dags/example_branch_operator_decorator.py took 1.967 seconds
