[2023-05-10T03:27:55.561+0000] {processor.py:156} INFO - Started process (PID=12098) to work on /home/airflow/.local/lib/python3.7/site-packages/airflow/example_dags/example_latest_only.py
[2023-05-10T03:27:55.642+0000] {processor.py:799} INFO - Processing file /home/airflow/.local/lib/python3.7/site-packages/airflow/example_dags/example_latest_only.py for tasks to queue
[2023-05-10T03:27:55.669+0000] {logging_mixin.py:149} INFO - [2023-05-10T03:27:55.669+0000] {dagbag.py:541} INFO - Filling up the DagBag from /home/airflow/.local/lib/python3.7/site-packages/airflow/example_dags/example_latest_only.py
[2023-05-10T03:27:56.123+0000] {processor.py:809} INFO - DAG(s) dict_keys(['latest_only']) retrieved from /home/airflow/.local/lib/python3.7/site-packages/airflow/example_dags/example_latest_only.py
[2023-05-10T03:27:57.185+0000] {logging_mixin.py:149} INFO - [2023-05-10T03:27:57.182+0000] {dag.py:2726} INFO - Sync 1 DAGs
[2023-05-10T03:27:57.436+0000] {logging_mixin.py:149} INFO - [2023-05-10T03:27:57.433+0000] {dag.py:3490} INFO - Setting next_dagrun for latest_only to 2023-05-09T23:27:57.425582+00:00, run_after=2023-05-10T03:27:57.425582+00:00
[2023-05-10T03:27:58.775+0000] {processor.py:178} INFO - Processing /home/airflow/.local/lib/python3.7/site-packages/airflow/example_dags/example_latest_only.py took 3.412 seconds
[2023-05-10T04:06:32.877+0000] {processor.py:156} INFO - Started process (PID=12214) to work on /home/airflow/.local/lib/python3.7/site-packages/airflow/example_dags/example_latest_only.py
[2023-05-10T04:06:32.890+0000] {processor.py:799} INFO - Processing file /home/airflow/.local/lib/python3.7/site-packages/airflow/example_dags/example_latest_only.py for tasks to queue
[2023-05-10T04:06:32.895+0000] {logging_mixin.py:149} INFO - [2023-05-10T04:06:32.895+0000] {dagbag.py:541} INFO - Filling up the DagBag from /home/airflow/.local/lib/python3.7/site-packages/airflow/example_dags/example_latest_only.py
[2023-05-10T04:06:33.062+0000] {processor.py:809} INFO - DAG(s) dict_keys(['latest_only']) retrieved from /home/airflow/.local/lib/python3.7/site-packages/airflow/example_dags/example_latest_only.py
[2023-05-10T04:06:33.479+0000] {logging_mixin.py:149} INFO - [2023-05-10T04:06:33.478+0000] {dag.py:2726} INFO - Sync 1 DAGs
[2023-05-10T04:06:33.707+0000] {logging_mixin.py:149} INFO - [2023-05-10T04:06:33.704+0000] {dag.py:3490} INFO - Setting next_dagrun for latest_only to 2023-05-10T00:06:33.698290+00:00, run_after=2023-05-10T04:06:33.698290+00:00
[2023-05-10T04:06:33.818+0000] {processor.py:178} INFO - Processing /home/airflow/.local/lib/python3.7/site-packages/airflow/example_dags/example_latest_only.py took 1.012 seconds
[2023-05-10T04:09:05.123+0000] {processor.py:156} INFO - Started process (PID=12301) to work on /home/airflow/.local/lib/python3.7/site-packages/airflow/example_dags/example_latest_only.py
[2023-05-10T04:09:05.131+0000] {processor.py:799} INFO - Processing file /home/airflow/.local/lib/python3.7/site-packages/airflow/example_dags/example_latest_only.py for tasks to queue
[2023-05-10T04:09:05.135+0000] {logging_mixin.py:149} INFO - [2023-05-10T04:09:05.135+0000] {dagbag.py:541} INFO - Filling up the DagBag from /home/airflow/.local/lib/python3.7/site-packages/airflow/example_dags/example_latest_only.py
[2023-05-10T04:09:05.421+0000] {processor.py:809} INFO - DAG(s) dict_keys(['latest_only']) retrieved from /home/airflow/.local/lib/python3.7/site-packages/airflow/example_dags/example_latest_only.py
[2023-05-10T04:09:05.940+0000] {logging_mixin.py:149} INFO - [2023-05-10T04:09:05.937+0000] {dag.py:2726} INFO - Sync 1 DAGs
[2023-05-10T04:09:06.504+0000] {logging_mixin.py:149} INFO - [2023-05-10T04:09:06.499+0000] {dag.py:3490} INFO - Setting next_dagrun for latest_only to 2023-05-10T00:09:06.493287+00:00, run_after=2023-05-10T04:09:06.493287+00:00
[2023-05-10T04:09:06.747+0000] {processor.py:178} INFO - Processing /home/airflow/.local/lib/python3.7/site-packages/airflow/example_dags/example_latest_only.py took 1.686 seconds
[2023-05-10T04:14:43.780+0000] {processor.py:156} INFO - Started process (PID=12442) to work on /home/airflow/.local/lib/python3.7/site-packages/airflow/example_dags/example_latest_only.py
[2023-05-10T04:14:43.824+0000] {processor.py:799} INFO - Processing file /home/airflow/.local/lib/python3.7/site-packages/airflow/example_dags/example_latest_only.py for tasks to queue
[2023-05-10T04:14:43.847+0000] {logging_mixin.py:149} INFO - [2023-05-10T04:14:43.844+0000] {dagbag.py:541} INFO - Filling up the DagBag from /home/airflow/.local/lib/python3.7/site-packages/airflow/example_dags/example_latest_only.py
[2023-05-10T04:14:44.258+0000] {processor.py:809} INFO - DAG(s) dict_keys(['latest_only']) retrieved from /home/airflow/.local/lib/python3.7/site-packages/airflow/example_dags/example_latest_only.py
[2023-05-10T04:14:44.988+0000] {logging_mixin.py:149} INFO - [2023-05-10T04:14:44.984+0000] {dag.py:2726} INFO - Sync 1 DAGs
[2023-05-10T04:14:45.583+0000] {logging_mixin.py:149} INFO - [2023-05-10T04:14:45.581+0000] {dag.py:3490} INFO - Setting next_dagrun for latest_only to 2023-05-10T00:14:45.576006+00:00, run_after=2023-05-10T04:14:45.576006+00:00
[2023-05-10T04:14:45.840+0000] {processor.py:178} INFO - Processing /home/airflow/.local/lib/python3.7/site-packages/airflow/example_dags/example_latest_only.py took 2.229 seconds
