[2023-05-10T00:38:42.518+0000] {processor.py:156} INFO - Started process (PID=12028) to work on /home/airflow/.local/lib/python3.7/site-packages/airflow/example_dags/example_latest_only_with_trigger.py
[2023-05-10T00:38:42.546+0000] {processor.py:799} INFO - Processing file /home/airflow/.local/lib/python3.7/site-packages/airflow/example_dags/example_latest_only_with_trigger.py for tasks to queue
[2023-05-10T00:38:42.651+0000] {logging_mixin.py:149} INFO - [2023-05-10T00:38:42.650+0000] {dagbag.py:541} INFO - Filling up the DagBag from /home/airflow/.local/lib/python3.7/site-packages/airflow/example_dags/example_latest_only_with_trigger.py
[2023-05-10T00:38:44.533+0000] {processor.py:809} INFO - DAG(s) dict_keys(['latest_only_with_trigger']) retrieved from /home/airflow/.local/lib/python3.7/site-packages/airflow/example_dags/example_latest_only_with_trigger.py
[2023-05-10T00:39:01.942+0000] {logging_mixin.py:149} INFO - [2023-05-10T00:39:01.883+0000] {dag.py:2726} INFO - Sync 1 DAGs
[2023-05-10T00:39:03.185+0000] {logging_mixin.py:149} INFO - [2023-05-10T00:39:03.124+0000] {dag.py:3490} INFO - Setting next_dagrun for latest_only_with_trigger to 2023-05-09T20:39:03.069775+00:00, run_after=2023-05-10T00:39:03.069775+00:00
[2023-05-10T00:39:08.629+0000] {processor.py:178} INFO - Processing /home/airflow/.local/lib/python3.7/site-packages/airflow/example_dags/example_latest_only_with_trigger.py took 26.876 seconds
[2023-05-10T04:07:03.449+0000] {processor.py:156} INFO - Started process (PID=12233) to work on /home/airflow/.local/lib/python3.7/site-packages/airflow/example_dags/example_latest_only_with_trigger.py
[2023-05-10T04:07:03.456+0000] {processor.py:799} INFO - Processing file /home/airflow/.local/lib/python3.7/site-packages/airflow/example_dags/example_latest_only_with_trigger.py for tasks to queue
[2023-05-10T04:07:03.461+0000] {logging_mixin.py:149} INFO - [2023-05-10T04:07:03.461+0000] {dagbag.py:541} INFO - Filling up the DagBag from /home/airflow/.local/lib/python3.7/site-packages/airflow/example_dags/example_latest_only_with_trigger.py
[2023-05-10T04:07:03.551+0000] {processor.py:809} INFO - DAG(s) dict_keys(['latest_only_with_trigger']) retrieved from /home/airflow/.local/lib/python3.7/site-packages/airflow/example_dags/example_latest_only_with_trigger.py
[2023-05-10T04:07:04.392+0000] {logging_mixin.py:149} INFO - [2023-05-10T04:07:04.387+0000] {dag.py:2726} INFO - Sync 1 DAGs
[2023-05-10T04:07:04.616+0000] {logging_mixin.py:149} INFO - [2023-05-10T04:07:04.615+0000] {dag.py:3490} INFO - Setting next_dagrun for latest_only_with_trigger to 2023-05-10T00:07:04.613899+00:00, run_after=2023-05-10T04:07:04.613899+00:00
[2023-05-10T04:07:11.819+0000] {processor.py:178} INFO - Processing /home/airflow/.local/lib/python3.7/site-packages/airflow/example_dags/example_latest_only_with_trigger.py took 8.421 seconds
[2023-05-10T04:12:17.586+0000] {processor.py:156} INFO - Started process (PID=12367) to work on /home/airflow/.local/lib/python3.7/site-packages/airflow/example_dags/example_latest_only_with_trigger.py
[2023-05-10T04:12:17.637+0000] {processor.py:799} INFO - Processing file /home/airflow/.local/lib/python3.7/site-packages/airflow/example_dags/example_latest_only_with_trigger.py for tasks to queue
[2023-05-10T04:12:17.705+0000] {logging_mixin.py:149} INFO - [2023-05-10T04:12:17.687+0000] {dagbag.py:541} INFO - Filling up the DagBag from /home/airflow/.local/lib/python3.7/site-packages/airflow/example_dags/example_latest_only_with_trigger.py
[2023-05-10T04:12:18.041+0000] {processor.py:809} INFO - DAG(s) dict_keys(['latest_only_with_trigger']) retrieved from /home/airflow/.local/lib/python3.7/site-packages/airflow/example_dags/example_latest_only_with_trigger.py
[2023-05-10T04:12:21.856+0000] {logging_mixin.py:149} INFO - [2023-05-10T04:12:21.458+0000] {dag.py:2726} INFO - Sync 1 DAGs
[2023-05-10T04:12:24.326+0000] {logging_mixin.py:149} INFO - [2023-05-10T04:12:24.229+0000] {dag.py:3490} INFO - Setting next_dagrun for latest_only_with_trigger to 2023-05-10T00:12:24.165521+00:00, run_after=2023-05-10T04:12:24.165521+00:00
[2023-05-10T04:12:27.844+0000] {processor.py:178} INFO - Processing /home/airflow/.local/lib/python3.7/site-packages/airflow/example_dags/example_latest_only_with_trigger.py took 11.045 seconds
[2023-05-10T04:16:04.867+0000] {processor.py:156} INFO - Started process (PID=12489) to work on /home/airflow/.local/lib/python3.7/site-packages/airflow/example_dags/example_latest_only_with_trigger.py
[2023-05-10T04:16:04.909+0000] {processor.py:799} INFO - Processing file /home/airflow/.local/lib/python3.7/site-packages/airflow/example_dags/example_latest_only_with_trigger.py for tasks to queue
[2023-05-10T04:16:04.942+0000] {logging_mixin.py:149} INFO - [2023-05-10T04:16:04.940+0000] {dagbag.py:541} INFO - Filling up the DagBag from /home/airflow/.local/lib/python3.7/site-packages/airflow/example_dags/example_latest_only_with_trigger.py
[2023-05-10T04:16:05.769+0000] {processor.py:809} INFO - DAG(s) dict_keys(['latest_only_with_trigger']) retrieved from /home/airflow/.local/lib/python3.7/site-packages/airflow/example_dags/example_latest_only_with_trigger.py
[2023-05-10T04:16:06.589+0000] {logging_mixin.py:149} INFO - [2023-05-10T04:16:06.584+0000] {dag.py:2726} INFO - Sync 1 DAGs
[2023-05-10T04:16:07.018+0000] {logging_mixin.py:149} INFO - [2023-05-10T04:16:07.018+0000] {dag.py:3490} INFO - Setting next_dagrun for latest_only_with_trigger to 2023-05-10T00:16:07.006427+00:00, run_after=2023-05-10T04:16:07.006427+00:00
[2023-05-10T04:16:07.255+0000] {processor.py:178} INFO - Processing /home/airflow/.local/lib/python3.7/site-packages/airflow/example_dags/example_latest_only_with_trigger.py took 2.473 seconds
