[2023-05-10T01:12:41.548+0000] {processor.py:156} INFO - Started process (PID=12049) to work on /home/airflow/.local/lib/python3.7/site-packages/airflow/example_dags/example_sla_dag.py
[2023-05-10T01:12:42.976+0000] {processor.py:799} INFO - Processing file /home/airflow/.local/lib/python3.7/site-packages/airflow/example_dags/example_sla_dag.py for tasks to queue
[2023-05-10T01:12:43.368+0000] {logging_mixin.py:149} INFO - [2023-05-10T01:12:43.331+0000] {dagbag.py:541} INFO - Filling up the DagBag from /home/airflow/.local/lib/python3.7/site-packages/airflow/example_dags/example_sla_dag.py
[2023-05-10T01:12:44.344+0000] {processor.py:809} INFO - DAG(s) dict_keys(['example_sla_dag']) retrieved from /home/airflow/.local/lib/python3.7/site-packages/airflow/example_dags/example_sla_dag.py
[2023-05-10T01:12:47.046+0000] {logging_mixin.py:149} INFO - [2023-05-10T01:12:47.044+0000] {dag.py:2726} INFO - Sync 1 DAGs
[2023-05-10T01:12:48.006+0000] {logging_mixin.py:149} INFO - [2023-05-10T01:12:47.980+0000] {dag.py:3490} INFO - Setting next_dagrun for example_sla_dag to 2023-05-10T01:10:00+00:00, run_after=2023-05-10T01:12:00+00:00
[2023-05-10T01:12:48.855+0000] {processor.py:178} INFO - Processing /home/airflow/.local/lib/python3.7/site-packages/airflow/example_dags/example_sla_dag.py took 9.019 seconds
[2023-05-10T04:01:21.010+0000] {processor.py:156} INFO - Started process (PID=12137) to work on /home/airflow/.local/lib/python3.7/site-packages/airflow/example_dags/example_sla_dag.py
[2023-05-10T04:01:21.081+0000] {processor.py:799} INFO - Processing file /home/airflow/.local/lib/python3.7/site-packages/airflow/example_dags/example_sla_dag.py for tasks to queue
[2023-05-10T04:01:21.140+0000] {logging_mixin.py:149} INFO - [2023-05-10T04:01:21.139+0000] {dagbag.py:541} INFO - Filling up the DagBag from /home/airflow/.local/lib/python3.7/site-packages/airflow/example_dags/example_sla_dag.py
[2023-05-10T04:01:23.761+0000] {processor.py:809} INFO - DAG(s) dict_keys(['example_sla_dag']) retrieved from /home/airflow/.local/lib/python3.7/site-packages/airflow/example_dags/example_sla_dag.py
[2023-05-10T04:01:29.879+0000] {logging_mixin.py:149} INFO - [2023-05-10T04:01:29.843+0000] {dag.py:2726} INFO - Sync 1 DAGs
[2023-05-10T04:01:42.596+0000] {logging_mixin.py:149} INFO - [2023-05-10T04:01:42.393+0000] {dag.py:3490} INFO - Setting next_dagrun for example_sla_dag to 2023-05-10T03:58:00+00:00, run_after=2023-05-10T04:00:00+00:00
[2023-05-10T04:02:11.627+0000] {processor.py:178} INFO - Processing /home/airflow/.local/lib/python3.7/site-packages/airflow/example_dags/example_sla_dag.py took 50.898 seconds
[2023-05-10T04:07:36.551+0000] {processor.py:156} INFO - Started process (PID=12256) to work on /home/airflow/.local/lib/python3.7/site-packages/airflow/example_dags/example_sla_dag.py
[2023-05-10T04:07:36.589+0000] {processor.py:799} INFO - Processing file /home/airflow/.local/lib/python3.7/site-packages/airflow/example_dags/example_sla_dag.py for tasks to queue
[2023-05-10T04:07:36.652+0000] {logging_mixin.py:149} INFO - [2023-05-10T04:07:36.651+0000] {dagbag.py:541} INFO - Filling up the DagBag from /home/airflow/.local/lib/python3.7/site-packages/airflow/example_dags/example_sla_dag.py
[2023-05-10T04:07:36.954+0000] {processor.py:809} INFO - DAG(s) dict_keys(['example_sla_dag']) retrieved from /home/airflow/.local/lib/python3.7/site-packages/airflow/example_dags/example_sla_dag.py
[2023-05-10T04:07:38.008+0000] {logging_mixin.py:149} INFO - [2023-05-10T04:07:37.996+0000] {dag.py:2726} INFO - Sync 1 DAGs
[2023-05-10T04:07:38.578+0000] {logging_mixin.py:149} INFO - [2023-05-10T04:07:38.577+0000] {dag.py:3490} INFO - Setting next_dagrun for example_sla_dag to 2023-05-10T04:04:00+00:00, run_after=2023-05-10T04:06:00+00:00
[2023-05-10T04:07:38.998+0000] {processor.py:178} INFO - Processing /home/airflow/.local/lib/python3.7/site-packages/airflow/example_dags/example_sla_dag.py took 2.507 seconds
[2023-05-10T04:09:20.632+0000] {processor.py:156} INFO - Started process (PID=12310) to work on /home/airflow/.local/lib/python3.7/site-packages/airflow/example_dags/example_sla_dag.py
[2023-05-10T04:09:20.682+0000] {processor.py:799} INFO - Processing file /home/airflow/.local/lib/python3.7/site-packages/airflow/example_dags/example_sla_dag.py for tasks to queue
[2023-05-10T04:09:20.717+0000] {logging_mixin.py:149} INFO - [2023-05-10T04:09:20.716+0000] {dagbag.py:541} INFO - Filling up the DagBag from /home/airflow/.local/lib/python3.7/site-packages/airflow/example_dags/example_sla_dag.py
[2023-05-10T04:09:21.415+0000] {processor.py:809} INFO - DAG(s) dict_keys(['example_sla_dag']) retrieved from /home/airflow/.local/lib/python3.7/site-packages/airflow/example_dags/example_sla_dag.py
[2023-05-10T04:09:22.296+0000] {logging_mixin.py:149} INFO - [2023-05-10T04:09:22.295+0000] {dag.py:2726} INFO - Sync 1 DAGs
[2023-05-10T04:09:24.778+0000] {logging_mixin.py:149} INFO - [2023-05-10T04:09:24.722+0000] {dag.py:3490} INFO - Setting next_dagrun for example_sla_dag to 2023-05-10T04:06:00+00:00, run_after=2023-05-10T04:08:00+00:00
[2023-05-10T04:09:28.443+0000] {processor.py:178} INFO - Processing /home/airflow/.local/lib/python3.7/site-packages/airflow/example_dags/example_sla_dag.py took 8.162 seconds
[2023-05-10T04:12:59.719+0000] {processor.py:156} INFO - Started process (PID=12397) to work on /home/airflow/.local/lib/python3.7/site-packages/airflow/example_dags/example_sla_dag.py
[2023-05-10T04:13:01.045+0000] {processor.py:799} INFO - Processing file /home/airflow/.local/lib/python3.7/site-packages/airflow/example_dags/example_sla_dag.py for tasks to queue
[2023-05-10T04:13:01.230+0000] {logging_mixin.py:149} INFO - [2023-05-10T04:13:01.219+0000] {dagbag.py:541} INFO - Filling up the DagBag from /home/airflow/.local/lib/python3.7/site-packages/airflow/example_dags/example_sla_dag.py
[2023-05-10T04:13:01.655+0000] {processor.py:809} INFO - DAG(s) dict_keys(['example_sla_dag']) retrieved from /home/airflow/.local/lib/python3.7/site-packages/airflow/example_dags/example_sla_dag.py
[2023-05-10T04:13:06.848+0000] {logging_mixin.py:149} INFO - [2023-05-10T04:13:06.765+0000] {dag.py:2726} INFO - Sync 1 DAGs
[2023-05-10T04:13:08.381+0000] {logging_mixin.py:149} INFO - [2023-05-10T04:13:08.266+0000] {dag.py:3490} INFO - Setting next_dagrun for example_sla_dag to 2023-05-10T04:10:00+00:00, run_after=2023-05-10T04:12:00+00:00
[2023-05-10T04:13:10.909+0000] {processor.py:178} INFO - Processing /home/airflow/.local/lib/python3.7/site-packages/airflow/example_dags/example_sla_dag.py took 11.686 seconds
[2023-05-10T04:15:02.194+0000] {processor.py:156} INFO - Started process (PID=12454) to work on /home/airflow/.local/lib/python3.7/site-packages/airflow/example_dags/example_sla_dag.py
[2023-05-10T04:15:02.201+0000] {processor.py:799} INFO - Processing file /home/airflow/.local/lib/python3.7/site-packages/airflow/example_dags/example_sla_dag.py for tasks to queue
[2023-05-10T04:15:02.210+0000] {logging_mixin.py:149} INFO - [2023-05-10T04:15:02.209+0000] {dagbag.py:541} INFO - Filling up the DagBag from /home/airflow/.local/lib/python3.7/site-packages/airflow/example_dags/example_sla_dag.py
[2023-05-10T04:15:02.677+0000] {processor.py:809} INFO - DAG(s) dict_keys(['example_sla_dag']) retrieved from /home/airflow/.local/lib/python3.7/site-packages/airflow/example_dags/example_sla_dag.py
[2023-05-10T04:15:04.677+0000] {logging_mixin.py:149} INFO - [2023-05-10T04:15:04.641+0000] {dag.py:2726} INFO - Sync 1 DAGs
[2023-05-10T04:15:05.849+0000] {logging_mixin.py:149} INFO - [2023-05-10T04:15:05.846+0000] {dag.py:3490} INFO - Setting next_dagrun for example_sla_dag to 2023-05-10T04:12:00+00:00, run_after=2023-05-10T04:14:00+00:00
[2023-05-10T04:15:06.448+0000] {processor.py:178} INFO - Processing /home/airflow/.local/lib/python3.7/site-packages/airflow/example_dags/example_sla_dag.py took 4.409 seconds
