[2023-05-10T00:55:50.574+0000] {processor.py:156} INFO - Started process (PID=12038) to work on /home/airflow/.local/lib/python3.7/site-packages/airflow/example_dags/example_branch_datetime_operator.py
[2023-05-10T00:55:50.592+0000] {processor.py:799} INFO - Processing file /home/airflow/.local/lib/python3.7/site-packages/airflow/example_dags/example_branch_datetime_operator.py for tasks to queue
[2023-05-10T00:55:50.682+0000] {logging_mixin.py:149} INFO - [2023-05-10T00:55:50.680+0000] {dagbag.py:541} INFO - Filling up the DagBag from /home/airflow/.local/lib/python3.7/site-packages/airflow/example_dags/example_branch_datetime_operator.py
[2023-05-10T00:55:52.184+0000] {processor.py:809} INFO - DAG(s) dict_keys(['example_branch_datetime_operator_2', 'example_branch_datetime_operator', 'example_branch_datetime_operator_3']) retrieved from /home/airflow/.local/lib/python3.7/site-packages/airflow/example_dags/example_branch_datetime_operator.py
[2023-05-10T00:56:00.957+0000] {logging_mixin.py:149} INFO - [2023-05-10T00:56:00.932+0000] {dag.py:2726} INFO - Sync 3 DAGs
[2023-05-10T00:56:03.205+0000] {logging_mixin.py:149} INFO - [2023-05-10T00:56:03.165+0000] {dag.py:3490} INFO - Setting next_dagrun for example_branch_datetime_operator to 2023-05-09T00:00:00+00:00, run_after=2023-05-10T00:00:00+00:00
[2023-05-10T00:56:04.195+0000] {logging_mixin.py:149} INFO - [2023-05-10T00:56:04.156+0000] {dag.py:3490} INFO - Setting next_dagrun for example_branch_datetime_operator_2 to 2023-05-09T00:00:00+00:00, run_after=2023-05-10T00:00:00+00:00
[2023-05-10T00:56:04.272+0000] {logging_mixin.py:149} INFO - [2023-05-10T00:56:04.271+0000] {dag.py:3490} INFO - Setting next_dagrun for example_branch_datetime_operator_3 to 2023-05-09T00:00:00+00:00, run_after=2023-05-10T00:00:00+00:00
[2023-05-10T00:56:05.091+0000] {processor.py:178} INFO - Processing /home/airflow/.local/lib/python3.7/site-packages/airflow/example_dags/example_branch_datetime_operator.py took 14.822 seconds
[2023-05-10T04:07:15.051+0000] {processor.py:156} INFO - Started process (PID=12243) to work on /home/airflow/.local/lib/python3.7/site-packages/airflow/example_dags/example_branch_datetime_operator.py
[2023-05-10T04:07:15.069+0000] {processor.py:799} INFO - Processing file /home/airflow/.local/lib/python3.7/site-packages/airflow/example_dags/example_branch_datetime_operator.py for tasks to queue
[2023-05-10T04:07:15.074+0000] {logging_mixin.py:149} INFO - [2023-05-10T04:07:15.074+0000] {dagbag.py:541} INFO - Filling up the DagBag from /home/airflow/.local/lib/python3.7/site-packages/airflow/example_dags/example_branch_datetime_operator.py
[2023-05-10T04:07:15.195+0000] {processor.py:809} INFO - DAG(s) dict_keys(['example_branch_datetime_operator_3', 'example_branch_datetime_operator_2', 'example_branch_datetime_operator']) retrieved from /home/airflow/.local/lib/python3.7/site-packages/airflow/example_dags/example_branch_datetime_operator.py
[2023-05-10T04:07:15.570+0000] {logging_mixin.py:149} INFO - [2023-05-10T04:07:15.570+0000] {dag.py:2726} INFO - Sync 3 DAGs
[2023-05-10T04:07:15.711+0000] {logging_mixin.py:149} INFO - [2023-05-10T04:07:15.710+0000] {dag.py:3490} INFO - Setting next_dagrun for example_branch_datetime_operator to 2023-05-09T00:00:00+00:00, run_after=2023-05-10T00:00:00+00:00
[2023-05-10T04:07:15.747+0000] {logging_mixin.py:149} INFO - [2023-05-10T04:07:15.747+0000] {dag.py:3490} INFO - Setting next_dagrun for example_branch_datetime_operator_2 to 2023-05-09T00:00:00+00:00, run_after=2023-05-10T00:00:00+00:00
[2023-05-10T04:07:15.777+0000] {logging_mixin.py:149} INFO - [2023-05-10T04:07:15.777+0000] {dag.py:3490} INFO - Setting next_dagrun for example_branch_datetime_operator_3 to 2023-05-09T00:00:00+00:00, run_after=2023-05-10T00:00:00+00:00
[2023-05-10T04:07:15.988+0000] {processor.py:178} INFO - Processing /home/airflow/.local/lib/python3.7/site-packages/airflow/example_dags/example_branch_datetime_operator.py took 1.025 seconds
[2023-05-10T04:12:33.248+0000] {processor.py:156} INFO - Started process (PID=12377) to work on /home/airflow/.local/lib/python3.7/site-packages/airflow/example_dags/example_branch_datetime_operator.py
[2023-05-10T04:12:33.282+0000] {processor.py:799} INFO - Processing file /home/airflow/.local/lib/python3.7/site-packages/airflow/example_dags/example_branch_datetime_operator.py for tasks to queue
[2023-05-10T04:12:33.294+0000] {logging_mixin.py:149} INFO - [2023-05-10T04:12:33.294+0000] {dagbag.py:541} INFO - Filling up the DagBag from /home/airflow/.local/lib/python3.7/site-packages/airflow/example_dags/example_branch_datetime_operator.py
[2023-05-10T04:12:33.858+0000] {processor.py:809} INFO - DAG(s) dict_keys(['example_branch_datetime_operator_2', 'example_branch_datetime_operator', 'example_branch_datetime_operator_3']) retrieved from /home/airflow/.local/lib/python3.7/site-packages/airflow/example_dags/example_branch_datetime_operator.py
[2023-05-10T04:12:35.193+0000] {logging_mixin.py:149} INFO - [2023-05-10T04:12:35.191+0000] {dag.py:2726} INFO - Sync 3 DAGs
[2023-05-10T04:12:35.621+0000] {logging_mixin.py:149} INFO - [2023-05-10T04:12:35.619+0000] {dag.py:3490} INFO - Setting next_dagrun for example_branch_datetime_operator to 2023-05-09T00:00:00+00:00, run_after=2023-05-10T00:00:00+00:00
[2023-05-10T04:12:35.749+0000] {logging_mixin.py:149} INFO - [2023-05-10T04:12:35.749+0000] {dag.py:3490} INFO - Setting next_dagrun for example_branch_datetime_operator_2 to 2023-05-09T00:00:00+00:00, run_after=2023-05-10T00:00:00+00:00
[2023-05-10T04:12:35.878+0000] {logging_mixin.py:149} INFO - [2023-05-10T04:12:35.877+0000] {dag.py:3490} INFO - Setting next_dagrun for example_branch_datetime_operator_3 to 2023-05-09T00:00:00+00:00, run_after=2023-05-10T00:00:00+00:00
[2023-05-10T04:12:36.738+0000] {processor.py:178} INFO - Processing /home/airflow/.local/lib/python3.7/site-packages/airflow/example_dags/example_branch_datetime_operator.py took 3.583 seconds
[2023-05-10T04:16:34.581+0000] {processor.py:156} INFO - Started process (PID=12499) to work on /home/airflow/.local/lib/python3.7/site-packages/airflow/example_dags/example_branch_datetime_operator.py
[2023-05-10T04:16:34.600+0000] {processor.py:799} INFO - Processing file /home/airflow/.local/lib/python3.7/site-packages/airflow/example_dags/example_branch_datetime_operator.py for tasks to queue
[2023-05-10T04:16:34.614+0000] {logging_mixin.py:149} INFO - [2023-05-10T04:16:34.613+0000] {dagbag.py:541} INFO - Filling up the DagBag from /home/airflow/.local/lib/python3.7/site-packages/airflow/example_dags/example_branch_datetime_operator.py
[2023-05-10T04:16:34.899+0000] {processor.py:809} INFO - DAG(s) dict_keys(['example_branch_datetime_operator_3', 'example_branch_datetime_operator', 'example_branch_datetime_operator_2']) retrieved from /home/airflow/.local/lib/python3.7/site-packages/airflow/example_dags/example_branch_datetime_operator.py
[2023-05-10T04:16:36.415+0000] {logging_mixin.py:149} INFO - [2023-05-10T04:16:36.380+0000] {dag.py:2726} INFO - Sync 3 DAGs
[2023-05-10T04:16:37.798+0000] {logging_mixin.py:149} INFO - [2023-05-10T04:16:37.784+0000] {dag.py:3490} INFO - Setting next_dagrun for example_branch_datetime_operator to 2023-05-09T00:00:00+00:00, run_after=2023-05-10T00:00:00+00:00
[2023-05-10T04:16:38.002+0000] {logging_mixin.py:149} INFO - [2023-05-10T04:16:38.001+0000] {dag.py:3490} INFO - Setting next_dagrun for example_branch_datetime_operator_2 to 2023-05-09T00:00:00+00:00, run_after=2023-05-10T00:00:00+00:00
[2023-05-10T04:16:38.035+0000] {logging_mixin.py:149} INFO - [2023-05-10T04:16:38.035+0000] {dag.py:3490} INFO - Setting next_dagrun for example_branch_datetime_operator_3 to 2023-05-09T00:00:00+00:00, run_after=2023-05-10T00:00:00+00:00
[2023-05-10T04:16:38.549+0000] {processor.py:178} INFO - Processing /home/airflow/.local/lib/python3.7/site-packages/airflow/example_dags/example_branch_datetime_operator.py took 4.083 seconds
