[2023-05-10T03:27:45.582+0000] {processor.py:156} INFO - Started process (PID=12089) to work on /home/airflow/.local/lib/python3.7/site-packages/airflow/example_dags/example_trigger_controller_dag.py
[2023-05-10T03:27:45.627+0000] {processor.py:799} INFO - Processing file /home/airflow/.local/lib/python3.7/site-packages/airflow/example_dags/example_trigger_controller_dag.py for tasks to queue
[2023-05-10T03:27:45.738+0000] {logging_mixin.py:149} INFO - [2023-05-10T03:27:45.730+0000] {dagbag.py:541} INFO - Filling up the DagBag from /home/airflow/.local/lib/python3.7/site-packages/airflow/example_dags/example_trigger_controller_dag.py
[2023-05-10T03:27:46.880+0000] {processor.py:809} INFO - DAG(s) dict_keys(['example_trigger_controller_dag']) retrieved from /home/airflow/.local/lib/python3.7/site-packages/airflow/example_dags/example_trigger_controller_dag.py
[2023-05-10T03:27:50.085+0000] {logging_mixin.py:149} INFO - [2023-05-10T03:27:50.044+0000] {dag.py:2726} INFO - Sync 1 DAGs
[2023-05-10T03:27:50.567+0000] {logging_mixin.py:149} INFO - [2023-05-10T03:27:50.566+0000] {dag.py:3490} INFO - Setting next_dagrun for example_trigger_controller_dag to 2021-01-01T00:00:00+00:00, run_after=2021-01-01T00:00:00+00:00
[2023-05-10T03:27:50.934+0000] {processor.py:178} INFO - Processing /home/airflow/.local/lib/python3.7/site-packages/airflow/example_dags/example_trigger_controller_dag.py took 5.661 seconds
[2023-05-10T04:06:30.351+0000] {processor.py:156} INFO - Started process (PID=12212) to work on /home/airflow/.local/lib/python3.7/site-packages/airflow/example_dags/example_trigger_controller_dag.py
[2023-05-10T04:06:30.371+0000] {processor.py:799} INFO - Processing file /home/airflow/.local/lib/python3.7/site-packages/airflow/example_dags/example_trigger_controller_dag.py for tasks to queue
[2023-05-10T04:06:30.388+0000] {logging_mixin.py:149} INFO - [2023-05-10T04:06:30.388+0000] {dagbag.py:541} INFO - Filling up the DagBag from /home/airflow/.local/lib/python3.7/site-packages/airflow/example_dags/example_trigger_controller_dag.py
[2023-05-10T04:06:30.463+0000] {processor.py:809} INFO - DAG(s) dict_keys(['example_trigger_controller_dag']) retrieved from /home/airflow/.local/lib/python3.7/site-packages/airflow/example_dags/example_trigger_controller_dag.py
[2023-05-10T04:06:30.883+0000] {logging_mixin.py:149} INFO - [2023-05-10T04:06:30.874+0000] {dag.py:2726} INFO - Sync 1 DAGs
[2023-05-10T04:06:31.493+0000] {logging_mixin.py:149} INFO - [2023-05-10T04:06:31.491+0000] {dag.py:3490} INFO - Setting next_dagrun for example_trigger_controller_dag to 2021-01-01T00:00:00+00:00, run_after=2021-01-01T00:00:00+00:00
[2023-05-10T04:06:31.875+0000] {processor.py:178} INFO - Processing /home/airflow/.local/lib/python3.7/site-packages/airflow/example_dags/example_trigger_controller_dag.py took 1.547 seconds
[2023-05-10T04:09:02.195+0000] {processor.py:156} INFO - Started process (PID=12299) to work on /home/airflow/.local/lib/python3.7/site-packages/airflow/example_dags/example_trigger_controller_dag.py
[2023-05-10T04:09:02.216+0000] {processor.py:799} INFO - Processing file /home/airflow/.local/lib/python3.7/site-packages/airflow/example_dags/example_trigger_controller_dag.py for tasks to queue
[2023-05-10T04:09:02.233+0000] {logging_mixin.py:149} INFO - [2023-05-10T04:09:02.231+0000] {dagbag.py:541} INFO - Filling up the DagBag from /home/airflow/.local/lib/python3.7/site-packages/airflow/example_dags/example_trigger_controller_dag.py
[2023-05-10T04:09:02.287+0000] {processor.py:809} INFO - DAG(s) dict_keys(['example_trigger_controller_dag']) retrieved from /home/airflow/.local/lib/python3.7/site-packages/airflow/example_dags/example_trigger_controller_dag.py
[2023-05-10T04:09:03.037+0000] {logging_mixin.py:149} INFO - [2023-05-10T04:09:03.025+0000] {dag.py:2726} INFO - Sync 1 DAGs
[2023-05-10T04:09:03.973+0000] {logging_mixin.py:149} INFO - [2023-05-10T04:09:03.954+0000] {dag.py:3490} INFO - Setting next_dagrun for example_trigger_controller_dag to 2021-01-01T00:00:00+00:00, run_after=2021-01-01T00:00:00+00:00
[2023-05-10T04:09:04.302+0000] {processor.py:178} INFO - Processing /home/airflow/.local/lib/python3.7/site-packages/airflow/example_dags/example_trigger_controller_dag.py took 2.150 seconds
[2023-05-10T04:14:37.517+0000] {processor.py:156} INFO - Started process (PID=12440) to work on /home/airflow/.local/lib/python3.7/site-packages/airflow/example_dags/example_trigger_controller_dag.py
[2023-05-10T04:14:37.556+0000] {processor.py:799} INFO - Processing file /home/airflow/.local/lib/python3.7/site-packages/airflow/example_dags/example_trigger_controller_dag.py for tasks to queue
[2023-05-10T04:14:37.591+0000] {logging_mixin.py:149} INFO - [2023-05-10T04:14:37.577+0000] {dagbag.py:541} INFO - Filling up the DagBag from /home/airflow/.local/lib/python3.7/site-packages/airflow/example_dags/example_trigger_controller_dag.py
[2023-05-10T04:14:37.717+0000] {processor.py:809} INFO - DAG(s) dict_keys(['example_trigger_controller_dag']) retrieved from /home/airflow/.local/lib/python3.7/site-packages/airflow/example_dags/example_trigger_controller_dag.py
[2023-05-10T04:14:39.090+0000] {logging_mixin.py:149} INFO - [2023-05-10T04:14:39.089+0000] {dag.py:2726} INFO - Sync 1 DAGs
[2023-05-10T04:14:39.390+0000] {logging_mixin.py:149} INFO - [2023-05-10T04:14:39.389+0000] {dag.py:3490} INFO - Setting next_dagrun for example_trigger_controller_dag to 2021-01-01T00:00:00+00:00, run_after=2021-01-01T00:00:00+00:00
[2023-05-10T04:14:39.603+0000] {processor.py:178} INFO - Processing /home/airflow/.local/lib/python3.7/site-packages/airflow/example_dags/example_trigger_controller_dag.py took 2.181 seconds
