[2023-05-10T02:03:22.711+0000] {processor.py:156} INFO - Started process (PID=12064) to work on /home/airflow/.local/lib/python3.7/site-packages/airflow/example_dags/example_nested_branch_dag.py
[2023-05-10T02:03:22.813+0000] {processor.py:799} INFO - Processing file /home/airflow/.local/lib/python3.7/site-packages/airflow/example_dags/example_nested_branch_dag.py for tasks to queue
[2023-05-10T02:03:22.849+0000] {logging_mixin.py:149} INFO - [2023-05-10T02:03:22.847+0000] {dagbag.py:541} INFO - Filling up the DagBag from /home/airflow/.local/lib/python3.7/site-packages/airflow/example_dags/example_nested_branch_dag.py
[2023-05-10T02:30:08.863+0000] {processor.py:809} INFO - DAG(s) dict_keys(['example_nested_branch_dag']) retrieved from /home/airflow/.local/lib/python3.7/site-packages/airflow/example_dags/example_nested_branch_dag.py
[2023-05-10T04:03:12.564+0000] {processor.py:156} INFO - Started process (PID=12166) to work on /home/airflow/.local/lib/python3.7/site-packages/airflow/example_dags/example_nested_branch_dag.py
[2023-05-10T04:03:12.706+0000] {processor.py:799} INFO - Processing file /home/airflow/.local/lib/python3.7/site-packages/airflow/example_dags/example_nested_branch_dag.py for tasks to queue
[2023-05-10T04:03:12.755+0000] {logging_mixin.py:149} INFO - [2023-05-10T04:03:12.754+0000] {dagbag.py:541} INFO - Filling up the DagBag from /home/airflow/.local/lib/python3.7/site-packages/airflow/example_dags/example_nested_branch_dag.py
[2023-05-10T04:03:14.030+0000] {processor.py:809} INFO - DAG(s) dict_keys(['example_nested_branch_dag']) retrieved from /home/airflow/.local/lib/python3.7/site-packages/airflow/example_dags/example_nested_branch_dag.py
[2023-05-10T04:03:18.515+0000] {logging_mixin.py:149} INFO - [2023-05-10T04:03:18.463+0000] {dag.py:2726} INFO - Sync 1 DAGs
[2023-05-10T04:03:20.176+0000] {logging_mixin.py:149} INFO - [2023-05-10T04:03:20.165+0000] {dag.py:3490} INFO - Setting next_dagrun for example_nested_branch_dag to 2023-05-09T00:00:00+00:00, run_after=2023-05-10T00:00:00+00:00
[2023-05-10T04:08:07.421+0000] {processor.py:156} INFO - Started process (PID=12272) to work on /home/airflow/.local/lib/python3.7/site-packages/airflow/example_dags/example_nested_branch_dag.py
[2023-05-10T04:08:07.449+0000] {processor.py:799} INFO - Processing file /home/airflow/.local/lib/python3.7/site-packages/airflow/example_dags/example_nested_branch_dag.py for tasks to queue
[2023-05-10T04:08:07.494+0000] {logging_mixin.py:149} INFO - [2023-05-10T04:08:07.493+0000] {dagbag.py:541} INFO - Filling up the DagBag from /home/airflow/.local/lib/python3.7/site-packages/airflow/example_dags/example_nested_branch_dag.py
[2023-05-10T04:08:07.867+0000] {processor.py:809} INFO - DAG(s) dict_keys(['example_nested_branch_dag']) retrieved from /home/airflow/.local/lib/python3.7/site-packages/airflow/example_dags/example_nested_branch_dag.py
[2023-05-10T04:08:09.562+0000] {logging_mixin.py:149} INFO - [2023-05-10T04:08:09.548+0000] {dag.py:2726} INFO - Sync 1 DAGs
[2023-05-10T04:08:09.938+0000] {logging_mixin.py:149} INFO - [2023-05-10T04:08:09.936+0000] {dag.py:3490} INFO - Setting next_dagrun for example_nested_branch_dag to 2023-05-09T00:00:00+00:00, run_after=2023-05-10T00:00:00+00:00
[2023-05-10T04:08:10.355+0000] {processor.py:178} INFO - Processing /home/airflow/.local/lib/python3.7/site-packages/airflow/example_dags/example_nested_branch_dag.py took 3.206 seconds
[2023-05-10T04:10:34.416+0000] {processor.py:156} INFO - Started process (PID=12332) to work on /home/airflow/.local/lib/python3.7/site-packages/airflow/example_dags/example_nested_branch_dag.py
[2023-05-10T04:10:34.568+0000] {processor.py:799} INFO - Processing file /home/airflow/.local/lib/python3.7/site-packages/airflow/example_dags/example_nested_branch_dag.py for tasks to queue
[2023-05-10T04:10:34.631+0000] {logging_mixin.py:149} INFO - [2023-05-10T04:10:34.620+0000] {dagbag.py:541} INFO - Filling up the DagBag from /home/airflow/.local/lib/python3.7/site-packages/airflow/example_dags/example_nested_branch_dag.py
[2023-05-10T04:10:38.021+0000] {processor.py:809} INFO - DAG(s) dict_keys(['example_nested_branch_dag']) retrieved from /home/airflow/.local/lib/python3.7/site-packages/airflow/example_dags/example_nested_branch_dag.py
[2023-05-10T04:10:43.326+0000] {logging_mixin.py:149} INFO - [2023-05-10T04:10:43.206+0000] {dag.py:2726} INFO - Sync 1 DAGs
[2023-05-10T04:10:49.574+0000] {logging_mixin.py:149} INFO - [2023-05-10T04:10:49.547+0000] {dag.py:3490} INFO - Setting next_dagrun for example_nested_branch_dag to 2023-05-09T00:00:00+00:00, run_after=2023-05-10T00:00:00+00:00
[2023-05-10T04:10:53.015+0000] {processor.py:178} INFO - Processing /home/airflow/.local/lib/python3.7/site-packages/airflow/example_dags/example_nested_branch_dag.py took 18.943 seconds
[2023-05-10T04:13:51.966+0000] {processor.py:156} INFO - Started process (PID=12413) to work on /home/airflow/.local/lib/python3.7/site-packages/airflow/example_dags/example_nested_branch_dag.py
[2023-05-10T04:13:52.000+0000] {processor.py:799} INFO - Processing file /home/airflow/.local/lib/python3.7/site-packages/airflow/example_dags/example_nested_branch_dag.py for tasks to queue
[2023-05-10T04:13:52.023+0000] {logging_mixin.py:149} INFO - [2023-05-10T04:13:52.022+0000] {dagbag.py:541} INFO - Filling up the DagBag from /home/airflow/.local/lib/python3.7/site-packages/airflow/example_dags/example_nested_branch_dag.py
[2023-05-10T04:13:52.377+0000] {processor.py:809} INFO - DAG(s) dict_keys(['example_nested_branch_dag']) retrieved from /home/airflow/.local/lib/python3.7/site-packages/airflow/example_dags/example_nested_branch_dag.py
[2023-05-10T04:13:53.025+0000] {logging_mixin.py:149} INFO - [2023-05-10T04:13:53.023+0000] {dag.py:2726} INFO - Sync 1 DAGs
[2023-05-10T04:13:54.041+0000] {logging_mixin.py:149} INFO - [2023-05-10T04:13:54.041+0000] {dag.py:3490} INFO - Setting next_dagrun for example_nested_branch_dag to 2023-05-09T00:00:00+00:00, run_after=2023-05-10T00:00:00+00:00
[2023-05-10T04:13:54.235+0000] {processor.py:178} INFO - Processing /home/airflow/.local/lib/python3.7/site-packages/airflow/example_dags/example_nested_branch_dag.py took 2.331 seconds
[2023-05-10T04:15:12.718+0000] {processor.py:156} INFO - Started process (PID=12469) to work on /home/airflow/.local/lib/python3.7/site-packages/airflow/example_dags/example_nested_branch_dag.py
[2023-05-10T04:15:12.724+0000] {processor.py:799} INFO - Processing file /home/airflow/.local/lib/python3.7/site-packages/airflow/example_dags/example_nested_branch_dag.py for tasks to queue
[2023-05-10T04:15:12.729+0000] {logging_mixin.py:149} INFO - [2023-05-10T04:15:12.728+0000] {dagbag.py:541} INFO - Filling up the DagBag from /home/airflow/.local/lib/python3.7/site-packages/airflow/example_dags/example_nested_branch_dag.py
[2023-05-10T04:15:12.889+0000] {processor.py:809} INFO - DAG(s) dict_keys(['example_nested_branch_dag']) retrieved from /home/airflow/.local/lib/python3.7/site-packages/airflow/example_dags/example_nested_branch_dag.py
[2023-05-10T04:15:13.266+0000] {logging_mixin.py:149} INFO - [2023-05-10T04:15:13.265+0000] {dag.py:2726} INFO - Sync 1 DAGs
[2023-05-10T04:15:13.953+0000] {logging_mixin.py:149} INFO - [2023-05-10T04:15:13.930+0000] {dag.py:3490} INFO - Setting next_dagrun for example_nested_branch_dag to 2023-05-09T00:00:00+00:00, run_after=2023-05-10T00:00:00+00:00
[2023-05-10T04:15:14.297+0000] {processor.py:178} INFO - Processing /home/airflow/.local/lib/python3.7/site-packages/airflow/example_dags/example_nested_branch_dag.py took 1.625 seconds
