[2023-05-10T02:03:07.007+0000] {processor.py:156} INFO - Started process (PID=12062) to work on /home/airflow/.local/lib/python3.7/site-packages/airflow/example_dags/example_xcomargs.py
[2023-05-10T02:03:07.172+0000] {processor.py:799} INFO - Processing file /home/airflow/.local/lib/python3.7/site-packages/airflow/example_dags/example_xcomargs.py for tasks to queue
[2023-05-10T02:03:07.240+0000] {logging_mixin.py:149} INFO - [2023-05-10T02:03:07.231+0000] {dagbag.py:541} INFO - Filling up the DagBag from /home/airflow/.local/lib/python3.7/site-packages/airflow/example_dags/example_xcomargs.py
[2023-05-10T02:03:07.888+0000] {processor.py:809} INFO - DAG(s) dict_keys(['example_xcom_args', 'example_xcom_args_with_operators']) retrieved from /home/airflow/.local/lib/python3.7/site-packages/airflow/example_dags/example_xcomargs.py
[2023-05-10T02:03:12.740+0000] {logging_mixin.py:149} INFO - [2023-05-10T02:03:12.707+0000] {dag.py:2726} INFO - Sync 2 DAGs
[2023-05-10T02:03:14.271+0000] {logging_mixin.py:149} INFO - [2023-05-10T02:03:14.233+0000] {dag.py:3490} INFO - Setting next_dagrun for example_xcom_args to None, run_after=None
[2023-05-10T02:03:14.665+0000] {logging_mixin.py:149} INFO - [2023-05-10T02:03:14.664+0000] {dag.py:3490} INFO - Setting next_dagrun for example_xcom_args_with_operators to None, run_after=None
[2023-05-10T02:03:15.736+0000] {processor.py:178} INFO - Processing /home/airflow/.local/lib/python3.7/site-packages/airflow/example_dags/example_xcomargs.py took 8.988 seconds
[2023-05-10T04:02:33.644+0000] {processor.py:156} INFO - Started process (PID=12157) to work on /home/airflow/.local/lib/python3.7/site-packages/airflow/example_dags/example_xcomargs.py
[2023-05-10T04:02:33.719+0000] {processor.py:799} INFO - Processing file /home/airflow/.local/lib/python3.7/site-packages/airflow/example_dags/example_xcomargs.py for tasks to queue
[2023-05-10T04:02:33.809+0000] {logging_mixin.py:149} INFO - [2023-05-10T04:02:33.782+0000] {dagbag.py:541} INFO - Filling up the DagBag from /home/airflow/.local/lib/python3.7/site-packages/airflow/example_dags/example_xcomargs.py
[2023-05-10T04:02:36.379+0000] {processor.py:809} INFO - DAG(s) dict_keys(['example_xcom_args', 'example_xcom_args_with_operators']) retrieved from /home/airflow/.local/lib/python3.7/site-packages/airflow/example_dags/example_xcomargs.py
[2023-05-10T04:02:42.012+0000] {logging_mixin.py:149} INFO - [2023-05-10T04:02:41.977+0000] {dag.py:2726} INFO - Sync 2 DAGs
[2023-05-10T04:02:43.549+0000] {logging_mixin.py:149} INFO - [2023-05-10T04:02:43.547+0000] {dag.py:3490} INFO - Setting next_dagrun for example_xcom_args to None, run_after=None
[2023-05-10T04:02:44.037+0000] {logging_mixin.py:149} INFO - [2023-05-10T04:02:44.037+0000] {dag.py:3490} INFO - Setting next_dagrun for example_xcom_args_with_operators to None, run_after=None
[2023-05-10T04:02:50.032+0000] {processor.py:178} INFO - Processing /home/airflow/.local/lib/python3.7/site-packages/airflow/example_dags/example_xcomargs.py took 16.567 seconds
[2023-05-10T04:08:05.104+0000] {processor.py:156} INFO - Started process (PID=12270) to work on /home/airflow/.local/lib/python3.7/site-packages/airflow/example_dags/example_xcomargs.py
[2023-05-10T04:08:05.117+0000] {processor.py:799} INFO - Processing file /home/airflow/.local/lib/python3.7/site-packages/airflow/example_dags/example_xcomargs.py for tasks to queue
[2023-05-10T04:08:05.123+0000] {logging_mixin.py:149} INFO - [2023-05-10T04:08:05.123+0000] {dagbag.py:541} INFO - Filling up the DagBag from /home/airflow/.local/lib/python3.7/site-packages/airflow/example_dags/example_xcomargs.py
[2023-05-10T04:08:05.304+0000] {processor.py:809} INFO - DAG(s) dict_keys(['example_xcom_args_with_operators', 'example_xcom_args']) retrieved from /home/airflow/.local/lib/python3.7/site-packages/airflow/example_dags/example_xcomargs.py
[2023-05-10T04:08:05.914+0000] {logging_mixin.py:149} INFO - [2023-05-10T04:08:05.909+0000] {dag.py:2726} INFO - Sync 2 DAGs
[2023-05-10T04:08:06.312+0000] {logging_mixin.py:149} INFO - [2023-05-10T04:08:06.307+0000] {dag.py:3490} INFO - Setting next_dagrun for example_xcom_args to None, run_after=None
[2023-05-10T04:08:06.357+0000] {logging_mixin.py:149} INFO - [2023-05-10T04:08:06.356+0000] {dag.py:3490} INFO - Setting next_dagrun for example_xcom_args_with_operators to None, run_after=None
[2023-05-10T04:08:06.593+0000] {processor.py:178} INFO - Processing /home/airflow/.local/lib/python3.7/site-packages/airflow/example_dags/example_xcomargs.py took 1.552 seconds
[2023-05-10T04:10:17.295+0000] {processor.py:156} INFO - Started process (PID=12330) to work on /home/airflow/.local/lib/python3.7/site-packages/airflow/example_dags/example_xcomargs.py
[2023-05-10T04:10:17.355+0000] {processor.py:799} INFO - Processing file /home/airflow/.local/lib/python3.7/site-packages/airflow/example_dags/example_xcomargs.py for tasks to queue
[2023-05-10T04:10:17.375+0000] {logging_mixin.py:149} INFO - [2023-05-10T04:10:17.374+0000] {dagbag.py:541} INFO - Filling up the DagBag from /home/airflow/.local/lib/python3.7/site-packages/airflow/example_dags/example_xcomargs.py
[2023-05-10T04:10:17.986+0000] {processor.py:809} INFO - DAG(s) dict_keys(['example_xcom_args_with_operators', 'example_xcom_args']) retrieved from /home/airflow/.local/lib/python3.7/site-packages/airflow/example_dags/example_xcomargs.py
[2023-05-10T04:10:22.080+0000] {logging_mixin.py:149} INFO - [2023-05-10T04:10:22.051+0000] {dag.py:2726} INFO - Sync 2 DAGs
[2023-05-10T04:10:24.664+0000] {logging_mixin.py:149} INFO - [2023-05-10T04:10:24.636+0000] {dag.py:3490} INFO - Setting next_dagrun for example_xcom_args to None, run_after=None
[2023-05-10T04:10:24.878+0000] {logging_mixin.py:149} INFO - [2023-05-10T04:10:24.876+0000] {dag.py:3490} INFO - Setting next_dagrun for example_xcom_args_with_operators to None, run_after=None
[2023-05-10T04:10:25.660+0000] {processor.py:178} INFO - Processing /home/airflow/.local/lib/python3.7/site-packages/airflow/example_dags/example_xcomargs.py took 8.609 seconds
[2023-05-10T04:13:45.503+0000] {processor.py:156} INFO - Started process (PID=12411) to work on /home/airflow/.local/lib/python3.7/site-packages/airflow/example_dags/example_xcomargs.py
[2023-05-10T04:13:45.525+0000] {processor.py:799} INFO - Processing file /home/airflow/.local/lib/python3.7/site-packages/airflow/example_dags/example_xcomargs.py for tasks to queue
[2023-05-10T04:13:45.541+0000] {logging_mixin.py:149} INFO - [2023-05-10T04:13:45.540+0000] {dagbag.py:541} INFO - Filling up the DagBag from /home/airflow/.local/lib/python3.7/site-packages/airflow/example_dags/example_xcomargs.py
[2023-05-10T04:13:45.906+0000] {processor.py:809} INFO - DAG(s) dict_keys(['example_xcom_args', 'example_xcom_args_with_operators']) retrieved from /home/airflow/.local/lib/python3.7/site-packages/airflow/example_dags/example_xcomargs.py
[2023-05-10T04:13:47.264+0000] {logging_mixin.py:149} INFO - [2023-05-10T04:13:47.211+0000] {dag.py:2726} INFO - Sync 2 DAGs
[2023-05-10T04:13:48.197+0000] {logging_mixin.py:149} INFO - [2023-05-10T04:13:48.158+0000] {dag.py:3490} INFO - Setting next_dagrun for example_xcom_args to None, run_after=None
[2023-05-10T04:13:48.288+0000] {logging_mixin.py:149} INFO - [2023-05-10T04:13:48.288+0000] {dag.py:3490} INFO - Setting next_dagrun for example_xcom_args_with_operators to None, run_after=None
[2023-05-10T04:13:48.596+0000] {processor.py:178} INFO - Processing /home/airflow/.local/lib/python3.7/site-packages/airflow/example_dags/example_xcomargs.py took 3.202 seconds
[2023-05-10T04:15:10.655+0000] {processor.py:156} INFO - Started process (PID=12467) to work on /home/airflow/.local/lib/python3.7/site-packages/airflow/example_dags/example_xcomargs.py
[2023-05-10T04:15:10.687+0000] {processor.py:799} INFO - Processing file /home/airflow/.local/lib/python3.7/site-packages/airflow/example_dags/example_xcomargs.py for tasks to queue
[2023-05-10T04:15:10.694+0000] {logging_mixin.py:149} INFO - [2023-05-10T04:15:10.693+0000] {dagbag.py:541} INFO - Filling up the DagBag from /home/airflow/.local/lib/python3.7/site-packages/airflow/example_dags/example_xcomargs.py
[2023-05-10T04:15:10.810+0000] {processor.py:809} INFO - DAG(s) dict_keys(['example_xcom_args', 'example_xcom_args_with_operators']) retrieved from /home/airflow/.local/lib/python3.7/site-packages/airflow/example_dags/example_xcomargs.py
[2023-05-10T04:15:11.202+0000] {logging_mixin.py:149} INFO - [2023-05-10T04:15:11.200+0000] {dag.py:2726} INFO - Sync 2 DAGs
[2023-05-10T04:15:11.531+0000] {logging_mixin.py:149} INFO - [2023-05-10T04:15:11.529+0000] {dag.py:3490} INFO - Setting next_dagrun for example_xcom_args to None, run_after=None
[2023-05-10T04:15:11.614+0000] {logging_mixin.py:149} INFO - [2023-05-10T04:15:11.613+0000] {dag.py:3490} INFO - Setting next_dagrun for example_xcom_args_with_operators to None, run_after=None
[2023-05-10T04:15:11.965+0000] {processor.py:178} INFO - Processing /home/airflow/.local/lib/python3.7/site-packages/airflow/example_dags/example_xcomargs.py took 1.339 seconds
