[2023-05-10T03:27:45.954+0000] {processor.py:156} INFO - Started process (PID=12090) to work on /home/airflow/.local/lib/python3.7/site-packages/airflow/example_dags/example_branch_labels.py
[2023-05-10T03:27:46.229+0000] {processor.py:799} INFO - Processing file /home/airflow/.local/lib/python3.7/site-packages/airflow/example_dags/example_branch_labels.py for tasks to queue
[2023-05-10T03:27:46.330+0000] {logging_mixin.py:149} INFO - [2023-05-10T03:27:46.316+0000] {dagbag.py:541} INFO - Filling up the DagBag from /home/airflow/.local/lib/python3.7/site-packages/airflow/example_dags/example_branch_labels.py
[2023-05-10T03:27:47.341+0000] {processor.py:809} INFO - DAG(s) dict_keys(['example_branch_labels']) retrieved from /home/airflow/.local/lib/python3.7/site-packages/airflow/example_dags/example_branch_labels.py
[2023-05-10T03:27:49.972+0000] {logging_mixin.py:149} INFO - [2023-05-10T03:27:49.934+0000] {dag.py:2726} INFO - Sync 1 DAGs
[2023-05-10T03:27:50.640+0000] {logging_mixin.py:149} INFO - [2023-05-10T03:27:50.640+0000] {dag.py:3490} INFO - Setting next_dagrun for example_branch_labels to 2023-05-09T00:00:00+00:00, run_after=2023-05-10T00:00:00+00:00
[2023-05-10T03:27:50.965+0000] {processor.py:178} INFO - Processing /home/airflow/.local/lib/python3.7/site-packages/airflow/example_dags/example_branch_labels.py took 5.424 seconds
[2023-05-10T04:06:31.676+0000] {processor.py:156} INFO - Started process (PID=12213) to work on /home/airflow/.local/lib/python3.7/site-packages/airflow/example_dags/example_branch_labels.py
[2023-05-10T04:06:31.686+0000] {processor.py:799} INFO - Processing file /home/airflow/.local/lib/python3.7/site-packages/airflow/example_dags/example_branch_labels.py for tasks to queue
[2023-05-10T04:06:31.705+0000] {logging_mixin.py:149} INFO - [2023-05-10T04:06:31.703+0000] {dagbag.py:541} INFO - Filling up the DagBag from /home/airflow/.local/lib/python3.7/site-packages/airflow/example_dags/example_branch_labels.py
[2023-05-10T04:06:31.902+0000] {processor.py:809} INFO - DAG(s) dict_keys(['example_branch_labels']) retrieved from /home/airflow/.local/lib/python3.7/site-packages/airflow/example_dags/example_branch_labels.py
[2023-05-10T04:06:32.701+0000] {logging_mixin.py:149} INFO - [2023-05-10T04:06:32.675+0000] {dag.py:2726} INFO - Sync 1 DAGs
[2023-05-10T04:06:33.283+0000] {logging_mixin.py:149} INFO - [2023-05-10T04:06:33.264+0000] {dag.py:3490} INFO - Setting next_dagrun for example_branch_labels to 2023-05-09T00:00:00+00:00, run_after=2023-05-10T00:00:00+00:00
[2023-05-10T04:06:33.512+0000] {processor.py:178} INFO - Processing /home/airflow/.local/lib/python3.7/site-packages/airflow/example_dags/example_branch_labels.py took 1.884 seconds
[2023-05-10T04:09:04.249+0000] {processor.py:156} INFO - Started process (PID=12300) to work on /home/airflow/.local/lib/python3.7/site-packages/airflow/example_dags/example_branch_labels.py
[2023-05-10T04:09:04.273+0000] {processor.py:799} INFO - Processing file /home/airflow/.local/lib/python3.7/site-packages/airflow/example_dags/example_branch_labels.py for tasks to queue
[2023-05-10T04:09:04.294+0000] {logging_mixin.py:149} INFO - [2023-05-10T04:09:04.285+0000] {dagbag.py:541} INFO - Filling up the DagBag from /home/airflow/.local/lib/python3.7/site-packages/airflow/example_dags/example_branch_labels.py
[2023-05-10T04:09:04.618+0000] {processor.py:809} INFO - DAG(s) dict_keys(['example_branch_labels']) retrieved from /home/airflow/.local/lib/python3.7/site-packages/airflow/example_dags/example_branch_labels.py
[2023-05-10T04:09:05.397+0000] {logging_mixin.py:149} INFO - [2023-05-10T04:09:05.394+0000] {dag.py:2726} INFO - Sync 1 DAGs
[2023-05-10T04:09:05.890+0000] {logging_mixin.py:149} INFO - [2023-05-10T04:09:05.882+0000] {dag.py:3490} INFO - Setting next_dagrun for example_branch_labels to 2023-05-09T00:00:00+00:00, run_after=2023-05-10T00:00:00+00:00
[2023-05-10T04:09:06.287+0000] {processor.py:178} INFO - Processing /home/airflow/.local/lib/python3.7/site-packages/airflow/example_dags/example_branch_labels.py took 2.139 seconds
[2023-05-10T04:14:40.345+0000] {processor.py:156} INFO - Started process (PID=12441) to work on /home/airflow/.local/lib/python3.7/site-packages/airflow/example_dags/example_branch_labels.py
[2023-05-10T04:14:40.369+0000] {processor.py:799} INFO - Processing file /home/airflow/.local/lib/python3.7/site-packages/airflow/example_dags/example_branch_labels.py for tasks to queue
[2023-05-10T04:14:40.399+0000] {logging_mixin.py:149} INFO - [2023-05-10T04:14:40.399+0000] {dagbag.py:541} INFO - Filling up the DagBag from /home/airflow/.local/lib/python3.7/site-packages/airflow/example_dags/example_branch_labels.py
[2023-05-10T04:14:40.649+0000] {processor.py:809} INFO - DAG(s) dict_keys(['example_branch_labels']) retrieved from /home/airflow/.local/lib/python3.7/site-packages/airflow/example_dags/example_branch_labels.py
[2023-05-10T04:14:41.854+0000] {logging_mixin.py:149} INFO - [2023-05-10T04:14:41.849+0000] {dag.py:2726} INFO - Sync 1 DAGs
[2023-05-10T04:14:42.659+0000] {logging_mixin.py:149} INFO - [2023-05-10T04:14:42.637+0000] {dag.py:3490} INFO - Setting next_dagrun for example_branch_labels to 2023-05-09T00:00:00+00:00, run_after=2023-05-10T00:00:00+00:00
[2023-05-10T04:14:42.921+0000] {processor.py:178} INFO - Processing /home/airflow/.local/lib/python3.7/site-packages/airflow/example_dags/example_branch_labels.py took 2.644 seconds
