[2023-05-10T03:28:01.080+0000] {processor.py:156} INFO - Started process (PID=12100) to work on /home/airflow/.local/lib/python3.7/site-packages/airflow/example_dags/example_complex.py
[2023-05-10T03:28:01.094+0000] {processor.py:799} INFO - Processing file /home/airflow/.local/lib/python3.7/site-packages/airflow/example_dags/example_complex.py for tasks to queue
[2023-05-10T03:28:01.122+0000] {logging_mixin.py:149} INFO - [2023-05-10T03:28:01.120+0000] {dagbag.py:541} INFO - Filling up the DagBag from /home/airflow/.local/lib/python3.7/site-packages/airflow/example_dags/example_complex.py
[2023-05-10T03:28:01.247+0000] {logging_mixin.py:149} INFO - [2023-05-10T03:28:01.246+0000] {taskmixin.py:211} WARNING - Dependency <Task(BashOperator): create_entry_group>, delete_entry_group already registered for DAG: example_complex
[2023-05-10T03:28:01.256+0000] {logging_mixin.py:149} INFO - [2023-05-10T03:28:01.256+0000] {taskmixin.py:211} WARNING - Dependency <Task(BashOperator): delete_entry_group>, create_entry_group already registered for DAG: example_complex
[2023-05-10T03:28:01.268+0000] {logging_mixin.py:149} INFO - [2023-05-10T03:28:01.268+0000] {taskmixin.py:211} WARNING - Dependency <Task(BashOperator): create_entry_gcs>, delete_entry already registered for DAG: example_complex
[2023-05-10T03:28:01.277+0000] {logging_mixin.py:149} INFO - [2023-05-10T03:28:01.276+0000] {taskmixin.py:211} WARNING - Dependency <Task(BashOperator): delete_entry>, create_entry_gcs already registered for DAG: example_complex
[2023-05-10T03:28:01.304+0000] {logging_mixin.py:149} INFO - [2023-05-10T03:28:01.302+0000] {taskmixin.py:211} WARNING - Dependency <Task(BashOperator): create_tag>, delete_tag already registered for DAG: example_complex
[2023-05-10T03:28:01.311+0000] {logging_mixin.py:149} INFO - [2023-05-10T03:28:01.310+0000] {taskmixin.py:211} WARNING - Dependency <Task(BashOperator): delete_tag>, create_tag already registered for DAG: example_complex
[2023-05-10T03:28:01.416+0000] {processor.py:809} INFO - DAG(s) dict_keys(['example_complex']) retrieved from /home/airflow/.local/lib/python3.7/site-packages/airflow/example_dags/example_complex.py
[2023-05-10T03:28:02.545+0000] {logging_mixin.py:149} INFO - [2023-05-10T03:28:02.544+0000] {dag.py:2726} INFO - Sync 1 DAGs
[2023-05-10T03:28:02.735+0000] {logging_mixin.py:149} INFO - [2023-05-10T03:28:02.735+0000] {dag.py:3490} INFO - Setting next_dagrun for example_complex to None, run_after=None
[2023-05-10T03:28:02.899+0000] {processor.py:178} INFO - Processing /home/airflow/.local/lib/python3.7/site-packages/airflow/example_dags/example_complex.py took 1.987 seconds
[2023-05-10T04:06:34.562+0000] {processor.py:156} INFO - Started process (PID=12222) to work on /home/airflow/.local/lib/python3.7/site-packages/airflow/example_dags/example_complex.py
[2023-05-10T04:06:34.609+0000] {processor.py:799} INFO - Processing file /home/airflow/.local/lib/python3.7/site-packages/airflow/example_dags/example_complex.py for tasks to queue
[2023-05-10T04:06:34.632+0000] {logging_mixin.py:149} INFO - [2023-05-10T04:06:34.630+0000] {dagbag.py:541} INFO - Filling up the DagBag from /home/airflow/.local/lib/python3.7/site-packages/airflow/example_dags/example_complex.py
[2023-05-10T04:06:34.802+0000] {logging_mixin.py:149} INFO - [2023-05-10T04:06:34.801+0000] {taskmixin.py:211} WARNING - Dependency <Task(BashOperator): create_entry_group>, delete_entry_group already registered for DAG: example_complex
[2023-05-10T04:06:34.814+0000] {logging_mixin.py:149} INFO - [2023-05-10T04:06:34.813+0000] {taskmixin.py:211} WARNING - Dependency <Task(BashOperator): delete_entry_group>, create_entry_group already registered for DAG: example_complex
[2023-05-10T04:06:34.822+0000] {logging_mixin.py:149} INFO - [2023-05-10T04:06:34.822+0000] {taskmixin.py:211} WARNING - Dependency <Task(BashOperator): create_entry_gcs>, delete_entry already registered for DAG: example_complex
[2023-05-10T04:06:34.825+0000] {logging_mixin.py:149} INFO - [2023-05-10T04:06:34.824+0000] {taskmixin.py:211} WARNING - Dependency <Task(BashOperator): delete_entry>, create_entry_gcs already registered for DAG: example_complex
[2023-05-10T04:06:34.831+0000] {logging_mixin.py:149} INFO - [2023-05-10T04:06:34.831+0000] {taskmixin.py:211} WARNING - Dependency <Task(BashOperator): create_tag>, delete_tag already registered for DAG: example_complex
[2023-05-10T04:06:34.832+0000] {logging_mixin.py:149} INFO - [2023-05-10T04:06:34.832+0000] {taskmixin.py:211} WARNING - Dependency <Task(BashOperator): delete_tag>, create_tag already registered for DAG: example_complex
[2023-05-10T04:06:34.841+0000] {processor.py:809} INFO - DAG(s) dict_keys(['example_complex']) retrieved from /home/airflow/.local/lib/python3.7/site-packages/airflow/example_dags/example_complex.py
[2023-05-10T04:06:35.864+0000] {logging_mixin.py:149} INFO - [2023-05-10T04:06:35.843+0000] {dag.py:2726} INFO - Sync 1 DAGs
[2023-05-10T04:06:36.680+0000] {logging_mixin.py:149} INFO - [2023-05-10T04:06:36.675+0000] {dag.py:3490} INFO - Setting next_dagrun for example_complex to None, run_after=None
[2023-05-10T04:06:37.181+0000] {processor.py:178} INFO - Processing /home/airflow/.local/lib/python3.7/site-packages/airflow/example_dags/example_complex.py took 2.704 seconds
[2023-05-10T04:09:08.158+0000] {processor.py:156} INFO - Started process (PID=12303) to work on /home/airflow/.local/lib/python3.7/site-packages/airflow/example_dags/example_complex.py
[2023-05-10T04:09:08.184+0000] {processor.py:799} INFO - Processing file /home/airflow/.local/lib/python3.7/site-packages/airflow/example_dags/example_complex.py for tasks to queue
[2023-05-10T04:09:08.202+0000] {logging_mixin.py:149} INFO - [2023-05-10T04:09:08.200+0000] {dagbag.py:541} INFO - Filling up the DagBag from /home/airflow/.local/lib/python3.7/site-packages/airflow/example_dags/example_complex.py
[2023-05-10T04:09:08.375+0000] {logging_mixin.py:149} INFO - [2023-05-10T04:09:08.372+0000] {taskmixin.py:211} WARNING - Dependency <Task(BashOperator): create_entry_group>, delete_entry_group already registered for DAG: example_complex
[2023-05-10T04:09:08.391+0000] {logging_mixin.py:149} INFO - [2023-05-10T04:09:08.390+0000] {taskmixin.py:211} WARNING - Dependency <Task(BashOperator): delete_entry_group>, create_entry_group already registered for DAG: example_complex
[2023-05-10T04:09:08.397+0000] {logging_mixin.py:149} INFO - [2023-05-10T04:09:08.396+0000] {taskmixin.py:211} WARNING - Dependency <Task(BashOperator): create_entry_gcs>, delete_entry already registered for DAG: example_complex
[2023-05-10T04:09:08.401+0000] {logging_mixin.py:149} INFO - [2023-05-10T04:09:08.400+0000] {taskmixin.py:211} WARNING - Dependency <Task(BashOperator): delete_entry>, create_entry_gcs already registered for DAG: example_complex
[2023-05-10T04:09:08.406+0000] {logging_mixin.py:149} INFO - [2023-05-10T04:09:08.406+0000] {taskmixin.py:211} WARNING - Dependency <Task(BashOperator): create_tag>, delete_tag already registered for DAG: example_complex
[2023-05-10T04:09:08.411+0000] {logging_mixin.py:149} INFO - [2023-05-10T04:09:08.411+0000] {taskmixin.py:211} WARNING - Dependency <Task(BashOperator): delete_tag>, create_tag already registered for DAG: example_complex
[2023-05-10T04:09:08.441+0000] {processor.py:809} INFO - DAG(s) dict_keys(['example_complex']) retrieved from /home/airflow/.local/lib/python3.7/site-packages/airflow/example_dags/example_complex.py
[2023-05-10T04:09:08.851+0000] {logging_mixin.py:149} INFO - [2023-05-10T04:09:08.850+0000] {dag.py:2726} INFO - Sync 1 DAGs
[2023-05-10T04:09:09.076+0000] {logging_mixin.py:149} INFO - [2023-05-10T04:09:09.075+0000] {dag.py:3490} INFO - Setting next_dagrun for example_complex to None, run_after=None
[2023-05-10T04:09:09.244+0000] {processor.py:178} INFO - Processing /home/airflow/.local/lib/python3.7/site-packages/airflow/example_dags/example_complex.py took 1.170 seconds
[2023-05-10T04:14:46.596+0000] {processor.py:156} INFO - Started process (PID=12444) to work on /home/airflow/.local/lib/python3.7/site-packages/airflow/example_dags/example_complex.py
[2023-05-10T04:14:46.603+0000] {processor.py:799} INFO - Processing file /home/airflow/.local/lib/python3.7/site-packages/airflow/example_dags/example_complex.py for tasks to queue
[2023-05-10T04:14:46.612+0000] {logging_mixin.py:149} INFO - [2023-05-10T04:14:46.611+0000] {dagbag.py:541} INFO - Filling up the DagBag from /home/airflow/.local/lib/python3.7/site-packages/airflow/example_dags/example_complex.py
[2023-05-10T04:14:46.735+0000] {logging_mixin.py:149} INFO - [2023-05-10T04:14:46.733+0000] {taskmixin.py:211} WARNING - Dependency <Task(BashOperator): create_entry_group>, delete_entry_group already registered for DAG: example_complex
[2023-05-10T04:14:46.743+0000] {logging_mixin.py:149} INFO - [2023-05-10T04:14:46.743+0000] {taskmixin.py:211} WARNING - Dependency <Task(BashOperator): delete_entry_group>, create_entry_group already registered for DAG: example_complex
[2023-05-10T04:14:46.748+0000] {logging_mixin.py:149} INFO - [2023-05-10T04:14:46.747+0000] {taskmixin.py:211} WARNING - Dependency <Task(BashOperator): create_entry_gcs>, delete_entry already registered for DAG: example_complex
[2023-05-10T04:14:46.753+0000] {logging_mixin.py:149} INFO - [2023-05-10T04:14:46.752+0000] {taskmixin.py:211} WARNING - Dependency <Task(BashOperator): delete_entry>, create_entry_gcs already registered for DAG: example_complex
[2023-05-10T04:14:46.759+0000] {logging_mixin.py:149} INFO - [2023-05-10T04:14:46.758+0000] {taskmixin.py:211} WARNING - Dependency <Task(BashOperator): create_tag>, delete_tag already registered for DAG: example_complex
[2023-05-10T04:14:46.767+0000] {logging_mixin.py:149} INFO - [2023-05-10T04:14:46.766+0000] {taskmixin.py:211} WARNING - Dependency <Task(BashOperator): delete_tag>, create_tag already registered for DAG: example_complex
[2023-05-10T04:14:46.786+0000] {processor.py:809} INFO - DAG(s) dict_keys(['example_complex']) retrieved from /home/airflow/.local/lib/python3.7/site-packages/airflow/example_dags/example_complex.py
[2023-05-10T04:14:47.447+0000] {logging_mixin.py:149} INFO - [2023-05-10T04:14:47.440+0000] {dag.py:2726} INFO - Sync 1 DAGs
[2023-05-10T04:14:48.017+0000] {logging_mixin.py:149} INFO - [2023-05-10T04:14:48.007+0000] {dag.py:3490} INFO - Setting next_dagrun for example_complex to None, run_after=None
[2023-05-10T04:14:48.446+0000] {processor.py:178} INFO - Processing /home/airflow/.local/lib/python3.7/site-packages/airflow/example_dags/example_complex.py took 1.906 seconds
