[2023-05-10T02:30:12.245+0000] {processor.py:156} INFO - Started process (PID=12071) to work on /home/airflow/.local/lib/python3.7/site-packages/airflow/example_dags/example_short_circuit_decorator.py
[2023-05-10T02:30:12.260+0000] {processor.py:799} INFO - Processing file /home/airflow/.local/lib/python3.7/site-packages/airflow/example_dags/example_short_circuit_decorator.py for tasks to queue
[2023-05-10T02:30:12.285+0000] {logging_mixin.py:149} INFO - [2023-05-10T02:30:12.273+0000] {dagbag.py:541} INFO - Filling up the DagBag from /home/airflow/.local/lib/python3.7/site-packages/airflow/example_dags/example_short_circuit_decorator.py
[2023-05-10T02:30:12.566+0000] {processor.py:809} INFO - DAG(s) dict_keys(['example_short_circuit_decorator']) retrieved from /home/airflow/.local/lib/python3.7/site-packages/airflow/example_dags/example_short_circuit_decorator.py
[2023-05-10T02:30:14.796+0000] {logging_mixin.py:149} INFO - [2023-05-10T02:30:14.725+0000] {dag.py:2726} INFO - Sync 1 DAGs
[2023-05-10T02:30:15.559+0000] {logging_mixin.py:149} INFO - [2023-05-10T02:30:15.555+0000] {dag.py:3490} INFO - Setting next_dagrun for example_short_circuit_decorator to 2023-05-09T02:30:15.527717+00:00, run_after=2023-05-10T02:30:15.527717+00:00
[2023-05-10T02:30:16.037+0000] {processor.py:178} INFO - Processing /home/airflow/.local/lib/python3.7/site-packages/airflow/example_dags/example_short_circuit_decorator.py took 3.988 seconds
[2023-05-10T04:04:39.519+0000] {processor.py:156} INFO - Started process (PID=12180) to work on /home/airflow/.local/lib/python3.7/site-packages/airflow/example_dags/example_short_circuit_decorator.py
[2023-05-10T04:04:39.781+0000] {processor.py:799} INFO - Processing file /home/airflow/.local/lib/python3.7/site-packages/airflow/example_dags/example_short_circuit_decorator.py for tasks to queue
[2023-05-10T04:04:40.090+0000] {logging_mixin.py:149} INFO - [2023-05-10T04:04:40.067+0000] {dagbag.py:541} INFO - Filling up the DagBag from /home/airflow/.local/lib/python3.7/site-packages/airflow/example_dags/example_short_circuit_decorator.py
[2023-05-10T04:04:46.016+0000] {processor.py:809} INFO - DAG(s) dict_keys(['example_short_circuit_decorator']) retrieved from /home/airflow/.local/lib/python3.7/site-packages/airflow/example_dags/example_short_circuit_decorator.py
[2023-05-10T04:04:57.074+0000] {logging_mixin.py:149} INFO - [2023-05-10T04:04:55.549+0000] {dag.py:2726} INFO - Sync 1 DAGs
[2023-05-10T04:05:03.415+0000] {logging_mixin.py:149} INFO - [2023-05-10T04:05:03.329+0000] {dag.py:3490} INFO - Setting next_dagrun for example_short_circuit_decorator to 2023-05-09T04:05:02.885958+00:00, run_after=2023-05-10T04:05:02.885958+00:00
[2023-05-10T04:05:06.550+0000] {processor.py:178} INFO - Processing /home/airflow/.local/lib/python3.7/site-packages/airflow/example_dags/example_short_circuit_decorator.py took 28.738 seconds
[2023-05-10T04:08:09.023+0000] {processor.py:156} INFO - Started process (PID=12273) to work on /home/airflow/.local/lib/python3.7/site-packages/airflow/example_dags/example_short_circuit_decorator.py
[2023-05-10T04:08:09.059+0000] {processor.py:799} INFO - Processing file /home/airflow/.local/lib/python3.7/site-packages/airflow/example_dags/example_short_circuit_decorator.py for tasks to queue
[2023-05-10T04:08:09.071+0000] {logging_mixin.py:149} INFO - [2023-05-10T04:08:09.071+0000] {dagbag.py:541} INFO - Filling up the DagBag from /home/airflow/.local/lib/python3.7/site-packages/airflow/example_dags/example_short_circuit_decorator.py
[2023-05-10T04:08:09.350+0000] {processor.py:809} INFO - DAG(s) dict_keys(['example_short_circuit_decorator']) retrieved from /home/airflow/.local/lib/python3.7/site-packages/airflow/example_dags/example_short_circuit_decorator.py
[2023-05-10T04:08:09.772+0000] {logging_mixin.py:149} INFO - [2023-05-10T04:08:09.771+0000] {dag.py:2726} INFO - Sync 1 DAGs
[2023-05-10T04:08:10.001+0000] {logging_mixin.py:149} INFO - [2023-05-10T04:08:09.999+0000] {dag.py:3490} INFO - Setting next_dagrun for example_short_circuit_decorator to 2023-05-09T04:08:09.997229+00:00, run_after=2023-05-10T04:08:09.997229+00:00
[2023-05-10T04:08:10.212+0000] {processor.py:178} INFO - Processing /home/airflow/.local/lib/python3.7/site-packages/airflow/example_dags/example_short_circuit_decorator.py took 1.238 seconds
[2023-05-10T04:10:58.219+0000] {processor.py:156} INFO - Started process (PID=12340) to work on /home/airflow/.local/lib/python3.7/site-packages/airflow/example_dags/example_short_circuit_decorator.py
[2023-05-10T04:10:58.369+0000] {processor.py:799} INFO - Processing file /home/airflow/.local/lib/python3.7/site-packages/airflow/example_dags/example_short_circuit_decorator.py for tasks to queue
[2023-05-10T04:10:58.418+0000] {logging_mixin.py:149} INFO - [2023-05-10T04:10:58.412+0000] {dagbag.py:541} INFO - Filling up the DagBag from /home/airflow/.local/lib/python3.7/site-packages/airflow/example_dags/example_short_circuit_decorator.py
[2023-05-10T04:10:59.391+0000] {processor.py:809} INFO - DAG(s) dict_keys(['example_short_circuit_decorator']) retrieved from /home/airflow/.local/lib/python3.7/site-packages/airflow/example_dags/example_short_circuit_decorator.py
[2023-05-10T04:11:02.390+0000] {logging_mixin.py:149} INFO - [2023-05-10T04:11:02.335+0000] {dag.py:2726} INFO - Sync 1 DAGs
[2023-05-10T04:11:05.389+0000] {logging_mixin.py:149} INFO - [2023-05-10T04:11:05.368+0000] {dag.py:3490} INFO - Setting next_dagrun for example_short_circuit_decorator to 2023-05-09T04:11:05.306477+00:00, run_after=2023-05-10T04:11:05.306477+00:00
[2023-05-10T04:11:05.943+0000] {processor.py:178} INFO - Processing /home/airflow/.local/lib/python3.7/site-packages/airflow/example_dags/example_short_circuit_decorator.py took 8.553 seconds
[2023-05-10T04:13:52.660+0000] {processor.py:156} INFO - Started process (PID=12414) to work on /home/airflow/.local/lib/python3.7/site-packages/airflow/example_dags/example_short_circuit_decorator.py
[2023-05-10T04:13:52.693+0000] {processor.py:799} INFO - Processing file /home/airflow/.local/lib/python3.7/site-packages/airflow/example_dags/example_short_circuit_decorator.py for tasks to queue
[2023-05-10T04:13:52.704+0000] {logging_mixin.py:149} INFO - [2023-05-10T04:13:52.703+0000] {dagbag.py:541} INFO - Filling up the DagBag from /home/airflow/.local/lib/python3.7/site-packages/airflow/example_dags/example_short_circuit_decorator.py
[2023-05-10T04:13:52.903+0000] {processor.py:809} INFO - DAG(s) dict_keys(['example_short_circuit_decorator']) retrieved from /home/airflow/.local/lib/python3.7/site-packages/airflow/example_dags/example_short_circuit_decorator.py
[2023-05-10T04:13:53.912+0000] {logging_mixin.py:149} INFO - [2023-05-10T04:13:53.911+0000] {dag.py:2726} INFO - Sync 1 DAGs
[2023-05-10T04:13:54.197+0000] {logging_mixin.py:149} INFO - [2023-05-10T04:13:54.197+0000] {dag.py:3490} INFO - Setting next_dagrun for example_short_circuit_decorator to 2023-05-09T04:13:54.181770+00:00, run_after=2023-05-10T04:13:54.181770+00:00
[2023-05-10T04:13:54.333+0000] {processor.py:178} INFO - Processing /home/airflow/.local/lib/python3.7/site-packages/airflow/example_dags/example_short_circuit_decorator.py took 1.841 seconds
[2023-05-10T04:15:15.550+0000] {processor.py:156} INFO - Started process (PID=12470) to work on /home/airflow/.local/lib/python3.7/site-packages/airflow/example_dags/example_short_circuit_decorator.py
[2023-05-10T04:15:15.587+0000] {processor.py:799} INFO - Processing file /home/airflow/.local/lib/python3.7/site-packages/airflow/example_dags/example_short_circuit_decorator.py for tasks to queue
[2023-05-10T04:15:15.594+0000] {logging_mixin.py:149} INFO - [2023-05-10T04:15:15.594+0000] {dagbag.py:541} INFO - Filling up the DagBag from /home/airflow/.local/lib/python3.7/site-packages/airflow/example_dags/example_short_circuit_decorator.py
[2023-05-10T04:15:15.711+0000] {processor.py:809} INFO - DAG(s) dict_keys(['example_short_circuit_decorator']) retrieved from /home/airflow/.local/lib/python3.7/site-packages/airflow/example_dags/example_short_circuit_decorator.py
[2023-05-10T04:15:16.236+0000] {logging_mixin.py:149} INFO - [2023-05-10T04:15:16.233+0000] {dag.py:2726} INFO - Sync 1 DAGs
[2023-05-10T04:15:16.680+0000] {logging_mixin.py:149} INFO - [2023-05-10T04:15:16.679+0000] {dag.py:3490} INFO - Setting next_dagrun for example_short_circuit_decorator to 2023-05-09T04:15:16.669247+00:00, run_after=2023-05-10T04:15:16.669247+00:00
[2023-05-10T04:15:17.032+0000] {processor.py:178} INFO - Processing /home/airflow/.local/lib/python3.7/site-packages/airflow/example_dags/example_short_circuit_decorator.py took 1.547 seconds
