[2023-05-10T03:28:09.368+0000] {processor.py:156} INFO - Started process (PID=12104) to work on /home/airflow/.local/lib/python3.7/site-packages/airflow/example_dags/tutorial.py
[2023-05-10T03:28:10.017+0000] {processor.py:799} INFO - Processing file /home/airflow/.local/lib/python3.7/site-packages/airflow/example_dags/tutorial.py for tasks to queue
[2023-05-10T03:28:10.125+0000] {logging_mixin.py:149} INFO - [2023-05-10T03:28:10.124+0000] {dagbag.py:541} INFO - Filling up the DagBag from /home/airflow/.local/lib/python3.7/site-packages/airflow/example_dags/tutorial.py
[2023-05-10T03:28:11.711+0000] {processor.py:809} INFO - DAG(s) dict_keys(['tutorial']) retrieved from /home/airflow/.local/lib/python3.7/site-packages/airflow/example_dags/tutorial.py
[2023-05-10T03:28:20.373+0000] {logging_mixin.py:149} INFO - [2023-05-10T03:28:20.342+0000] {dag.py:2726} INFO - Sync 1 DAGs
[2023-05-10T03:28:22.264+0000] {logging_mixin.py:149} INFO - [2023-05-10T03:28:22.250+0000] {dag.py:3490} INFO - Setting next_dagrun for tutorial to 2023-05-09T03:28:22.229361+00:00, run_after=2023-05-10T03:28:22.229361+00:00
[2023-05-10T03:28:24.538+0000] {processor.py:178} INFO - Processing /home/airflow/.local/lib/python3.7/site-packages/airflow/example_dags/tutorial.py took 17.068 seconds
[2023-05-10T04:06:41.596+0000] {processor.py:156} INFO - Started process (PID=12227) to work on /home/airflow/.local/lib/python3.7/site-packages/airflow/example_dags/tutorial.py
[2023-05-10T04:06:41.626+0000] {processor.py:799} INFO - Processing file /home/airflow/.local/lib/python3.7/site-packages/airflow/example_dags/tutorial.py for tasks to queue
[2023-05-10T04:06:41.640+0000] {logging_mixin.py:149} INFO - [2023-05-10T04:06:41.637+0000] {dagbag.py:541} INFO - Filling up the DagBag from /home/airflow/.local/lib/python3.7/site-packages/airflow/example_dags/tutorial.py
[2023-05-10T04:06:41.866+0000] {processor.py:809} INFO - DAG(s) dict_keys(['tutorial']) retrieved from /home/airflow/.local/lib/python3.7/site-packages/airflow/example_dags/tutorial.py
[2023-05-10T04:06:42.273+0000] {logging_mixin.py:149} INFO - [2023-05-10T04:06:42.272+0000] {dag.py:2726} INFO - Sync 1 DAGs
[2023-05-10T04:06:42.488+0000] {logging_mixin.py:149} INFO - [2023-05-10T04:06:42.488+0000] {dag.py:3490} INFO - Setting next_dagrun for tutorial to 2023-05-09T04:06:42.486501+00:00, run_after=2023-05-10T04:06:42.486501+00:00
[2023-05-10T04:06:42.617+0000] {processor.py:178} INFO - Processing /home/airflow/.local/lib/python3.7/site-packages/airflow/example_dags/tutorial.py took 1.092 seconds
[2023-05-10T04:09:15.113+0000] {processor.py:156} INFO - Started process (PID=12306) to work on /home/airflow/.local/lib/python3.7/site-packages/airflow/example_dags/tutorial.py
[2023-05-10T04:09:15.143+0000] {processor.py:799} INFO - Processing file /home/airflow/.local/lib/python3.7/site-packages/airflow/example_dags/tutorial.py for tasks to queue
[2023-05-10T04:09:15.164+0000] {logging_mixin.py:149} INFO - [2023-05-10T04:09:15.151+0000] {dagbag.py:541} INFO - Filling up the DagBag from /home/airflow/.local/lib/python3.7/site-packages/airflow/example_dags/tutorial.py
[2023-05-10T04:09:15.484+0000] {processor.py:809} INFO - DAG(s) dict_keys(['tutorial']) retrieved from /home/airflow/.local/lib/python3.7/site-packages/airflow/example_dags/tutorial.py
[2023-05-10T04:09:16.275+0000] {logging_mixin.py:149} INFO - [2023-05-10T04:09:16.272+0000] {dag.py:2726} INFO - Sync 1 DAGs
[2023-05-10T04:09:16.573+0000] {logging_mixin.py:149} INFO - [2023-05-10T04:09:16.572+0000] {dag.py:3490} INFO - Setting next_dagrun for tutorial to 2023-05-09T04:09:16.569139+00:00, run_after=2023-05-10T04:09:16.569139+00:00
[2023-05-10T04:09:16.887+0000] {processor.py:178} INFO - Processing /home/airflow/.local/lib/python3.7/site-packages/airflow/example_dags/tutorial.py took 2.005 seconds
[2023-05-10T04:14:50.322+0000] {processor.py:156} INFO - Started process (PID=12447) to work on /home/airflow/.local/lib/python3.7/site-packages/airflow/example_dags/tutorial.py
[2023-05-10T04:14:50.328+0000] {processor.py:799} INFO - Processing file /home/airflow/.local/lib/python3.7/site-packages/airflow/example_dags/tutorial.py for tasks to queue
[2023-05-10T04:14:50.332+0000] {logging_mixin.py:149} INFO - [2023-05-10T04:14:50.332+0000] {dagbag.py:541} INFO - Filling up the DagBag from /home/airflow/.local/lib/python3.7/site-packages/airflow/example_dags/tutorial.py
[2023-05-10T04:14:50.450+0000] {processor.py:809} INFO - DAG(s) dict_keys(['tutorial']) retrieved from /home/airflow/.local/lib/python3.7/site-packages/airflow/example_dags/tutorial.py
[2023-05-10T04:14:50.994+0000] {logging_mixin.py:149} INFO - [2023-05-10T04:14:50.987+0000] {dag.py:2726} INFO - Sync 1 DAGs
[2023-05-10T04:14:51.649+0000] {logging_mixin.py:149} INFO - [2023-05-10T04:14:51.648+0000] {dag.py:3490} INFO - Setting next_dagrun for tutorial to 2023-05-09T04:14:51.636831+00:00, run_after=2023-05-10T04:14:51.636831+00:00
[2023-05-10T04:14:51.805+0000] {processor.py:178} INFO - Processing /home/airflow/.local/lib/python3.7/site-packages/airflow/example_dags/tutorial.py took 1.522 seconds
