[2023-05-11T09:00:02.671+0000] {taskinstance.py:1125} INFO - Dependencies all met for dep_context=non-requeueable deps ti=<TaskInstance: scp_dag.scp_to_server scheduled__2023-05-11T08:50:00+00:00 [queued]>
[2023-05-11T09:00:02.733+0000] {taskinstance.py:1125} INFO - Dependencies all met for dep_context=requeueable deps ti=<TaskInstance: scp_dag.scp_to_server scheduled__2023-05-11T08:50:00+00:00 [queued]>
[2023-05-11T09:00:02.736+0000] {taskinstance.py:1331} INFO - Starting attempt 1 of 2
[2023-05-11T09:00:02.787+0000] {taskinstance.py:1350} INFO - Executing <Task(BashOperator): scp_to_server> on 2023-05-11 08:50:00+00:00
[2023-05-11T09:00:02.817+0000] {standard_task_runner.py:57} INFO - Started process 3665 to run task
[2023-05-11T09:00:02.846+0000] {standard_task_runner.py:84} INFO - Running: ['***', 'tasks', 'run', 'scp_dag', 'scp_to_server', 'scheduled__2023-05-11T08:50:00+00:00', '--job-id', '231', '--raw', '--subdir', 'DAGS_FOLDER/scp.py', '--cfg-path', '/tmp/tmpiwncbm53']
[2023-05-11T09:00:02.849+0000] {standard_task_runner.py:85} INFO - Job 231: Subtask scp_to_server
[2023-05-11T09:00:03.150+0000] {task_command.py:410} INFO - Running <TaskInstance: scp_dag.scp_to_server scheduled__2023-05-11T08:50:00+00:00 [running]> on host b06a232a05e5
[2023-05-11T09:00:03.482+0000] {taskinstance.py:1570} INFO - Exporting env vars: AIRFLOW_CTX_DAG_EMAIL='***@example.com' AIRFLOW_CTX_DAG_OWNER='***' AIRFLOW_CTX_DAG_ID='scp_dag' AIRFLOW_CTX_TASK_ID='scp_to_server' AIRFLOW_CTX_EXECUTION_DATE='2023-05-11T08:50:00+00:00' AIRFLOW_CTX_TRY_NUMBER='1' AIRFLOW_CTX_DAG_RUN_ID='scheduled__2023-05-11T08:50:00+00:00'
[2023-05-11T09:00:03.485+0000] {subprocess.py:63} INFO - Tmp dir root location: 
 /tmp
[2023-05-11T09:00:03.488+0000] {subprocess.py:75} INFO - Running command: ['/bin/bash', '-c', ' \nscp -o StrictHostKeyChecking=No -i /opt/***/dags/ssh_keys/3-mar-2023-N.Virginia.pem /opt/***/dags/dbbackup.sh ubuntu@107.23.137.161:/home/ubuntu']
[2023-05-11T09:00:03.512+0000] {subprocess.py:86} INFO - Output:
[2023-05-11T09:02:07.367+0000] {local_task_job_runner.py:292} WARNING - DagRun timed out after 0:02:06.491431.
[2023-05-11T09:02:12.497+0000] {local_task_job_runner.py:292} WARNING - DagRun timed out after 0:02:11.622823.
[2023-05-11T09:02:12.501+0000] {local_task_job_runner.py:299} WARNING - State of this instance has been externally set to skipped. Terminating instance.
[2023-05-11T09:02:12.507+0000] {process_utils.py:135} INFO - Sending Signals.SIGTERM to group 3665. PIDs of all processes in the group: [3668, 3669, 3665]
[2023-05-11T09:02:12.510+0000] {process_utils.py:86} INFO - Sending the signal Signals.SIGTERM to group 3665
[2023-05-11T09:02:12.521+0000] {taskinstance.py:1540} ERROR - Received SIGTERM. Terminating subprocesses.
[2023-05-11T09:02:12.534+0000] {subprocess.py:104} INFO - Sending SIGTERM signal to process group
[2023-05-11T09:02:12.812+0000] {process_utils.py:79} INFO - Process psutil.Process(pid=3665, status='terminated', exitcode=0, started='09:00:02') (3665) terminated with exit code 0
[2023-05-11T09:02:12.817+0000] {process_utils.py:79} INFO - Process psutil.Process(pid=3668, status='terminated', started='09:00:03') (3668) terminated with exit code None
[2023-05-11T09:02:12.819+0000] {process_utils.py:79} INFO - Process psutil.Process(pid=3669, status='terminated', started='09:00:03') (3669) terminated with exit code None
