[2023-05-11T06:16:45.221+0000] {taskinstance.py:1125} INFO - Dependencies all met for dep_context=non-requeueable deps ti=<TaskInstance: scp_dag.scp_to_server manual__2023-05-11T06:12:26.638871+00:00 [queued]>
[2023-05-11T06:16:45.231+0000] {taskinstance.py:1125} INFO - Dependencies all met for dep_context=requeueable deps ti=<TaskInstance: scp_dag.scp_to_server manual__2023-05-11T06:12:26.638871+00:00 [queued]>
[2023-05-11T06:16:45.231+0000] {taskinstance.py:1331} INFO - Starting attempt 2 of 3
[2023-05-11T06:16:45.244+0000] {taskinstance.py:1350} INFO - Executing <Task(BashOperator): scp_to_server> on 2023-05-11 06:12:26.638871+00:00
[2023-05-11T06:16:45.249+0000] {standard_task_runner.py:57} INFO - Started process 3197 to run task
[2023-05-11T06:16:45.254+0000] {standard_task_runner.py:84} INFO - Running: ['***', 'tasks', 'run', 'scp_dag', 'scp_to_server', 'manual__2023-05-11T06:12:26.638871+00:00', '--job-id', '186', '--raw', '--subdir', 'DAGS_FOLDER/scp.py', '--cfg-path', '/tmp/tmplitpva66']
[2023-05-11T06:16:45.255+0000] {standard_task_runner.py:85} INFO - Job 186: Subtask scp_to_server
[2023-05-11T06:16:45.338+0000] {task_command.py:410} INFO - Running <TaskInstance: scp_dag.scp_to_server manual__2023-05-11T06:12:26.638871+00:00 [running]> on host b06a232a05e5
[2023-05-11T06:16:45.425+0000] {taskinstance.py:1570} INFO - Exporting env vars: AIRFLOW_CTX_DAG_EMAIL='***@example.com' AIRFLOW_CTX_DAG_OWNER='***' AIRFLOW_CTX_DAG_ID='scp_dag' AIRFLOW_CTX_TASK_ID='scp_to_server' AIRFLOW_CTX_EXECUTION_DATE='2023-05-11T06:12:26.638871+00:00' AIRFLOW_CTX_TRY_NUMBER='2' AIRFLOW_CTX_DAG_RUN_ID='manual__2023-05-11T06:12:26.638871+00:00'
[2023-05-11T06:16:45.427+0000] {subprocess.py:63} INFO - Tmp dir root location: 
 /tmp
[2023-05-11T06:16:45.428+0000] {subprocess.py:75} INFO - Running command: ['/bin/bash', '-c', ' \nwhoami\npwd\ncat /opt/***/dags/ssh_keys/3-mar-2023-N.Virginia.pem \nls -lthr /opt/***/dags/ssh_keys/3-mar-2023-N.Virginia.pem \ncat /opt/***/dags/dbbackup.sh \nls -lthr /opt/***/dags/dbbackup.sh \nscp -o StrictHostKeyChecking=No -i /opt/***/dags/ssh_keys/3-mar-2023-N.Virginia.pem /opt/***/dags/dbbackup.sh ubuntu@107.23.137.161:/home/ubuntu']
[2023-05-11T06:16:45.442+0000] {subprocess.py:86} INFO - Output:
[2023-05-11T06:16:45.450+0000] {subprocess.py:93} INFO - default
[2023-05-11T06:16:45.451+0000] {subprocess.py:93} INFO - /tmp/***tmpcrd2q2im
[2023-05-11T06:16:45.454+0000] {subprocess.py:93} INFO - -----BEGIN RSA PRIVATE KEY-----
[2023-05-11T06:16:45.454+0000] {subprocess.py:93} INFO - MIIEowIBAAKCAQEArQJ5Ki1diU06Pji3q5L4hyoOX1qCHHZNstpa/22S5vnhaE5f
[2023-05-11T06:16:45.455+0000] {subprocess.py:93} INFO - 0QMBTmAXDYtg+w/LWCQIfKEgtg4ZrbGEwqhaoUc2KsV07zenKYPohQ3a5roQ0pdI
[2023-05-11T06:16:45.455+0000] {subprocess.py:93} INFO - 9p3g/xWokJZeNRUu6uyHuwTTflfsVFGkKAVK99A3zQL/dBJNVdjv0zinicbX5O3+
[2023-05-11T06:16:45.456+0000] {subprocess.py:93} INFO - DXP5J8l/OwiUuQhgc8lOb7kkobRrKLsmrqMyGU5C4NkvM6OACmhJ1QkXvoZqjn3A
[2023-05-11T06:16:45.457+0000] {subprocess.py:93} INFO - huSBMSTzakr634VVp/fHWuYFtPX09yqSWNYPNS5fmmyo4qwAMn5GH0C9t7fBpjV1
[2023-05-11T06:16:45.457+0000] {subprocess.py:93} INFO - 4gwqfCGiZcon11oerC7OwBCOB0JqoSaZ0NCqmwIDAQABAoIBAGUZceaEtgka+PMN
[2023-05-11T06:16:45.458+0000] {subprocess.py:93} INFO - P79iVhreJ6HvCONK+qKOWOi0hki1MtQ6IGHKSMQdALuofBaaJzCtdcwmeDAK01Sd
[2023-05-11T06:16:45.458+0000] {subprocess.py:93} INFO - zL/Xk4Z1T6D03B1CP0vSSlkePJHhnx0AzOFYZveJF4TOaeTJKS6c48AU1OYayP6I
[2023-05-11T06:16:45.459+0000] {subprocess.py:93} INFO - 6s18Mk/X/BOwMckJPOnyqEqc68JlWZ2Wp3zyTsRyqRP3DAhLoCcIy7v7YY2Rcggq
[2023-05-11T06:16:45.459+0000] {subprocess.py:93} INFO - PRtjJY3vA/4GPWV9eeK1E35pmAo9uZ07SsUeAjjDaaTctU92xiQK294oRqMAwM2R
[2023-05-11T06:16:45.460+0000] {subprocess.py:93} INFO - aWQJzpmCleNNVi+QUQOUkcChF7jO8eNWGEWpp97gEv0eV8iZ+v20g5LRo58vkpOH
[2023-05-11T06:16:45.461+0000] {subprocess.py:93} INFO - ebXDzhECgYEA6zVoyyh4MXyQ4263cvmgZscCVELoRke+r75CsG8hfMNNgrLh5Gue
[2023-05-11T06:16:45.461+0000] {subprocess.py:93} INFO - w9b2QravzPw+16RkuDTGg62lu1kxMx9SbvufB5rin0rjVGSO9ISS/j2Qgg16CX4K
[2023-05-11T06:16:45.462+0000] {subprocess.py:93} INFO - zMSCWy4Al4RuQxh+3MltS6kVGfJ7tWJK/dCAR+Xke6beccVwp8G+aMMCgYEAvE2M
[2023-05-11T06:16:45.463+0000] {subprocess.py:93} INFO - jtttCEU5hVcilkVyrld+2hxMJ9sGriLeuky9kAdXasAJRw2ZbMDYTrbIpBmCKlPZ
[2023-05-11T06:16:45.464+0000] {subprocess.py:93} INFO - RlnhI10F2crGwaWG15nG4NvXHbDVUvgUIG+82UMr4jsFE1aMb0cK2VIJs2nBYnaH
[2023-05-11T06:16:45.464+0000] {subprocess.py:93} INFO - /SxCqowcxVNkVv2ZqaP0oFMzuQLmAKG6anrzWUkCgYAyV5UdXoUTOnEcbJcRIcKm
[2023-05-11T06:16:45.465+0000] {subprocess.py:93} INFO - HNQvyr5CRJrYrKVDdBW7yWVuovDcXfh2PC0rLETGX/rnVsVD8+/FQUZmqflw0rRn
[2023-05-11T06:16:45.465+0000] {subprocess.py:93} INFO - Eq4AB7OXmoS7jGZYiYOYrP6gB1hmbbbMCwdHkroHtA2RiM2mXepptj/Q9OhrcyVP
[2023-05-11T06:16:45.466+0000] {subprocess.py:93} INFO - 2++I8/iKSrXzremlzj791wKBgQCWdyEpxgyJ30bnVYk9qqDIzwF+J75y2oGsBBEV
[2023-05-11T06:16:45.467+0000] {subprocess.py:93} INFO - rNyMilE/69N+A0/lpvMxcr1A42EvkXC81nUgXOSf83h+pFXrUeWpKAHsp7DOa40p
[2023-05-11T06:16:45.467+0000] {subprocess.py:93} INFO - nh+5PAOE8sRLf40YHhx9KyC1THxKwYxIsWVUAkG7K7eyC1MOSwTeV52s6LQBLTpY
[2023-05-11T06:16:45.468+0000] {subprocess.py:93} INFO - e4aYgQKBgBtl1P3NF97jYYCViLbhj5mJAo9u2Act93yeP4aGRYQC5MceKeW+UhiB
[2023-05-11T06:16:45.468+0000] {subprocess.py:93} INFO - vIxW/5fqYq3pKBB0KBV/fEW9bds4cObT0a4Lv4haeItXtmL0AmHRNAaqZwhe4ovI
[2023-05-11T06:16:45.469+0000] {subprocess.py:93} INFO - hTsrWmpUpw2ZQ+FctG0LMviEKFX5Sg11t56bHM6lVlGoUYdXKu1I
[2023-05-11T06:16:45.469+0000] {subprocess.py:93} INFO - -----END RSA PRIVATE KEY------r-------- 1 default root 1.7K May 11 05:04 /opt/***/dags/ssh_keys/3-mar-2023-N.Virginia.pem
[2023-05-11T06:16:45.470+0000] {subprocess.py:93} INFO - #!/bin/bash
[2023-05-11T06:16:45.470+0000] {subprocess.py:93} INFO - 
[2023-05-11T06:16:45.471+0000] {subprocess.py:93} INFO - #Backup Data from control.brandsonroad.com
[2023-05-11T06:16:45.471+0000] {subprocess.py:93} INFO - cd ~
[2023-05-11T06:16:45.472+0000] {subprocess.py:93} INFO - ls -lthr
[2023-05-11T06:16:45.472+0000] {subprocess.py:93} INFO - mongodump --forceTableScan --db led --gzip --archive=mongoBackup_$(date +"%Y-%m-%d.gz")
[2023-05-11T06:16:45.473+0000] {subprocess.py:93} INFO - ls -lthr-rw-r--r-- 1 default root 166 May 10 05:08 /opt/***/dags/dbbackup.sh
[2023-05-11T06:16:46.584+0000] {subprocess.py:93} INFO - Warning: Permanently added '107.23.137.161' (ECDSA) to the list of known hosts.
[2023-05-11T06:16:49.116+0000] {subprocess.py:97} INFO - Command exited with return code 0
[2023-05-11T06:16:49.170+0000] {taskinstance.py:1373} INFO - Marking task as SUCCESS. dag_id=scp_dag, task_id=scp_to_server, execution_date=20230511T061226, start_date=20230511T061645, end_date=20230511T061649
[2023-05-11T06:16:49.210+0000] {local_task_job_runner.py:232} INFO - Task exited with return code 0
[2023-05-11T06:16:49.254+0000] {taskinstance.py:2674} INFO - 0 downstream tasks scheduled from follow-on schedule check
