[2023-05-11T05:09:15.274+0000] {taskinstance.py:1125} INFO - Dependencies all met for dep_context=non-requeueable deps ti=<TaskInstance: Mongodb_backup.scp_to_server manual__2023-05-11T04:53:48.861953+00:00 [queued]>
[2023-05-11T05:09:15.284+0000] {taskinstance.py:1125} INFO - Dependencies all met for dep_context=requeueable deps ti=<TaskInstance: Mongodb_backup.scp_to_server manual__2023-05-11T04:53:48.861953+00:00 [queued]>
[2023-05-11T05:09:15.285+0000] {taskinstance.py:1331} INFO - Starting attempt 6 of 7
[2023-05-11T05:09:15.297+0000] {taskinstance.py:1350} INFO - Executing <Task(SSHOperator): scp_to_server> on 2023-05-11 04:53:48.861953+00:00
[2023-05-11T05:09:15.303+0000] {standard_task_runner.py:57} INFO - Started process 1759 to run task
[2023-05-11T05:09:15.309+0000] {standard_task_runner.py:84} INFO - Running: ['***', 'tasks', 'run', 'Mongodb_backup', 'scp_to_server', 'manual__2023-05-11T04:53:48.861953+00:00', '--job-id', '130', '--raw', '--subdir', 'DAGS_FOLDER/dagforbackup.py', '--cfg-path', '/tmp/tmphn1sotw5']
[2023-05-11T05:09:15.310+0000] {standard_task_runner.py:85} INFO - Job 130: Subtask scp_to_server
[2023-05-11T05:09:15.372+0000] {task_command.py:410} INFO - Running <TaskInstance: Mongodb_backup.scp_to_server manual__2023-05-11T04:53:48.861953+00:00 [running]> on host b06a232a05e5
[2023-05-11T05:09:15.471+0000] {taskinstance.py:1570} INFO - Exporting env vars: AIRFLOW_CTX_DAG_EMAIL='***@example.com' AIRFLOW_CTX_DAG_OWNER='***' AIRFLOW_CTX_DAG_ID='Mongodb_backup' AIRFLOW_CTX_TASK_ID='scp_to_server' AIRFLOW_CTX_EXECUTION_DATE='2023-05-11T04:53:48.861953+00:00' AIRFLOW_CTX_TRY_NUMBER='6' AIRFLOW_CTX_DAG_RUN_ID='manual__2023-05-11T04:53:48.861953+00:00'
[2023-05-11T05:09:15.472+0000] {ssh.py:135} INFO - Creating ssh_client
[2023-05-11T05:09:15.520+0000] {ssh.py:112} INFO - ssh_hook is not provided or invalid. Trying ssh_conn_id to create SSHHook.
[2023-05-11T05:09:15.535+0000] {base.py:73} INFO - Using connection ID 'ssh_conn' for task execution.
[2023-05-11T05:09:15.604+0000] {ssh.py:299} WARNING - No Host Key Verification. This won't protect against Man-In-The-Middle attacks
[2023-05-11T05:09:16.184+0000] {transport.py:1873} INFO - Connected (version 2.0, client OpenSSH_8.9p1)
[2023-05-11T05:09:17.331+0000] {transport.py:1873} INFO - Authentication (publickey) successful!
[2023-05-11T05:09:17.337+0000] {ssh.py:476} INFO - Running command:  
scp -i ~/Downloads/3-mar-2023-N.Virginia.pem /Users/archanakarpe/Documents/saraff/MongoConnectionDags/dags/dbbackup.sh ubuntu@107.23.137.161:/home/ubuntu
[2023-05-11T05:09:18.786+0000] {ssh.py:527} WARNING - Warning: Identity file /home/ubuntu/Downloads/3-mar-2023-N.Virginia.pem not accessible: No such file or directory.
[2023-05-11T05:09:18.811+0000] {ssh.py:527} WARNING - Host key verification failed.
[2023-05-11T05:09:18.813+0000] {ssh.py:527} WARNING - lost connection
[2023-05-11T05:09:18.872+0000] {taskinstance.py:1847} ERROR - Task failed with exception
Traceback (most recent call last):
  File "/home/airflow/.local/lib/python3.7/site-packages/airflow/providers/ssh/operators/ssh.py", line 173, in execute
    result = self.run_ssh_client_command(ssh_client, self.command, context=context)
  File "/home/airflow/.local/lib/python3.7/site-packages/airflow/providers/ssh/operators/ssh.py", line 161, in run_ssh_client_command
    self.raise_for_status(exit_status, agg_stderr, context=context)
  File "/home/airflow/.local/lib/python3.7/site-packages/airflow/providers/ssh/operators/ssh.py", line 154, in raise_for_status
    raise AirflowException(f"SSH operator error: exit status = {exit_status}")
airflow.exceptions.AirflowException: SSH operator error: exit status = 1
[2023-05-11T05:09:18.878+0000] {taskinstance.py:1373} INFO - Marking task as UP_FOR_RETRY. dag_id=Mongodb_backup, task_id=scp_to_server, execution_date=20230511T045348, start_date=20230511T050915, end_date=20230511T050918
[2023-05-11T05:09:18.894+0000] {standard_task_runner.py:109} ERROR - Failed to execute job 130 for task scp_to_server (SSH operator error: exit status = 1; 1759)
[2023-05-11T05:09:18.988+0000] {local_task_job_runner.py:232} INFO - Task exited with return code 1
[2023-05-11T05:09:19.059+0000] {taskinstance.py:2674} INFO - 0 downstream tasks scheduled from follow-on schedule check
