[2023-05-09T10:18:17.347+0000] {taskinstance.py:1125} INFO - Dependencies all met for dep_context=non-requeueable deps ti=<TaskInstance: Bash_operator.ssh_into_server manual__2023-05-09T10:05:05.541223+00:00 [queued]>
[2023-05-09T10:18:25.308+0000] {taskinstance.py:1125} INFO - Dependencies all met for dep_context=requeueable deps ti=<TaskInstance: Bash_operator.ssh_into_server manual__2023-05-09T10:05:05.541223+00:00 [queued]>
[2023-05-09T10:18:25.315+0000] {taskinstance.py:1331} INFO - Starting attempt 1 of 2
[2023-05-09T10:18:25.391+0000] {taskinstance.py:1350} INFO - Executing <Task(BashOperator): ssh_into_server> on 2023-05-09 10:05:05.541223+00:00
[2023-05-09T10:18:25.422+0000] {standard_task_runner.py:57} INFO - Started process 376 to run task
[2023-05-09T10:18:25.439+0000] {standard_task_runner.py:84} INFO - Running: ['***', 'tasks', 'run', 'Bash_operator', 'ssh_into_server', 'manual__2023-05-09T10:05:05.541223+00:00', '--job-id', '10', '--raw', '--subdir', 'DAGS_FOLDER/DagForBashFile.py', '--cfg-path', '/tmp/tmp2u0cksrn']
[2023-05-09T10:18:25.469+0000] {standard_task_runner.py:85} INFO - Job 10: Subtask ssh_into_server
[2023-05-09T10:18:26.553+0000] {task_command.py:410} INFO - Running <TaskInstance: Bash_operator.ssh_into_server manual__2023-05-09T10:05:05.541223+00:00 [running]> on host f4c8e63ff1d9
[2023-05-09T10:18:27.223+0000] {taskinstance.py:1570} INFO - Exporting env vars: AIRFLOW_CTX_DAG_OWNER='***' AIRFLOW_CTX_DAG_ID='Bash_operator' AIRFLOW_CTX_TASK_ID='ssh_into_server' AIRFLOW_CTX_EXECUTION_DATE='2023-05-09T10:05:05.541223+00:00' AIRFLOW_CTX_TRY_NUMBER='1' AIRFLOW_CTX_DAG_RUN_ID='manual__2023-05-09T10:05:05.541223+00:00'
[2023-05-09T10:18:27.283+0000] {subprocess.py:63} INFO - Tmp dir root location: 
 /tmp
[2023-05-09T10:18:27.302+0000] {subprocess.py:75} INFO - Running command: ['/bin/bash', '-c', 'ssh -i ~/Downloads/3-mar-2023-N.Virginia.pem ubuntu@18.234.147.114']
[2023-05-09T10:18:27.451+0000] {subprocess.py:86} INFO - Output:
[2023-05-09T10:18:27.642+0000] {subprocess.py:93} INFO - Warning: Identity file /home/***/Downloads/3-mar-2023-N.Virginia.pem not accessible: No such file or directory.
[2023-05-09T10:18:27.662+0000] {subprocess.py:93} INFO - Pseudo-terminal will not be allocated because stdin is not a terminal.
[2023-05-09T10:18:28.831+0000] {subprocess.py:93} INFO - Host key verification failed.
[2023-05-09T10:18:28.836+0000] {subprocess.py:97} INFO - Command exited with return code 255
[2023-05-09T10:18:28.915+0000] {taskinstance.py:1847} ERROR - Task failed with exception
Traceback (most recent call last):
  File "/home/airflow/.local/lib/python3.7/site-packages/airflow/operators/bash.py", line 211, in execute
    f"Bash command failed. The command returned a non-zero exit code {result.exit_code}."
airflow.exceptions.AirflowException: Bash command failed. The command returned a non-zero exit code 255.
[2023-05-09T10:18:28.929+0000] {taskinstance.py:1373} INFO - Marking task as UP_FOR_RETRY. dag_id=Bash_operator, task_id=ssh_into_server, execution_date=20230509T100505, start_date=20230509T101817, end_date=20230509T101828
[2023-05-09T10:18:28.964+0000] {standard_task_runner.py:109} ERROR - Failed to execute job 10 for task ssh_into_server (Bash command failed. The command returned a non-zero exit code 255.; 376)
[2023-05-09T10:18:29.055+0000] {local_task_job_runner.py:232} INFO - Task exited with return code 1
[2023-05-09T10:18:29.114+0000] {taskinstance.py:2674} INFO - 0 downstream tasks scheduled from follow-on schedule check
