[2023-05-09T10:19:33.715+0000] {taskinstance.py:1125} INFO - Dependencies all met for dep_context=non-requeueable deps ti=<TaskInstance: Bash_operator.ssh_into_server manual__2023-05-09T10:05:05.541223+00:00 [queued]>
[2023-05-09T10:19:34.865+0000] {taskinstance.py:1125} INFO - Dependencies all met for dep_context=requeueable deps ti=<TaskInstance: Bash_operator.ssh_into_server manual__2023-05-09T10:05:05.541223+00:00 [queued]>
[2023-05-09T10:19:34.893+0000] {taskinstance.py:1331} INFO - Starting attempt 2 of 2
[2023-05-09T10:19:34.931+0000] {taskinstance.py:1350} INFO - Executing <Task(BashOperator): ssh_into_server> on 2023-05-09 10:05:05.541223+00:00
[2023-05-09T10:19:34.986+0000] {standard_task_runner.py:57} INFO - Started process 401 to run task
[2023-05-09T10:19:35.000+0000] {standard_task_runner.py:84} INFO - Running: ['***', 'tasks', 'run', 'Bash_operator', 'ssh_into_server', 'manual__2023-05-09T10:05:05.541223+00:00', '--job-id', '12', '--raw', '--subdir', 'DAGS_FOLDER/DagForBashFile.py', '--cfg-path', '/tmp/tmpe2ir6911']
[2023-05-09T10:19:35.007+0000] {standard_task_runner.py:85} INFO - Job 12: Subtask ssh_into_server
[2023-05-09T10:19:35.221+0000] {task_command.py:410} INFO - Running <TaskInstance: Bash_operator.ssh_into_server manual__2023-05-09T10:05:05.541223+00:00 [running]> on host f4c8e63ff1d9
[2023-05-09T10:19:35.353+0000] {taskinstance.py:1570} INFO - Exporting env vars: AIRFLOW_CTX_DAG_OWNER='***' AIRFLOW_CTX_DAG_ID='Bash_operator' AIRFLOW_CTX_TASK_ID='ssh_into_server' AIRFLOW_CTX_EXECUTION_DATE='2023-05-09T10:05:05.541223+00:00' AIRFLOW_CTX_TRY_NUMBER='2' AIRFLOW_CTX_DAG_RUN_ID='manual__2023-05-09T10:05:05.541223+00:00'
[2023-05-09T10:19:35.359+0000] {subprocess.py:63} INFO - Tmp dir root location: 
 /tmp
[2023-05-09T10:19:35.361+0000] {subprocess.py:75} INFO - Running command: ['/bin/bash', '-c', 'ssh -i ~/Downloads/3-mar-2023-N.Virginia.pem ubuntu@18.234.147.114']
[2023-05-09T10:19:35.382+0000] {subprocess.py:86} INFO - Output:
[2023-05-09T10:19:35.413+0000] {subprocess.py:93} INFO - Warning: Identity file /home/***/Downloads/3-mar-2023-N.Virginia.pem not accessible: No such file or directory.
[2023-05-09T10:19:35.418+0000] {subprocess.py:93} INFO - Pseudo-terminal will not be allocated because stdin is not a terminal.
[2023-05-09T10:19:36.507+0000] {subprocess.py:93} INFO - Host key verification failed.
[2023-05-09T10:19:36.514+0000] {subprocess.py:97} INFO - Command exited with return code 255
[2023-05-09T10:19:36.597+0000] {taskinstance.py:1847} ERROR - Task failed with exception
Traceback (most recent call last):
  File "/home/airflow/.local/lib/python3.7/site-packages/airflow/operators/bash.py", line 211, in execute
    f"Bash command failed. The command returned a non-zero exit code {result.exit_code}."
airflow.exceptions.AirflowException: Bash command failed. The command returned a non-zero exit code 255.
[2023-05-09T10:19:36.608+0000] {taskinstance.py:1373} INFO - Marking task as FAILED. dag_id=Bash_operator, task_id=ssh_into_server, execution_date=20230509T100505, start_date=20230509T101933, end_date=20230509T101936
[2023-05-09T10:19:36.646+0000] {standard_task_runner.py:109} ERROR - Failed to execute job 12 for task ssh_into_server (Bash command failed. The command returned a non-zero exit code 255.; 401)
[2023-05-09T10:19:36.690+0000] {local_task_job_runner.py:232} INFO - Task exited with return code 1
[2023-05-09T10:19:36.760+0000] {taskinstance.py:2674} INFO - 0 downstream tasks scheduled from follow-on schedule check
