[2023-05-11T07:52:30.900+0000] {taskinstance.py:1125} INFO - Dependencies all met for dep_context=non-requeueable deps ti=<TaskInstance: scp_dag.scp_to_server scheduled__2023-05-11T07:40:00+00:00 [queued]>
[2023-05-11T07:52:30.929+0000] {taskinstance.py:1125} INFO - Dependencies all met for dep_context=requeueable deps ti=<TaskInstance: scp_dag.scp_to_server scheduled__2023-05-11T07:40:00+00:00 [queued]>
[2023-05-11T07:52:30.931+0000] {taskinstance.py:1331} INFO - Starting attempt 1 of 2
[2023-05-11T07:52:30.983+0000] {taskinstance.py:1350} INFO - Executing <Task(BashOperator): scp_to_server> on 2023-05-11 07:40:00+00:00
[2023-05-11T07:52:31.003+0000] {standard_task_runner.py:57} INFO - Started process 3602 to run task
[2023-05-11T07:52:31.014+0000] {standard_task_runner.py:84} INFO - Running: ['***', 'tasks', 'run', 'scp_dag', 'scp_to_server', 'scheduled__2023-05-11T07:40:00+00:00', '--job-id', '223', '--raw', '--subdir', 'DAGS_FOLDER/scp.py', '--cfg-path', '/tmp/tmpp5ms91jc']
[2023-05-11T07:52:31.020+0000] {standard_task_runner.py:85} INFO - Job 223: Subtask scp_to_server
[2023-05-11T07:52:31.225+0000] {task_command.py:410} INFO - Running <TaskInstance: scp_dag.scp_to_server scheduled__2023-05-11T07:40:00+00:00 [running]> on host b06a232a05e5
[2023-05-11T07:52:31.529+0000] {taskinstance.py:1570} INFO - Exporting env vars: AIRFLOW_CTX_DAG_EMAIL='***@example.com' AIRFLOW_CTX_DAG_OWNER='***' AIRFLOW_CTX_DAG_ID='scp_dag' AIRFLOW_CTX_TASK_ID='scp_to_server' AIRFLOW_CTX_EXECUTION_DATE='2023-05-11T07:40:00+00:00' AIRFLOW_CTX_TRY_NUMBER='1' AIRFLOW_CTX_DAG_RUN_ID='scheduled__2023-05-11T07:40:00+00:00'
[2023-05-11T07:52:31.546+0000] {subprocess.py:63} INFO - Tmp dir root location: 
 /tmp
[2023-05-11T07:52:31.549+0000] {subprocess.py:75} INFO - Running command: ['/bin/bash', '-c', ' \nscp -o StrictHostKeyChecking=No -i /opt/***/dags/ssh_keys/3-mar-2023-N.Virginia.pem /opt/***/dags/dbbackup.sh ubuntu@107.23.137.161:/home/ubuntu']
[2023-05-11T07:52:31.579+0000] {subprocess.py:86} INFO - Output:
[2023-05-11T07:52:42.630+0000] {subprocess.py:93} INFO - ssh: connect to host 107.23.137.161 port 22: Connection refused
[2023-05-11T07:52:42.643+0000] {subprocess.py:93} INFO - lost connection
[2023-05-11T07:52:42.649+0000] {subprocess.py:97} INFO - Command exited with return code 1
[2023-05-11T07:52:42.685+0000] {taskinstance.py:1847} ERROR - Task failed with exception
Traceback (most recent call last):
  File "/home/airflow/.local/lib/python3.7/site-packages/airflow/operators/bash.py", line 211, in execute
    f"Bash command failed. The command returned a non-zero exit code {result.exit_code}."
airflow.exceptions.AirflowException: Bash command failed. The command returned a non-zero exit code 1.
[2023-05-11T07:52:42.694+0000] {taskinstance.py:1373} INFO - Marking task as UP_FOR_RETRY. dag_id=scp_dag, task_id=scp_to_server, execution_date=20230511T074000, start_date=20230511T075230, end_date=20230511T075242
[2023-05-11T07:52:42.725+0000] {standard_task_runner.py:109} ERROR - Failed to execute job 223 for task scp_to_server (Bash command failed. The command returned a non-zero exit code 1.; 3602)
[2023-05-11T07:52:42.783+0000] {local_task_job_runner.py:232} INFO - Task exited with return code 1
[2023-05-11T07:52:42.814+0000] {taskinstance.py:2674} INFO - 0 downstream tasks scheduled from follow-on schedule check
