[2023-05-10T11:06:55.614+0000] {manager.py:487} INFO - Processing files using up to 2 processes at a time 
[2023-05-10T11:06:55.717+0000] {manager.py:488} INFO - Process each file at most once every 30 seconds
[2023-05-10T11:06:55.740+0000] {manager.py:490} INFO - Checking for new files in /opt/airflow/dags every 300 seconds
[2023-05-10T11:06:55.768+0000] {manager.py:758} INFO - Searching for files in /opt/airflow/dags
[2023-05-10T11:06:56.338+0000] {manager.py:761} INFO - There are 3 files in /opt/airflow/dags
[2023-05-10T11:07:13.197+0000] {manager.py:889} INFO - 
================================================================================
DAG File Processing Stats

File Path                            PID  Runtime      # DAGs    # Errors  Last Runtime    Last Run
---------------------------------  -----  ---------  --------  ----------  --------------  ----------
/opt/airflow/dags/dagforbackup.py                           0           0
/opt/airflow/dags/test.py           4420  2.12s             0           0
/opt/airflow/dags/test2.py          4419  5.03s             0           0
================================================================================
[2023-05-10T11:07:17.824+0000] {manager.py:1024} ERROR - Processor for /opt/airflow/dags/dagforbackup.py exited with return code 1.
[2023-05-10T11:07:44.190+0000] {manager.py:889} INFO - 
================================================================================
DAG File Processing Stats

File Path                          PID    Runtime      # DAGs    # Errors  Last Runtime    Last Run
---------------------------------  -----  ---------  --------  ----------  --------------  -------------------
/opt/airflow/dags/dagforbackup.py                           0          -1  3.24s           2023-05-10T11:07:17
/opt/airflow/dags/test2.py                                  0           1  6.49s           2023-05-10T11:07:14
/opt/airflow/dags/test.py                                   1           0  6.33s           2023-05-10T11:07:17
================================================================================
[2023-05-10T11:08:14.386+0000] {manager.py:889} INFO - 
================================================================================
DAG File Processing Stats

File Path                          PID    Runtime      # DAGs    # Errors  Last Runtime    Last Run
---------------------------------  -----  ---------  --------  ----------  --------------  -------------------
/opt/airflow/dags/test2.py                                  0           1  15.25s          2023-05-10T11:08:00
/opt/airflow/dags/dagforbackup.py                           1           0  12.15s          2023-05-10T11:08:13
/opt/airflow/dags/test.py                                   1           0  25.03s          2023-05-10T11:08:13
================================================================================
[2023-05-10T11:08:45.197+0000] {manager.py:889} INFO - 
================================================================================
DAG File Processing Stats

File Path                            PID  Runtime      # DAGs    # Errors  Last Runtime    Last Run
---------------------------------  -----  ---------  --------  ----------  --------------  -------------------
/opt/airflow/dags/test2.py                                  0           1  10.87s          2023-05-10T11:08:42
/opt/airflow/dags/dagforbackup.py   4447  0.32s             1           0  12.15s          2023-05-10T11:08:13
/opt/airflow/dags/test.py           4446  1.50s             1           0  25.03s          2023-05-10T11:08:13
================================================================================
[2023-05-10T11:09:16.526+0000] {manager.py:889} INFO - 
================================================================================
DAG File Processing Stats

File Path                            PID  Runtime      # DAGs    # Errors  Last Runtime    Last Run
---------------------------------  -----  ---------  --------  ----------  --------------  -------------------
/opt/airflow/dags/test2.py          4454  3.38s             0           1  10.87s          2023-05-10T11:08:42
/opt/airflow/dags/dagforbackup.py                           1           0  24.03s          2023-05-10T11:09:08
/opt/airflow/dags/test.py                                   1           0  24.16s          2023-05-10T11:09:07
================================================================================
[2023-05-10T11:09:47.655+0000] {manager.py:889} INFO - 
================================================================================
DAG File Processing Stats

File Path                            PID  Runtime      # DAGs    # Errors  Last Runtime    Last Run
---------------------------------  -----  ---------  --------  ----------  --------------  -------------------
/opt/airflow/dags/test2.py                                  0           1  5.40s           2023-05-10T11:09:18
/opt/airflow/dags/dagforbackup.py   4457  7.88s             1           0  24.03s          2023-05-10T11:09:08
/opt/airflow/dags/test.py           4456  9.45s             1           0  24.16s          2023-05-10T11:09:07
================================================================================
[2023-05-10T11:10:18.794+0000] {manager.py:889} INFO - 
================================================================================
DAG File Processing Stats

File Path                          PID    Runtime      # DAGs    # Errors  Last Runtime    Last Run
---------------------------------  -----  ---------  --------  ----------  --------------  -------------------
/opt/airflow/dags/test2.py                                  0           1  0.95s           2023-05-10T11:09:51
/opt/airflow/dags/dagforbackup.py                           1           0  10.89s          2023-05-10T11:09:50
/opt/airflow/dags/test.py                                   1           0  12.30s          2023-05-10T11:09:50
================================================================================
[2023-05-10T11:10:49.448+0000] {manager.py:889} INFO - 
================================================================================
DAG File Processing Stats

File Path                          PID    Runtime      # DAGs    # Errors  Last Runtime    Last Run
---------------------------------  -----  ---------  --------  ----------  --------------  -------------------
/opt/airflow/dags/test2.py                                  0           1  0.75s           2023-05-10T11:10:31
/opt/airflow/dags/dagforbackup.py                           1           0  8.24s           2023-05-10T11:10:30
/opt/airflow/dags/test.py                                   1           0  8.86s           2023-05-10T11:10:30
================================================================================
[2023-05-10T11:11:25.033+0000] {manager.py:889} INFO - 
================================================================================
DAG File Processing Stats

File Path                            PID  Runtime      # DAGs    # Errors  Last Runtime    Last Run
---------------------------------  -----  ---------  --------  ----------  --------------  -------------------
/opt/airflow/dags/test2.py                                  0           1  0.75s           2023-05-10T11:10:31
/opt/airflow/dags/dagforbackup.py   4485  21.31s            1           0  8.24s           2023-05-10T11:10:30
/opt/airflow/dags/test.py           4484  21.96s            1           0  8.86s           2023-05-10T11:10:30
================================================================================
[2023-05-10T11:11:56.732+0000] {manager.py:758} INFO - Searching for files in /opt/airflow/dags
[2023-05-10T11:12:02.118+0000] {manager.py:761} INFO - There are 3 files in /opt/airflow/dags
[2023-05-10T11:12:07.481+0000] {manager.py:889} INFO - 
================================================================================
DAG File Processing Stats

File Path                            PID  Runtime      # DAGs    # Errors  Last Runtime    Last Run
---------------------------------  -----  ---------  --------  ----------  --------------  -------------------
/opt/airflow/dags/test2.py          4493  22.33s            0           1  0.75s           2023-05-10T11:10:31
/opt/airflow/dags/dagforbackup.py                           1           0  43.67s          2023-05-10T11:11:45
/opt/airflow/dags/test.py                                   1           0  43.69s          2023-05-10T11:11:44
================================================================================
[2023-05-10T11:12:37.804+0000] {manager.py:889} INFO - 
================================================================================
DAG File Processing Stats

File Path                          PID    Runtime      # DAGs    # Errors  Last Runtime    Last Run
---------------------------------  -----  ---------  --------  ----------  --------------  -------------------
/opt/airflow/dags/test2.py                                  0           1  23.09s          2023-05-10T11:12:08
/opt/airflow/dags/dagforbackup.py                           1           0  15.64s          2023-05-10T11:12:37
/opt/airflow/dags/test.py                                   1           0  18.06s          2023-05-10T11:12:37
================================================================================
[2023-05-10T11:31:37.499+0000] {manager.py:889} INFO - 
================================================================================
DAG File Processing Stats

File Path                            PID  Runtime      # DAGs    # Errors  Last Runtime    Last Run
---------------------------------  -----  ---------  --------  ----------  --------------  -------------------
/opt/airflow/dags/test2.py                                  0           1  2.28s           2023-05-10T11:12:40
/opt/airflow/dags/dagforbackup.py   4517  1.20s             1           0  15.64s          2023-05-10T11:12:37
/opt/airflow/dags/test.py           4516  1107.14s          1           0  18.06s          2023-05-10T11:12:37
================================================================================
[2023-05-10T11:31:50.255+0000] {manager.py:758} INFO - Searching for files in /opt/airflow/dags
[2023-05-10T12:02:36.983+0000] {manager.py:761} INFO - There are 3 files in /opt/airflow/dags
[2023-05-10T12:02:48.693+0000] {manager.py:1210} ERROR - Processor for /opt/airflow/dags/test.py with PID 4516 started at 2023-05-10T11:13:09.918410+00:00 has timed out, killing it.
[2023-05-10T12:02:53.731+0000] {manager.py:1210} ERROR - Processor for /opt/airflow/dags/dagforbackup.py with PID 4517 started at 2023-05-10T11:31:35.857593+00:00 has timed out, killing it.
[2023-05-10T12:02:58.840+0000] {manager.py:889} INFO - 
================================================================================
DAG File Processing Stats

File Path                            PID  Runtime      # DAGs    # Errors  Last Runtime    Last Run
---------------------------------  -----  ---------  --------  ----------  --------------  -------------------
/opt/airflow/dags/dagforbackup.py                           0           1  1872.75s        2023-05-10T12:02:48
/opt/airflow/dags/test.py                                   0           1  2978.69s        2023-05-10T12:02:48
/opt/airflow/dags/test2.py          4525  0.09s             0           1  2.28s           2023-05-10T11:12:40
================================================================================
[2023-05-10T12:03:00.059+0000] {manager.py:758} INFO - Searching for files in /opt/airflow/dags
[2023-05-10T12:03:00.528+0000] {manager.py:761} INFO - There are 3 files in /opt/airflow/dags
[2023-05-10T12:19:41.801+0000] {manager.py:758} INFO - Searching for files in /opt/airflow/dags
[2023-05-10T12:19:43.789+0000] {manager.py:761} INFO - There are 3 files in /opt/airflow/dags
[2023-05-10T12:44:38.595+0000] {manager.py:889} INFO - 
================================================================================
DAG File Processing Stats

File Path                            PID  Runtime      # DAGs    # Errors  Last Runtime    Last Run
---------------------------------  -----  ---------  --------  ----------  --------------  -------------------
/opt/airflow/dags/dagforbackup.py   4528  1475.16s          0           1  1872.75s        2023-05-10T12:02:48
/opt/airflow/dags/test.py           4527  1477.15s          0           1  2978.69s        2023-05-10T12:02:48
/opt/airflow/dags/test2.py                                  0           1  1.99s           2023-05-10T12:19:46
================================================================================
[2023-05-10T13:29:48.462+0000] {manager.py:758} INFO - Searching for files in /opt/airflow/dags
[2023-05-10T13:29:54.584+0000] {manager.py:761} INFO - There are 3 files in /opt/airflow/dags
[2023-05-10T13:30:02.205+0000] {manager.py:1210} ERROR - Processor for /opt/airflow/dags/test.py with PID 4527 started at 2023-05-10T12:19:45.150019+00:00 has timed out, killing it.
[2023-05-10T13:30:16.764+0000] {manager.py:1210} ERROR - Processor for /opt/airflow/dags/dagforbackup.py with PID 4528 started at 2023-05-10T12:19:47.136294+00:00 has timed out, killing it.
[2023-05-10T13:30:20.633+0000] {manager.py:889} INFO - 
================================================================================
DAG File Processing Stats

File Path                            PID  Runtime      # DAGs    # Errors  Last Runtime    Last Run
---------------------------------  -----  ---------  --------  ----------  --------------  -------------------
/opt/airflow/dags/dagforbackup.py                           0           1  4215.03s        2023-05-10T13:30:02
/opt/airflow/dags/test.py                                   0           1  4217.02s        2023-05-10T13:30:02
/opt/airflow/dags/test2.py          4549  0.16s             0           1  1.99s           2023-05-10T12:19:46
================================================================================
[2023-05-10T13:30:51.159+0000] {manager.py:889} INFO - 
================================================================================
DAG File Processing Stats

File Path                          PID    Runtime      # DAGs    # Errors  Last Runtime    Last Run
---------------------------------  -----  ---------  --------  ----------  --------------  -------------------
/opt/airflow/dags/test2.py                                  0           1  4.67s           2023-05-10T13:30:24
/opt/airflow/dags/dagforbackup.py                           1           0  10.35s          2023-05-10T13:30:44
/opt/airflow/dags/test.py                                   1           0  11.60s          2023-05-10T13:30:44
================================================================================
[2023-05-10T13:31:22.077+0000] {manager.py:889} INFO - 
================================================================================
DAG File Processing Stats

File Path                            PID  Runtime      # DAGs    # Errors  Last Runtime    Last Run
---------------------------------  -----  ---------  --------  ----------  --------------  -------------------
/opt/airflow/dags/test2.py                                  0           1  17.23s          2023-05-10T13:31:12
/opt/airflow/dags/dagforbackup.py   4567  5.41s             1           0  10.35s          2023-05-10T13:30:44
/opt/airflow/dags/test.py           4566  6.82s             1           0  11.60s          2023-05-10T13:30:44
================================================================================
[2023-05-10T13:31:52.969+0000] {manager.py:889} INFO - 
================================================================================
DAG File Processing Stats

File Path                          PID    Runtime      # DAGs    # Errors  Last Runtime    Last Run
---------------------------------  -----  ---------  --------  ----------  --------------  -------------------
/opt/airflow/dags/test2.py                                  0           1  2.38s           2023-05-10T13:31:46
/opt/airflow/dags/dagforbackup.py                           1           0  9.61s           2023-05-10T13:31:26
/opt/airflow/dags/test.py                                   1           0  11.10s          2023-05-10T13:31:26
================================================================================
[2023-05-10T13:32:23.812+0000] {manager.py:889} INFO - 
================================================================================
DAG File Processing Stats

File Path                          PID    Runtime      # DAGs    # Errors  Last Runtime    Last Run
---------------------------------  -----  ---------  --------  ----------  --------------  -------------------
/opt/airflow/dags/test2.py                                  0           1  1.74s           2023-05-10T13:32:19
/opt/airflow/dags/dagforbackup.py                           1           0  10.61s          2023-05-10T13:32:08
/opt/airflow/dags/test.py                                   1           0  11.78s          2023-05-10T13:32:08
================================================================================
[2023-05-10T13:32:54.817+0000] {manager.py:889} INFO - 
================================================================================
DAG File Processing Stats

File Path                            PID  Runtime      # DAGs    # Errors  Last Runtime    Last Run
---------------------------------  -----  ---------  --------  ----------  --------------  -------------------
/opt/airflow/dags/test2.py                                  0           1  1.74s           2023-05-10T13:32:19
/opt/airflow/dags/dagforbackup.py   4587  11.71s            1           0  10.61s          2023-05-10T13:32:08
/opt/airflow/dags/test.py           4586  14.11s            1           0  11.78s          2023-05-10T13:32:08
================================================================================
[2023-05-10T13:33:27.690+0000] {manager.py:889} INFO - 
================================================================================
DAG File Processing Stats

File Path                            PID  Runtime      # DAGs    # Errors  Last Runtime    Last Run
---------------------------------  -----  ---------  --------  ----------  --------------  -------------------
/opt/airflow/dags/test2.py                                  0           1  9.60s           2023-05-10T13:33:05
/opt/airflow/dags/dagforbackup.py   4605  0.34s             1           0  12.26s          2023-05-10T13:32:55
/opt/airflow/dags/test.py           4604  1.74s             1           0  14.54s          2023-05-10T13:32:54
================================================================================
[2023-05-10T13:33:58.296+0000] {manager.py:889} INFO - 
================================================================================
DAG File Processing Stats

File Path                          PID    Runtime      # DAGs    # Errors  Last Runtime    Last Run
---------------------------------  -----  ---------  --------  ----------  --------------  -------------------
/opt/airflow/dags/test2.py                                  0           1  9.85s           2023-05-10T13:33:58
/opt/airflow/dags/dagforbackup.py                           1           0  22.44s          2023-05-10T13:33:49
/opt/airflow/dags/test.py                                   1           0  22.01s          2023-05-10T13:33:47
================================================================================
[2023-05-10T13:34:30.796+0000] {manager.py:889} INFO - 
================================================================================
DAG File Processing Stats

File Path                            PID  Runtime      # DAGs    # Errors  Last Runtime    Last Run
---------------------------------  -----  ---------  --------  ----------  --------------  -------------------
/opt/airflow/dags/test2.py                                  0           1  9.85s           2023-05-10T13:33:58
/opt/airflow/dags/dagforbackup.py   4615  6.70s             1           0  22.44s          2023-05-10T13:33:49
/opt/airflow/dags/test.py           4614  9.00s             1           0  22.01s          2023-05-10T13:33:47
================================================================================
[2023-05-10T13:34:48.686+0000] {manager.py:758} INFO - Searching for files in /opt/airflow/dags
[2023-05-10T13:34:50.249+0000] {manager.py:761} INFO - There are 3 files in /opt/airflow/dags
[2023-05-10T13:35:01.732+0000] {manager.py:889} INFO - 
================================================================================
DAG File Processing Stats

File Path                            PID  Runtime      # DAGs    # Errors  Last Runtime    Last Run
---------------------------------  -----  ---------  --------  ----------  --------------  -------------------
/opt/airflow/dags/test2.py          4623  8.45s             0           1  9.85s           2023-05-10T13:33:58
/opt/airflow/dags/dagforbackup.py                           1           0  30.63s          2023-05-10T13:34:52
/opt/airflow/dags/test.py                                   1           0  33.60s          2023-05-10T13:34:53
================================================================================
[2023-05-10T13:35:38.934+0000] {manager.py:889} INFO - 
================================================================================
DAG File Processing Stats

File Path                            PID  Runtime      # DAGs    # Errors  Last Runtime    Last Run
---------------------------------  -----  ---------  --------  ----------  --------------  -------------------
/opt/airflow/dags/test2.py                                  0           1  13.72s          2023-05-10T13:35:06
/opt/airflow/dags/dagforbackup.py   4631  12.86s            1           0  30.63s          2023-05-10T13:34:52
/opt/airflow/dags/test.py           4632  10.68s            1           0  33.60s          2023-05-10T13:34:53
================================================================================
[2023-05-10T13:53:09.173+0000] {manager.py:758} INFO - Searching for files in /opt/airflow/dags
[2023-05-10T13:53:09.824+0000] {manager.py:761} INFO - There are 3 files in /opt/airflow/dags
[2023-05-10T13:53:10.569+0000] {manager.py:1210} ERROR - Processor for /opt/airflow/dags/dagforbackup.py with PID 4631 started at 2023-05-10T13:35:24.370090+00:00 has timed out, killing it.
[2023-05-10T13:53:11.176+0000] {manager.py:1210} ERROR - Processor for /opt/airflow/dags/test.py with PID 4632 started at 2023-05-10T13:35:26.550568+00:00 has timed out, killing it.
[2023-05-10T13:53:25.282+0000] {manager.py:889} INFO - 
================================================================================
DAG File Processing Stats

File Path                          PID    Runtime      # DAGs    # Errors  Last Runtime    Last Run
---------------------------------  -----  ---------  --------  ----------  --------------  -------------------
/opt/airflow/dags/dagforbackup.py                           0           1  1066.20s        2023-05-10T13:53:10
/opt/airflow/dags/test.py                                   0           1  1064.02s        2023-05-10T13:53:10
/opt/airflow/dags/test2.py                                  0           1  5.37s           2023-05-10T13:53:22
================================================================================
[2023-05-10T13:57:37.580+0000] {manager.py:889} INFO - 
================================================================================
DAG File Processing Stats

File Path                            PID  Runtime      # DAGs    # Errors  Last Runtime    Last Run
---------------------------------  -----  ---------  --------  ----------  --------------  -------------------
/opt/airflow/dags/dagforbackup.py   4650  2.67s             0           1  1066.20s        2023-05-10T13:53:10
/opt/airflow/dags/test.py           4649  9.05s             0           1  1064.02s        2023-05-10T13:53:10
/opt/airflow/dags/test2.py                                  0           1  9.71s           2023-05-10T13:57:34
================================================================================
[2023-05-10T13:58:09.591+0000] {manager.py:758} INFO - Searching for files in /opt/airflow/dags
[2023-05-10T13:58:09.999+0000] {manager.py:761} INFO - There are 3 files in /opt/airflow/dags
[2023-05-10T13:58:11.581+0000] {manager.py:889} INFO - 
================================================================================
DAG File Processing Stats

File Path                            PID  Runtime      # DAGs    # Errors  Last Runtime    Last Run
---------------------------------  -----  ---------  --------  ----------  --------------  -------------------
/opt/airflow/dags/test2.py          4658  5.50s             0           1  9.71s           2023-05-10T13:57:34
/opt/airflow/dags/dagforbackup.py                           1           0  14.14s          2023-05-10T13:57:48
/opt/airflow/dags/test.py                                   1           0  18.13s          2023-05-10T13:57:46
================================================================================
[2023-05-10T13:58:42.803+0000] {manager.py:889} INFO - 
================================================================================
DAG File Processing Stats

File Path                          PID    Runtime      # DAGs    # Errors  Last Runtime    Last Run
---------------------------------  -----  ---------  --------  ----------  --------------  -------------------
/opt/airflow/dags/test2.py                                  0           1  8.67s           2023-05-10T13:58:14
/opt/airflow/dags/dagforbackup.py                           1           0  21.42s          2023-05-10T13:58:40
/opt/airflow/dags/test.py                                   1           0  23.98s          2023-05-10T13:58:41
================================================================================
[2023-05-10T13:59:13.792+0000] {manager.py:889} INFO - 
================================================================================
DAG File Processing Stats

File Path                            PID  Runtime      # DAGs    # Errors  Last Runtime    Last Run
---------------------------------  -----  ---------  --------  ----------  --------------  -------------------
/opt/airflow/dags/test2.py                                  0           1  4.10s           2023-05-10T13:58:49
/opt/airflow/dags/dagforbackup.py   4676  2.59s             1           0  21.42s          2023-05-10T13:58:40
/opt/airflow/dags/test.py           4677  0.75s             1           0  23.98s          2023-05-10T13:58:41
================================================================================
[2023-05-10T13:59:52.114+0000] {manager.py:889} INFO - 
================================================================================
DAG File Processing Stats

File Path                          PID    Runtime      # DAGs    # Errors  Last Runtime    Last Run
---------------------------------  -----  ---------  --------  ----------  --------------  -------------------
/opt/airflow/dags/test2.py                                  0           1  3.84s           2023-05-10T13:59:34
/opt/airflow/dags/dagforbackup.py                           1           0  20.07s          2023-05-10T13:59:31
/opt/airflow/dags/test.py                                   1           0  17.78s          2023-05-10T13:59:30
================================================================================
[2023-05-10T14:00:23.724+0000] {manager.py:889} INFO - 
================================================================================
DAG File Processing Stats

File Path                          PID    Runtime      # DAGs    # Errors  Last Runtime    Last Run
---------------------------------  -----  ---------  --------  ----------  --------------  -------------------
/opt/airflow/dags/test2.py                                  0           1  5.40s           2023-05-10T14:00:21
/opt/airflow/dags/dagforbackup.py                           1           0  12.19s          2023-05-10T14:00:16
/opt/airflow/dags/test.py                                   1           0  14.68s          2023-05-10T14:00:16
================================================================================
[2023-05-10T14:00:54.741+0000] {manager.py:889} INFO - 
================================================================================
DAG File Processing Stats

File Path                            PID  Runtime      # DAGs    # Errors  Last Runtime    Last Run
---------------------------------  -----  ---------  --------  ----------  --------------  -------------------
/opt/airflow/dags/test2.py          4698  0.25s             0           1  5.40s           2023-05-10T14:00:21
/opt/airflow/dags/dagforbackup.py   4697  5.90s             1           0  12.19s          2023-05-10T14:00:16
/opt/airflow/dags/test.py                                   1           0  14.68s          2023-05-10T14:00:16
================================================================================
[2023-05-10T14:01:25.093+0000] {manager.py:889} INFO - 
================================================================================
DAG File Processing Stats

File Path                          PID    Runtime      # DAGs    # Errors  Last Runtime    Last Run
---------------------------------  -----  ---------  --------  ----------  --------------  -------------------
/opt/airflow/dags/test2.py                                  0           1  4.90s           2023-05-10T14:00:59
/opt/airflow/dags/dagforbackup.py                           1           0  30.15s          2023-05-10T14:01:18
/opt/airflow/dags/test.py                                   1           0  19.13s          2023-05-10T14:01:19
================================================================================
[2023-05-10T14:01:56.264+0000] {manager.py:889} INFO - 
================================================================================
DAG File Processing Stats

File Path                            PID  Runtime      # DAGs    # Errors  Last Runtime    Last Run
---------------------------------  -----  ---------  --------  ----------  --------------  -------------------
/opt/airflow/dags/test2.py                                  0           1  1.32s           2023-05-10T14:01:30
/opt/airflow/dags/dagforbackup.py   4715  7.06s             1           0  30.15s          2023-05-10T14:01:18
/opt/airflow/dags/test.py           4716  5.88s             1           0  19.13s          2023-05-10T14:01:19
================================================================================
[2023-05-10T14:02:27.841+0000] {manager.py:889} INFO - 
================================================================================
DAG File Processing Stats

File Path                          PID    Runtime      # DAGs    # Errors  Last Runtime    Last Run
---------------------------------  -----  ---------  --------  ----------  --------------  -------------------
/opt/airflow/dags/test2.py                                  0           1  1.42s           2023-05-10T14:02:05
/opt/airflow/dags/dagforbackup.py                           1           0  14.49s          2023-05-10T14:02:03
/opt/airflow/dags/test.py                                   1           0  13.48s          2023-05-10T14:02:03
================================================================================
