[2023-05-11T08:59:45.485+0000] {taskinstance.py:1125} INFO - Dependencies all met for dep_context=non-requeueable deps ti=<TaskInstance: Mongodb_backup.scp_to_server scheduled__2023-05-11T08:40:00+00:00 [queued]>
[2023-05-11T08:59:45.498+0000] {taskinstance.py:1125} INFO - Dependencies all met for dep_context=requeueable deps ti=<TaskInstance: Mongodb_backup.scp_to_server scheduled__2023-05-11T08:40:00+00:00 [queued]>
[2023-05-11T08:59:45.499+0000] {taskinstance.py:1331} INFO - Starting attempt 1 of 2
[2023-05-11T08:59:45.515+0000] {taskinstance.py:1350} INFO - Executing <Task(BashOperator): scp_to_server> on 2023-05-11 08:40:00+00:00
[2023-05-11T08:59:45.523+0000] {standard_task_runner.py:57} INFO - Started process 3648 to run task
[2023-05-11T08:59:45.530+0000] {standard_task_runner.py:84} INFO - Running: ['***', 'tasks', 'run', 'Mongodb_backup', 'scp_to_server', 'scheduled__2023-05-11T08:40:00+00:00', '--job-id', '229', '--raw', '--subdir', 'DAGS_FOLDER/dagforbackup.py', '--cfg-path', '/tmp/tmpfp1rfrqn']
[2023-05-11T08:59:45.531+0000] {standard_task_runner.py:85} INFO - Job 229: Subtask scp_to_server
[2023-05-11T08:59:45.621+0000] {task_command.py:410} INFO - Running <TaskInstance: Mongodb_backup.scp_to_server scheduled__2023-05-11T08:40:00+00:00 [running]> on host b06a232a05e5
[2023-05-11T08:59:45.714+0000] {taskinstance.py:1570} INFO - Exporting env vars: AIRFLOW_CTX_DAG_EMAIL='***@example.com' AIRFLOW_CTX_DAG_OWNER='***' AIRFLOW_CTX_DAG_ID='Mongodb_backup' AIRFLOW_CTX_TASK_ID='scp_to_server' AIRFLOW_CTX_EXECUTION_DATE='2023-05-11T08:40:00+00:00' AIRFLOW_CTX_TRY_NUMBER='1' AIRFLOW_CTX_DAG_RUN_ID='scheduled__2023-05-11T08:40:00+00:00'
[2023-05-11T08:59:45.716+0000] {subprocess.py:63} INFO - Tmp dir root location: 
 /tmp
[2023-05-11T08:59:45.718+0000] {subprocess.py:75} INFO - Running command: ['/bin/bash', '-c', ' \nscp -o StrictHostKeyChecking=No -i /opt/***/dags/ssh_keys/3-mar-2023-N.Virginia.pem /opt/***/dags/dbbackup.sh ubuntu@107.23.137.161:/home/ubuntu']
[2023-05-11T08:59:45.739+0000] {subprocess.py:86} INFO - Output:
[2023-05-11T09:01:48.273+0000] {local_task_job_runner.py:292} WARNING - DagRun timed out after 0:02:05.061446.
[2023-05-11T09:01:53.374+0000] {local_task_job_runner.py:292} WARNING - DagRun timed out after 0:02:10.163189.
[2023-05-11T09:01:53.382+0000] {local_task_job_runner.py:299} WARNING - State of this instance has been externally set to skipped. Terminating instance.
[2023-05-11T09:01:53.389+0000] {process_utils.py:135} INFO - Sending Signals.SIGTERM to group 3648. PIDs of all processes in the group: [3651, 3652, 3648]
[2023-05-11T09:01:53.391+0000] {process_utils.py:86} INFO - Sending the signal Signals.SIGTERM to group 3648
[2023-05-11T09:01:53.402+0000] {taskinstance.py:1540} ERROR - Received SIGTERM. Terminating subprocesses.
[2023-05-11T09:01:53.408+0000] {subprocess.py:104} INFO - Sending SIGTERM signal to process group
[2023-05-11T09:01:53.528+0000] {process_utils.py:79} INFO - Process psutil.Process(pid=3648, status='terminated', exitcode=0, started='08:59:45') (3648) terminated with exit code 0
[2023-05-11T09:01:53.531+0000] {process_utils.py:79} INFO - Process psutil.Process(pid=3651, status='terminated', started='08:59:45') (3651) terminated with exit code None
[2023-05-11T09:01:53.533+0000] {process_utils.py:79} INFO - Process psutil.Process(pid=3652, status='terminated', started='08:59:45') (3652) terminated with exit code None
