[2023-05-11T06:11:51.885+0000] {taskinstance.py:1125} INFO - Dependencies all met for dep_context=non-requeueable deps ti=<TaskInstance: scp_dag.scp_to_server scheduled__2023-05-11T05:50:00+00:00 [queued]>
[2023-05-11T06:11:51.894+0000] {taskinstance.py:1125} INFO - Dependencies all met for dep_context=requeueable deps ti=<TaskInstance: scp_dag.scp_to_server scheduled__2023-05-11T05:50:00+00:00 [queued]>
[2023-05-11T06:11:51.895+0000] {taskinstance.py:1331} INFO - Starting attempt 5 of 6
[2023-05-11T06:11:51.907+0000] {taskinstance.py:1350} INFO - Executing <Task(BashOperator): scp_to_server> on 2023-05-11 05:50:00+00:00
[2023-05-11T06:11:51.912+0000] {standard_task_runner.py:57} INFO - Started process 3072 to run task
[2023-05-11T06:11:51.917+0000] {standard_task_runner.py:84} INFO - Running: ['***', 'tasks', 'run', 'scp_dag', 'scp_to_server', 'scheduled__2023-05-11T05:50:00+00:00', '--job-id', '181', '--raw', '--subdir', 'DAGS_FOLDER/scp.py', '--cfg-path', '/tmp/tmpppujj_9u']
[2023-05-11T06:11:51.920+0000] {standard_task_runner.py:85} INFO - Job 181: Subtask scp_to_server
[2023-05-11T06:11:51.981+0000] {task_command.py:410} INFO - Running <TaskInstance: scp_dag.scp_to_server scheduled__2023-05-11T05:50:00+00:00 [running]> on host b06a232a05e5
[2023-05-11T06:11:52.061+0000] {taskinstance.py:1570} INFO - Exporting env vars: AIRFLOW_CTX_DAG_EMAIL='***@example.com' AIRFLOW_CTX_DAG_OWNER='***' AIRFLOW_CTX_DAG_ID='scp_dag' AIRFLOW_CTX_TASK_ID='scp_to_server' AIRFLOW_CTX_EXECUTION_DATE='2023-05-11T05:50:00+00:00' AIRFLOW_CTX_TRY_NUMBER='5' AIRFLOW_CTX_DAG_RUN_ID='scheduled__2023-05-11T05:50:00+00:00'
[2023-05-11T06:11:52.062+0000] {subprocess.py:63} INFO - Tmp dir root location: 
 /tmp
[2023-05-11T06:11:52.063+0000] {subprocess.py:75} INFO - Running command: ['/bin/bash', '-c', ' \nwhoami\npwd\ncat /opt/***/dags/ssh_keys/3-mar-2023-N.Virginia.pem \nls -lthr /opt/***/dags/ssh_keys/3-mar-2023-N.Virginia.pem \ncat /opt/***/dags/dbbackup.sh \nls -lthr /opt/***/dags/dbbackup.sh \nscp -i /opt/***/dags/ssh_keys/3-mar-2023-N.Virginia.pem /opt/***/dags/dbbackup.sh ubuntu@107.23.137.161:/home/ubuntu']
[2023-05-11T06:11:52.076+0000] {subprocess.py:86} INFO - Output:
[2023-05-11T06:11:52.082+0000] {subprocess.py:93} INFO - default
[2023-05-11T06:11:52.082+0000] {subprocess.py:93} INFO - /tmp/***tmparv727na
[2023-05-11T06:11:52.086+0000] {subprocess.py:93} INFO - -----BEGIN RSA PRIVATE KEY-----
[2023-05-11T06:11:52.087+0000] {subprocess.py:93} INFO - MIIEowIBAAKCAQEArQJ5Ki1diU06Pji3q5L4hyoOX1qCHHZNstpa/22S5vnhaE5f
[2023-05-11T06:11:52.087+0000] {subprocess.py:93} INFO - 0QMBTmAXDYtg+w/LWCQIfKEgtg4ZrbGEwqhaoUc2KsV07zenKYPohQ3a5roQ0pdI
[2023-05-11T06:11:52.088+0000] {subprocess.py:93} INFO - 9p3g/xWokJZeNRUu6uyHuwTTflfsVFGkKAVK99A3zQL/dBJNVdjv0zinicbX5O3+
[2023-05-11T06:11:52.089+0000] {subprocess.py:93} INFO - DXP5J8l/OwiUuQhgc8lOb7kkobRrKLsmrqMyGU5C4NkvM6OACmhJ1QkXvoZqjn3A
[2023-05-11T06:11:52.090+0000] {subprocess.py:93} INFO - huSBMSTzakr634VVp/fHWuYFtPX09yqSWNYPNS5fmmyo4qwAMn5GH0C9t7fBpjV1
[2023-05-11T06:11:52.091+0000] {subprocess.py:93} INFO - 4gwqfCGiZcon11oerC7OwBCOB0JqoSaZ0NCqmwIDAQABAoIBAGUZceaEtgka+PMN
[2023-05-11T06:11:52.092+0000] {subprocess.py:93} INFO - P79iVhreJ6HvCONK+qKOWOi0hki1MtQ6IGHKSMQdALuofBaaJzCtdcwmeDAK01Sd
[2023-05-11T06:11:52.093+0000] {subprocess.py:93} INFO - zL/Xk4Z1T6D03B1CP0vSSlkePJHhnx0AzOFYZveJF4TOaeTJKS6c48AU1OYayP6I
[2023-05-11T06:11:52.093+0000] {subprocess.py:93} INFO - 6s18Mk/X/BOwMckJPOnyqEqc68JlWZ2Wp3zyTsRyqRP3DAhLoCcIy7v7YY2Rcggq
[2023-05-11T06:11:52.094+0000] {subprocess.py:93} INFO - PRtjJY3vA/4GPWV9eeK1E35pmAo9uZ07SsUeAjjDaaTctU92xiQK294oRqMAwM2R
[2023-05-11T06:11:52.094+0000] {subprocess.py:93} INFO - aWQJzpmCleNNVi+QUQOUkcChF7jO8eNWGEWpp97gEv0eV8iZ+v20g5LRo58vkpOH
[2023-05-11T06:11:52.095+0000] {subprocess.py:93} INFO - ebXDzhECgYEA6zVoyyh4MXyQ4263cvmgZscCVELoRke+r75CsG8hfMNNgrLh5Gue
[2023-05-11T06:11:52.095+0000] {subprocess.py:93} INFO - w9b2QravzPw+16RkuDTGg62lu1kxMx9SbvufB5rin0rjVGSO9ISS/j2Qgg16CX4K
[2023-05-11T06:11:52.096+0000] {subprocess.py:93} INFO - zMSCWy4Al4RuQxh+3MltS6kVGfJ7tWJK/dCAR+Xke6beccVwp8G+aMMCgYEAvE2M
[2023-05-11T06:11:52.097+0000] {subprocess.py:93} INFO - jtttCEU5hVcilkVyrld+2hxMJ9sGriLeuky9kAdXasAJRw2ZbMDYTrbIpBmCKlPZ
[2023-05-11T06:11:52.097+0000] {subprocess.py:93} INFO - RlnhI10F2crGwaWG15nG4NvXHbDVUvgUIG+82UMr4jsFE1aMb0cK2VIJs2nBYnaH
[2023-05-11T06:11:52.098+0000] {subprocess.py:93} INFO - /SxCqowcxVNkVv2ZqaP0oFMzuQLmAKG6anrzWUkCgYAyV5UdXoUTOnEcbJcRIcKm
[2023-05-11T06:11:52.098+0000] {subprocess.py:93} INFO - HNQvyr5CRJrYrKVDdBW7yWVuovDcXfh2PC0rLETGX/rnVsVD8+/FQUZmqflw0rRn
[2023-05-11T06:11:52.099+0000] {subprocess.py:93} INFO - Eq4AB7OXmoS7jGZYiYOYrP6gB1hmbbbMCwdHkroHtA2RiM2mXepptj/Q9OhrcyVP
[2023-05-11T06:11:52.099+0000] {subprocess.py:93} INFO - 2++I8/iKSrXzremlzj791wKBgQCWdyEpxgyJ30bnVYk9qqDIzwF+J75y2oGsBBEV
[2023-05-11T06:11:52.100+0000] {subprocess.py:93} INFO - rNyMilE/69N+A0/lpvMxcr1A42EvkXC81nUgXOSf83h+pFXrUeWpKAHsp7DOa40p
[2023-05-11T06:11:52.100+0000] {subprocess.py:93} INFO - nh+5PAOE8sRLf40YHhx9KyC1THxKwYxIsWVUAkG7K7eyC1MOSwTeV52s6LQBLTpY
[2023-05-11T06:11:52.101+0000] {subprocess.py:93} INFO - e4aYgQKBgBtl1P3NF97jYYCViLbhj5mJAo9u2Act93yeP4aGRYQC5MceKeW+UhiB
[2023-05-11T06:11:52.101+0000] {subprocess.py:93} INFO - vIxW/5fqYq3pKBB0KBV/fEW9bds4cObT0a4Lv4haeItXtmL0AmHRNAaqZwhe4ovI
[2023-05-11T06:11:52.102+0000] {subprocess.py:93} INFO - hTsrWmpUpw2ZQ+FctG0LMviEKFX5Sg11t56bHM6lVlGoUYdXKu1I
[2023-05-11T06:11:52.102+0000] {subprocess.py:93} INFO - -----END RSA PRIVATE KEY------r-------- 1 default root 1.7K May 11 05:04 /opt/***/dags/ssh_keys/3-mar-2023-N.Virginia.pem
[2023-05-11T06:11:52.103+0000] {subprocess.py:93} INFO - #!/bin/bash
[2023-05-11T06:11:52.104+0000] {subprocess.py:93} INFO - 
[2023-05-11T06:11:52.104+0000] {subprocess.py:93} INFO - #Backup Data from control.brandsonroad.com
[2023-05-11T06:11:52.105+0000] {subprocess.py:93} INFO - cd ~
[2023-05-11T06:11:52.105+0000] {subprocess.py:93} INFO - ls -lthr
[2023-05-11T06:11:52.106+0000] {subprocess.py:93} INFO - mongodump --forceTableScan --db led --gzip --archive=mongoBackup_$(date +"%Y-%m-%d.gz")
[2023-05-11T06:11:52.106+0000] {subprocess.py:93} INFO - ls -lthr-rw-r--r-- 1 default root 166 May 10 05:08 /opt/***/dags/dbbackup.sh
[2023-05-11T06:11:53.339+0000] {subprocess.py:93} INFO - Host key verification failed.
[2023-05-11T06:11:53.343+0000] {subprocess.py:93} INFO - lost connection
[2023-05-11T06:11:53.347+0000] {subprocess.py:97} INFO - Command exited with return code 1
[2023-05-11T06:11:53.392+0000] {taskinstance.py:1847} ERROR - Task failed with exception
Traceback (most recent call last):
  File "/home/airflow/.local/lib/python3.7/site-packages/airflow/operators/bash.py", line 211, in execute
    f"Bash command failed. The command returned a non-zero exit code {result.exit_code}."
airflow.exceptions.AirflowException: Bash command failed. The command returned a non-zero exit code 1.
[2023-05-11T06:11:53.399+0000] {taskinstance.py:1373} INFO - Marking task as UP_FOR_RETRY. dag_id=scp_dag, task_id=scp_to_server, execution_date=20230511T055000, start_date=20230511T061151, end_date=20230511T061153
[2023-05-11T06:11:53.415+0000] {standard_task_runner.py:109} ERROR - Failed to execute job 181 for task scp_to_server (Bash command failed. The command returned a non-zero exit code 1.; 3072)
[2023-05-11T06:11:53.465+0000] {local_task_job_runner.py:232} INFO - Task exited with return code 1
[2023-05-11T06:11:53.497+0000] {taskinstance.py:2674} INFO - 0 downstream tasks scheduled from follow-on schedule check
