[2023-05-11T08:43:40.406+0000] {taskinstance.py:1125} INFO - Dependencies all met for dep_context=non-requeueable deps ti=<TaskInstance: Mongodb_backup.scp_to_server scheduled__2023-05-11T07:50:00+00:00 [queued]>
[2023-05-11T08:43:40.472+0000] {taskinstance.py:1125} INFO - Dependencies all met for dep_context=requeueable deps ti=<TaskInstance: Mongodb_backup.scp_to_server scheduled__2023-05-11T07:50:00+00:00 [queued]>
[2023-05-11T08:43:40.476+0000] {taskinstance.py:1331} INFO - Starting attempt 1 of 2
[2023-05-11T08:43:40.532+0000] {taskinstance.py:1350} INFO - Executing <Task(BashOperator): scp_to_server> on 2023-05-11 07:50:00+00:00
[2023-05-11T08:43:40.552+0000] {standard_task_runner.py:57} INFO - Started process 3614 to run task
[2023-05-11T08:43:40.589+0000] {standard_task_runner.py:84} INFO - Running: ['***', 'tasks', 'run', 'Mongodb_backup', 'scp_to_server', 'scheduled__2023-05-11T07:50:00+00:00', '--job-id', '225', '--raw', '--subdir', 'DAGS_FOLDER/dagforbackup.py', '--cfg-path', '/tmp/tmp1sqag9jm']
[2023-05-11T08:43:40.600+0000] {standard_task_runner.py:85} INFO - Job 225: Subtask scp_to_server
[2023-05-11T08:43:40.873+0000] {task_command.py:410} INFO - Running <TaskInstance: Mongodb_backup.scp_to_server scheduled__2023-05-11T07:50:00+00:00 [running]> on host b06a232a05e5
[2023-05-11T08:43:41.189+0000] {taskinstance.py:1570} INFO - Exporting env vars: AIRFLOW_CTX_DAG_EMAIL='***@example.com' AIRFLOW_CTX_DAG_OWNER='***' AIRFLOW_CTX_DAG_ID='Mongodb_backup' AIRFLOW_CTX_TASK_ID='scp_to_server' AIRFLOW_CTX_EXECUTION_DATE='2023-05-11T07:50:00+00:00' AIRFLOW_CTX_TRY_NUMBER='1' AIRFLOW_CTX_DAG_RUN_ID='scheduled__2023-05-11T07:50:00+00:00'
[2023-05-11T08:43:41.195+0000] {subprocess.py:63} INFO - Tmp dir root location: 
 /tmp
[2023-05-11T08:43:41.198+0000] {subprocess.py:75} INFO - Running command: ['/bin/bash', '-c', ' \nscp -o StrictHostKeyChecking=No -i /opt/***/dags/ssh_keys/3-mar-2023-N.Virginia.pem /opt/***/dags/dbbackup.sh ubuntu@107.23.137.161:/home/ubuntu']
[2023-05-11T08:43:41.235+0000] {subprocess.py:86} INFO - Output:
[2023-05-11T08:59:46.804+0000] {local_task_job_runner.py:292} WARNING - DagRun timed out after 0:16:08.616087.
[2023-05-11T08:59:51.924+0000] {local_task_job_runner.py:292} WARNING - DagRun timed out after 0:16:13.735574.
[2023-05-11T08:59:51.934+0000] {local_task_job_runner.py:299} WARNING - State of this instance has been externally set to skipped. Terminating instance.
[2023-05-11T08:59:51.951+0000] {process_utils.py:135} INFO - Sending Signals.SIGTERM to group 3614. PIDs of all processes in the group: [3617, 3620, 3614]
[2023-05-11T08:59:51.954+0000] {process_utils.py:86} INFO - Sending the signal Signals.SIGTERM to group 3614
[2023-05-11T08:59:51.966+0000] {taskinstance.py:1540} ERROR - Received SIGTERM. Terminating subprocesses.
[2023-05-11T08:59:51.984+0000] {subprocess.py:104} INFO - Sending SIGTERM signal to process group
[2023-05-11T08:59:52.013+0000] {process_utils.py:79} INFO - Process psutil.Process(pid=3620, status='terminated', started='08:43:41') (3620) terminated with exit code None
[2023-05-11T08:59:52.339+0000] {process_utils.py:79} INFO - Process psutil.Process(pid=3617, status='terminated', started='08:43:41') (3617) terminated with exit code None
[2023-05-11T08:59:52.344+0000] {process_utils.py:79} INFO - Process psutil.Process(pid=3614, status='terminated', exitcode=0, started='08:43:40') (3614) terminated with exit code 0
